        -:    0:Source:D:/mingw64/lib/gcc/x86_64-w64-mingw32/14.2.0/include/c++/bits/hashtable.h
        -:    0:Graph:test_shortestPath-lab1.gcno
        -:    0:Data:test_shortestPath-lab1.gcda
        -:    0:Runs:7
        -:    1:// hashtable.h header -*- C++ -*-
        -:    2:
        -:    3:// Copyright (C) 2007-2024 Free Software Foundation, Inc.
        -:    4://
        -:    5:// This file is part of the GNU ISO C++ Library.  This library is free
        -:    6:// software; you can redistribute it and/or modify it under the
        -:    7:// terms of the GNU General Public License as published by the
        -:    8:// Free Software Foundation; either version 3, or (at your option)
        -:    9:// any later version.
        -:   10:
        -:   11:// This library is distributed in the hope that it will be useful,
        -:   12:// but WITHOUT ANY WARRANTY; without even the implied warranty of
        -:   13:// MERCHANTABILITY or FITNESS FOR A PARTICULAR PURPOSE.  See the
        -:   14:// GNU General Public License for more details.
        -:   15:
        -:   16:// Under Section 7 of GPL version 3, you are granted additional
        -:   17:// permissions described in the GCC Runtime Library Exception, version
        -:   18:// 3.1, as published by the Free Software Foundation.
        -:   19:
        -:   20:// You should have received a copy of the GNU General Public License and
        -:   21:// a copy of the GCC Runtime Library Exception along with this program;
        -:   22:// see the files COPYING3 and COPYING.RUNTIME respectively.  If not, see
        -:   23:// <http://www.gnu.org/licenses/>.
        -:   24:
        -:   25:/** @file bits/hashtable.h
        -:   26: *  This is an internal header file, included by other library headers.
        -:   27: *  Do not attempt to use it directly. @headername{unordered_map, unordered_set}
        -:   28: */
        -:   29:
        -:   30:#ifndef _HASHTABLE_H
        -:   31:#define _HASHTABLE_H 1
        -:   32:
        -:   33:#pragma GCC system_header
        -:   34:
        -:   35:#include <bits/hashtable_policy.h>
        -:   36:#include <bits/enable_special_members.h>
        -:   37:#include <bits/stl_function.h> // __has_is_transparent_t
        -:   38:#if __cplusplus > 201402L
        -:   39:# include <bits/node_handle.h>
        -:   40:#endif
        -:   41:
        -:   42:namespace std _GLIBCXX_VISIBILITY(default)
        -:   43:{
        -:   44:_GLIBCXX_BEGIN_NAMESPACE_VERSION
        -:   45:/// @cond undocumented
        -:   46:
        -:   47:  template<typename _Tp, typename _Hash>
        -:   48:    using __cache_default
        -:   49:      =  __not_<__and_<// Do not cache for fast hasher.
        -:   50:		       __is_fast_hash<_Hash>,
        -:   51:		       // Mandatory to have erase not throwing.
        -:   52:		       __is_nothrow_invocable<const _Hash&, const _Tp&>>>;
        -:   53:
        -:   54:  // Helper to conditionally delete the default constructor.
        -:   55:  // The _Hash_node_base type is used to distinguish this specialization
        -:   56:  // from any other potentially-overlapping subobjects of the hashtable.
        -:   57:  template<typename _Equal, typename _Hash, typename _Allocator>
        -:   58:    using _Hashtable_enable_default_ctor
        -:   59:      = _Enable_default_constructor<__and_<is_default_constructible<_Equal>,
        -:   60:				       is_default_constructible<_Hash>,
        -:   61:				       is_default_constructible<_Allocator>>{},
        -:   62:				    __detail::_Hash_node_base>;
        -:   63:
        -:   64:  /**
        -:   65:   *  Primary class template _Hashtable.
        -:   66:   *
        -:   67:   *  @ingroup hashtable-detail
        -:   68:   *
        -:   69:   *  @tparam _Value  CopyConstructible type.
        -:   70:   *
        -:   71:   *  @tparam _Key    CopyConstructible type.
        -:   72:   *
        -:   73:   *  @tparam _Alloc  An allocator type
        -:   74:   *  ([lib.allocator.requirements]) whose _Alloc::value_type is
        -:   75:   *  _Value.  As a conforming extension, we allow for
        -:   76:   *  _Alloc::value_type != _Value.
        -:   77:   *
        -:   78:   *  @tparam _ExtractKey  Function object that takes an object of type
        -:   79:   *  _Value and returns a value of type _Key.
        -:   80:   *
        -:   81:   *  @tparam _Equal  Function object that takes two objects of type k
        -:   82:   *  and returns a bool-like value that is true if the two objects
        -:   83:   *  are considered equal.
        -:   84:   *
        -:   85:   *  @tparam _Hash  The hash function. A unary function object with
        -:   86:   *  argument type _Key and result type size_t. Return values should
        -:   87:   *  be distributed over the entire range [0, numeric_limits<size_t>:::max()].
        -:   88:   *
        -:   89:   *  @tparam _RangeHash  The range-hashing function (in the terminology of
        -:   90:   *  Tavori and Dreizin).  A binary function object whose argument
        -:   91:   *  types and result type are all size_t.  Given arguments r and N,
        -:   92:   *  the return value is in the range [0, N).
        -:   93:   *
        -:   94:   *  @tparam _Unused  Not used.
        -:   95:   *
        -:   96:   *  @tparam _RehashPolicy  Policy class with three members, all of
        -:   97:   *  which govern the bucket count. _M_next_bkt(n) returns a bucket
        -:   98:   *  count no smaller than n.  _M_bkt_for_elements(n) returns a
        -:   99:   *  bucket count appropriate for an element count of n.
        -:  100:   *  _M_need_rehash(n_bkt, n_elt, n_ins) determines whether, if the
        -:  101:   *  current bucket count is n_bkt and the current element count is
        -:  102:   *  n_elt, we need to increase the bucket count for n_ins insertions.
        -:  103:   *  If so, returns make_pair(true, n), where n is the new bucket count. If
        -:  104:   *  not, returns make_pair(false, <anything>)
        -:  105:   *
        -:  106:   *  @tparam _Traits  Compile-time class with three boolean
        -:  107:   *  std::integral_constant members:  __cache_hash_code, __constant_iterators,
        -:  108:   *   __unique_keys.
        -:  109:   *
        -:  110:   *  Each _Hashtable data structure has:
        -:  111:   *
        -:  112:   *  - _Bucket[]       _M_buckets
        -:  113:   *  - _Hash_node_base _M_before_begin
        -:  114:   *  - size_type       _M_bucket_count
        -:  115:   *  - size_type       _M_element_count
        -:  116:   *
        -:  117:   *  with _Bucket being _Hash_node_base* and _Hash_node containing:
        -:  118:   *
        -:  119:   *  - _Hash_node*   _M_next
        -:  120:   *  - Tp            _M_value
        -:  121:   *  - size_t        _M_hash_code if cache_hash_code is true
        -:  122:   *
        -:  123:   *  In terms of Standard containers the hashtable is like the aggregation of:
        -:  124:   *
        -:  125:   *  - std::forward_list<_Node> containing the elements
        -:  126:   *  - std::vector<std::forward_list<_Node>::iterator> representing the buckets
        -:  127:   *
        -:  128:   *  The non-empty buckets contain the node before the first node in the
        -:  129:   *  bucket. This design makes it possible to implement something like a
        -:  130:   *  std::forward_list::insert_after on container insertion and
        -:  131:   *  std::forward_list::erase_after on container erase
        -:  132:   *  calls. _M_before_begin is equivalent to
        -:  133:   *  std::forward_list::before_begin. Empty buckets contain
        -:  134:   *  nullptr.  Note that one of the non-empty buckets contains
        -:  135:   *  &_M_before_begin which is not a dereferenceable node so the
        -:  136:   *  node pointer in a bucket shall never be dereferenced, only its
        -:  137:   *  next node can be.
        -:  138:   *
        -:  139:   *  Walking through a bucket's nodes requires a check on the hash code to
        -:  140:   *  see if each node is still in the bucket. Such a design assumes a
        -:  141:   *  quite efficient hash functor and is one of the reasons it is
        -:  142:   *  highly advisable to set __cache_hash_code to true.
        -:  143:   *
        -:  144:   *  The container iterators are simply built from nodes. This way
        -:  145:   *  incrementing the iterator is perfectly efficient independent of
        -:  146:   *  how many empty buckets there are in the container.
        -:  147:   *
        -:  148:   *  On insert we compute the element's hash code and use it to find the
        -:  149:   *  bucket index. If the element must be inserted in an empty bucket
        -:  150:   *  we add it at the beginning of the singly linked list and make the
        -:  151:   *  bucket point to _M_before_begin. The bucket that used to point to
        -:  152:   *  _M_before_begin, if any, is updated to point to its new before
        -:  153:   *  begin node.
        -:  154:   *
        -:  155:   *  Note that all equivalent values, if any, are next to each other, if
        -:  156:   *  we find a non-equivalent value after an equivalent one it means that
        -:  157:   *  we won't find any new equivalent value.
        -:  158:   *
        -:  159:   *  On erase, the simple iterator design requires using the hash
        -:  160:   *  functor to get the index of the bucket to update. For this
        -:  161:   *  reason, when __cache_hash_code is set to false the hash functor must
        -:  162:   *  not throw and this is enforced by a static assertion.
        -:  163:   *
        -:  164:   *  Functionality is implemented by decomposition into base classes,
        -:  165:   *  where the derived _Hashtable class is used in _Map_base,
        -:  166:   *  _Insert, _Rehash_base, and _Equality base classes to access the
        -:  167:   *  "this" pointer. _Hashtable_base is used in the base classes as a
        -:  168:   *  non-recursive, fully-completed-type so that detailed nested type
        -:  169:   *  information, such as iterator type and node type, can be
        -:  170:   *  used. This is similar to the "Curiously Recurring Template
        -:  171:   *  Pattern" (CRTP) technique, but uses a reconstructed, not
        -:  172:   *  explicitly passed, template pattern.
        -:  173:   *
        -:  174:   *  Base class templates are: 
        -:  175:   *    - __detail::_Hashtable_base
        -:  176:   *    - __detail::_Map_base
        -:  177:   *    - __detail::_Insert
        -:  178:   *    - __detail::_Rehash_base
        -:  179:   *    - __detail::_Equality
        -:  180:   */
        -:  181:  template<typename _Key, typename _Value, typename _Alloc,
        -:  182:	   typename _ExtractKey, typename _Equal,
        -:  183:	   typename _Hash, typename _RangeHash, typename _Unused,
        -:  184:	   typename _RehashPolicy, typename _Traits>
        -:  185:    class _Hashtable
        -:  186:    : public __detail::_Hashtable_base<_Key, _Value, _ExtractKey, _Equal,
        -:  187:				       _Hash, _RangeHash, _Unused, _Traits>,
        -:  188:      public __detail::_Map_base<_Key, _Value, _Alloc, _ExtractKey, _Equal,
        -:  189:				 _Hash, _RangeHash, _Unused,
        -:  190:				 _RehashPolicy, _Traits>,
        -:  191:      public __detail::_Insert<_Key, _Value, _Alloc, _ExtractKey, _Equal,
        -:  192:			       _Hash, _RangeHash, _Unused,
        -:  193:			       _RehashPolicy, _Traits>,
        -:  194:      public __detail::_Rehash_base<_Key, _Value, _Alloc, _ExtractKey, _Equal,
        -:  195:				    _Hash, _RangeHash, _Unused,
        -:  196:				    _RehashPolicy, _Traits>,
        -:  197:      public __detail::_Equality<_Key, _Value, _Alloc, _ExtractKey, _Equal,
        -:  198:				 _Hash, _RangeHash, _Unused,
        -:  199:				 _RehashPolicy, _Traits>,
        -:  200:      private __detail::_Hashtable_alloc<
        -:  201:	__alloc_rebind<_Alloc,
        -:  202:		       __detail::_Hash_node<_Value,
        -:  203:					    _Traits::__hash_cached::value>>>,
        -:  204:      private _Hashtable_enable_default_ctor<_Equal, _Hash, _Alloc>
        -:  205:    {
        -:  206:      static_assert(is_same<typename remove_cv<_Value>::type, _Value>::value,
        -:  207:	  "unordered container must have a non-const, non-volatile value_type");
        -:  208:#if __cplusplus > 201703L || defined __STRICT_ANSI__
        -:  209:      static_assert(is_same<typename _Alloc::value_type, _Value>{},
        -:  210:	  "unordered container must have the same value_type as its allocator");
        -:  211:#endif
        -:  212:
        -:  213:      using __traits_type = _Traits;
        -:  214:      using __hash_cached = typename __traits_type::__hash_cached;
        -:  215:      using __constant_iterators = typename __traits_type::__constant_iterators;
        -:  216:      using __node_type = __detail::_Hash_node<_Value, __hash_cached::value>;
        -:  217:      using __node_alloc_type = __alloc_rebind<_Alloc, __node_type>;
        -:  218:
        -:  219:      using __hashtable_alloc = __detail::_Hashtable_alloc<__node_alloc_type>;
        -:  220:
        -:  221:      using __node_value_type =
        -:  222:	__detail::_Hash_node_value<_Value, __hash_cached::value>;
        -:  223:      using __node_ptr = typename __hashtable_alloc::__node_ptr;
        -:  224:      using __value_alloc_traits =
        -:  225:	typename __hashtable_alloc::__value_alloc_traits;
        -:  226:      using __node_alloc_traits =
        -:  227:	typename __hashtable_alloc::__node_alloc_traits;
        -:  228:      using __node_base = typename __hashtable_alloc::__node_base;
        -:  229:      using __node_base_ptr = typename __hashtable_alloc::__node_base_ptr;
        -:  230:      using __buckets_ptr = typename __hashtable_alloc::__buckets_ptr;
        -:  231:
        -:  232:      using __insert_base = __detail::_Insert<_Key, _Value, _Alloc, _ExtractKey,
        -:  233:					      _Equal, _Hash,
        -:  234:					      _RangeHash, _Unused,
        -:  235:					      _RehashPolicy, _Traits>;
        -:  236:      using __enable_default_ctor
        -:  237:	= _Hashtable_enable_default_ctor<_Equal, _Hash, _Alloc>;
        -:  238:      using __rehash_guard_t
        -:  239:	= __detail::_RehashStateGuard<_RehashPolicy>;
        -:  240:
        -:  241:    public:
        -:  242:      typedef _Key						key_type;
        -:  243:      typedef _Value						value_type;
        -:  244:      typedef _Alloc						allocator_type;
        -:  245:      typedef _Equal						key_equal;
        -:  246:
        -:  247:      // mapped_type, if present, comes from _Map_base.
        -:  248:      // hasher, if present, comes from _Hash_code_base/_Hashtable_base.
        -:  249:      typedef typename __value_alloc_traits::pointer		pointer;
        -:  250:      typedef typename __value_alloc_traits::const_pointer	const_pointer;
        -:  251:      typedef value_type&					reference;
        -:  252:      typedef const value_type&					const_reference;
        -:  253:
        -:  254:      using iterator = typename __insert_base::iterator;
        -:  255:
        -:  256:      using const_iterator = typename __insert_base::const_iterator;
        -:  257:
        -:  258:      using local_iterator = __detail::_Local_iterator<key_type, _Value,
        -:  259:			_ExtractKey, _Hash, _RangeHash, _Unused,
        -:  260:					     __constant_iterators::value,
        -:  261:					     __hash_cached::value>;
        -:  262:
        -:  263:      using const_local_iterator = __detail::_Local_const_iterator<
        -:  264:			key_type, _Value,
        -:  265:			_ExtractKey, _Hash, _RangeHash, _Unused,
        -:  266:			__constant_iterators::value, __hash_cached::value>;
        -:  267:
        -:  268:    private:
        -:  269:      using __rehash_type = _RehashPolicy;
        -:  270:
        -:  271:      using __unique_keys = typename __traits_type::__unique_keys;
        -:  272:
        -:  273:      using __hashtable_base = __detail::
        -:  274:	_Hashtable_base<_Key, _Value, _ExtractKey,
        -:  275:			_Equal, _Hash, _RangeHash, _Unused, _Traits>;
        -:  276:
        -:  277:      using __hash_code_base =  typename __hashtable_base::__hash_code_base;
        -:  278:      using __hash_code =  typename __hashtable_base::__hash_code;
        -:  279:      using __ireturn_type = typename __insert_base::__ireturn_type;
        -:  280:
        -:  281:      using __map_base = __detail::_Map_base<_Key, _Value, _Alloc, _ExtractKey,
        -:  282:					     _Equal, _Hash, _RangeHash, _Unused,
        -:  283:					     _RehashPolicy, _Traits>;
        -:  284:
        -:  285:      using __rehash_base = __detail::_Rehash_base<_Key, _Value, _Alloc,
        -:  286:						   _ExtractKey, _Equal,
        -:  287:						   _Hash, _RangeHash, _Unused,
        -:  288:						   _RehashPolicy, _Traits>;
        -:  289:
        -:  290:      using __eq_base = __detail::_Equality<_Key, _Value, _Alloc, _ExtractKey,
        -:  291:					    _Equal, _Hash, _RangeHash, _Unused,
        -:  292:					    _RehashPolicy, _Traits>;
        -:  293:
        -:  294:      using __reuse_or_alloc_node_gen_t =
        -:  295:	__detail::_ReuseOrAllocNode<__node_alloc_type>;
        -:  296:      using __alloc_node_gen_t =
        -:  297:	__detail::_AllocNode<__node_alloc_type>;
        -:  298:      using __node_builder_t =
        -:  299:	__detail::_NodeBuilder<_ExtractKey>;
        -:  300:
        -:  301:      // Simple RAII type for managing a node containing an element
        -:  302:      struct _Scoped_node
        -:  303:      {
        -:  304:	// Take ownership of a node with a constructed element.
      125:  305:	_Scoped_node(__node_ptr __n, __hashtable_alloc* __h)
      125:  306:	: _M_h(__h), _M_node(__n) { }
        -:  307:
        -:  308:	// Allocate a node and construct an element within it.
        -:  309:	template<typename... _Args>
     452*:  310:	  _Scoped_node(__hashtable_alloc* __h, _Args&&... __args)
     452*:  311:	  : _M_h(__h),
     452*:  312:	    _M_node(__h->_M_allocate_node(std::forward<_Args>(__args)...))
     452*:  313:	  { }
------------------
_ZNSt10_HashtableINSt7__cxx1112basic_stringIcSt11char_traitsIcESaIcEEESt4pairIKS5_dESaIS8_ENSt8__detail10_Select1stESt8equal_toIS5_ESt4hashIS5_ENSA_18_Mod_range_hashingENSA_20_Default_ranged_hashENSA_20_Prime_rehash_policyENSA_17_Hashtable_traitsILb1ELb0ELb1EEEE12_Scoped_nodeC1IJRKSt21piecewise_construct_tSt5tupleIJRS7_EESR_IJEEEEEPNSA_16_Hashtable_allocISaINSA_10_Hash_nodeIS8_Lb1EEEEEEDpOT_:
    #####:  310:	  _Scoped_node(__hashtable_alloc* __h, _Args&&... __args)
    #####:  311:	  : _M_h(__h),
    #####:  312:	    _M_node(__h->_M_allocate_node(std::forward<_Args>(__args)...))
    #####:  313:	  { }
------------------
_ZNSt10_HashtableINSt7__cxx1112basic_stringIcSt11char_traitsIcESaIcEEESt4pairIKS5_S5_ESaIS8_ENSt8__detail10_Select1stESt8equal_toIS5_ESt4hashIS5_ENSA_18_Mod_range_hashingENSA_20_Default_ranged_hashENSA_20_Prime_rehash_policyENSA_17_Hashtable_traitsILb1ELb0ELb1EEEE12_Scoped_nodeC1IJRKSt21piecewise_construct_tSt5tupleIJRS7_EESR_IJEEEEEPNSA_16_Hashtable_allocISaINSA_10_Hash_nodeIS8_Lb1EEEEEEDpOT_:
       49:  310:	  _Scoped_node(__hashtable_alloc* __h, _Args&&... __args)
       49:  311:	  : _M_h(__h),
       49:  312:	    _M_node(__h->_M_allocate_node(std::forward<_Args>(__args)...))
       49:  313:	  { }
------------------
_ZNSt10_HashtableINSt7__cxx1112basic_stringIcSt11char_traitsIcESaIcEEESt4pairIKS5_St6vectorIS5_SaIS5_EEESaISB_ENSt8__detail10_Select1stESt8equal_toIS5_ESt4hashIS5_ENSD_18_Mod_range_hashingENSD_20_Default_ranged_hashENSD_20_Prime_rehash_policyENSD_17_Hashtable_traitsILb1ELb0ELb1EEEE12_Scoped_nodeC1IJRKSt21piecewise_construct_tSt5tupleIJRS7_EESU_IJEEEEEPNSD_16_Hashtable_allocISaINSD_10_Hash_nodeISB_Lb1EEEEEEDpOT_:
       95:  310:	  _Scoped_node(__hashtable_alloc* __h, _Args&&... __args)
       95:  311:	  : _M_h(__h),
       95:  312:	    _M_node(__h->_M_allocate_node(std::forward<_Args>(__args)...))
       95:  313:	  { }
------------------
_ZNSt10_HashtableINSt7__cxx1112basic_stringIcSt11char_traitsIcESaIcEEESt4pairIKS5_iESaIS8_ENSt8__detail10_Select1stESt8equal_toIS5_ESt4hashIS5_ENSA_18_Mod_range_hashingENSA_20_Default_ranged_hashENSA_20_Prime_rehash_policyENSA_17_Hashtable_traitsILb1ELb0ELb1EEEE12_Scoped_nodeC1IJRKSt21piecewise_construct_tSt5tupleIJRS7_EESR_IJEEEEEPNSA_16_Hashtable_allocISaINSA_10_Hash_nodeIS8_Lb1EEEEEEDpOT_:
      220:  310:	  _Scoped_node(__hashtable_alloc* __h, _Args&&... __args)
      220:  311:	  : _M_h(__h),
      220:  312:	    _M_node(__h->_M_allocate_node(std::forward<_Args>(__args)...))
      220:  313:	  { }
------------------
_ZNSt10_HashtableINSt7__cxx1112basic_stringIcSt11char_traitsIcESaIcEEESt4pairIKS5_St13unordered_mapIS5_iSt4hashIS5_ESt8equal_toIS5_ESaIS6_IS7_iEEEESaISG_ENSt8__detail10_Select1stESC_SA_NSI_18_Mod_range_hashingENSI_20_Default_ranged_hashENSI_20_Prime_rehash_policyENSI_17_Hashtable_traitsILb1ELb0ELb1EEEE12_Scoped_nodeC1IJRKSt21piecewise_construct_tSt5tupleIJRS7_EESV_IJEEEEEPNSI_16_Hashtable_allocISaINSI_10_Hash_nodeISG_Lb1EEEEEEDpOT_:
       88:  310:	  _Scoped_node(__hashtable_alloc* __h, _Args&&... __args)
       88:  311:	  : _M_h(__h),
       88:  312:	    _M_node(__h->_M_allocate_node(std::forward<_Args>(__args)...))
       88:  313:	  { }
------------------
        -:  314:
        -:  315:	// Destroy element and deallocate node.
     577*:  316:	~_Scoped_node() { if (_M_node) _M_h->_M_deallocate_node(_M_node); };
------------------
_ZNSt10_HashtableINSt7__cxx1112basic_stringIcSt11char_traitsIcESaIcEEES5_SaIS5_ENSt8__detail9_IdentityESt8equal_toIS5_ESt4hashIS5_ENS7_18_Mod_range_hashingENS7_20_Default_ranged_hashENS7_20_Prime_rehash_policyENS7_17_Hashtable_traitsILb1ELb1ELb1EEEE12_Scoped_nodeD1Ev:
     125*:  316:	~_Scoped_node() { if (_M_node) _M_h->_M_deallocate_node(_M_node); };
------------------
_ZNSt10_HashtableINSt7__cxx1112basic_stringIcSt11char_traitsIcESaIcEEESt4pairIKS5_dESaIS8_ENSt8__detail10_Select1stESt8equal_toIS5_ESt4hashIS5_ENSA_18_Mod_range_hashingENSA_20_Default_ranged_hashENSA_20_Prime_rehash_policyENSA_17_Hashtable_traitsILb1ELb0ELb1EEEE12_Scoped_nodeD1Ev:
    #####:  316:	~_Scoped_node() { if (_M_node) _M_h->_M_deallocate_node(_M_node); };
------------------
_ZNSt10_HashtableINSt7__cxx1112basic_stringIcSt11char_traitsIcESaIcEEESt4pairIKS5_S5_ESaIS8_ENSt8__detail10_Select1stESt8equal_toIS5_ESt4hashIS5_ENSA_18_Mod_range_hashingENSA_20_Default_ranged_hashENSA_20_Prime_rehash_policyENSA_17_Hashtable_traitsILb1ELb0ELb1EEEE12_Scoped_nodeD1Ev:
      49*:  316:	~_Scoped_node() { if (_M_node) _M_h->_M_deallocate_node(_M_node); };
------------------
_ZNSt10_HashtableINSt7__cxx1112basic_stringIcSt11char_traitsIcESaIcEEESt4pairIKS5_St6vectorIS5_SaIS5_EEESaISB_ENSt8__detail10_Select1stESt8equal_toIS5_ESt4hashIS5_ENSD_18_Mod_range_hashingENSD_20_Default_ranged_hashENSD_20_Prime_rehash_policyENSD_17_Hashtable_traitsILb1ELb0ELb1EEEE12_Scoped_nodeD1Ev:
      95*:  316:	~_Scoped_node() { if (_M_node) _M_h->_M_deallocate_node(_M_node); };
------------------
_ZNSt10_HashtableINSt7__cxx1112basic_stringIcSt11char_traitsIcESaIcEEESt4pairIKS5_iESaIS8_ENSt8__detail10_Select1stESt8equal_toIS5_ESt4hashIS5_ENSA_18_Mod_range_hashingENSA_20_Default_ranged_hashENSA_20_Prime_rehash_policyENSA_17_Hashtable_traitsILb1ELb0ELb1EEEE12_Scoped_nodeD1Ev:
     220*:  316:	~_Scoped_node() { if (_M_node) _M_h->_M_deallocate_node(_M_node); };
------------------
_ZNSt10_HashtableINSt7__cxx1112basic_stringIcSt11char_traitsIcESaIcEEESt4pairIKS5_St13unordered_mapIS5_iSt4hashIS5_ESt8equal_toIS5_ESaIS6_IS7_iEEEESaISG_ENSt8__detail10_Select1stESC_SA_NSI_18_Mod_range_hashingENSI_20_Default_ranged_hashENSI_20_Prime_rehash_policyENSI_17_Hashtable_traitsILb1ELb0ELb1EEEE12_Scoped_nodeD1Ev:
      88*:  316:	~_Scoped_node() { if (_M_node) _M_h->_M_deallocate_node(_M_node); };
------------------
        -:  317:
        -:  318:	_Scoped_node(const _Scoped_node&) = delete;
        -:  319:	_Scoped_node& operator=(const _Scoped_node&) = delete;
        -:  320:
        -:  321:	__hashtable_alloc* _M_h;
        -:  322:	__node_ptr _M_node;
        -:  323:      };
        -:  324:
        -:  325:      template<typename _Ht>
        -:  326:	static constexpr
        -:  327:	__conditional_t<std::is_lvalue_reference<_Ht>::value,
        -:  328:			const value_type&, value_type&&>
        -:  329:	__fwd_value_for(value_type& __val) noexcept
        -:  330:	{ return std::move(__val); }
        -:  331:
        -:  332:      // Compile-time diagnostics.
        -:  333:
        -:  334:      // _Hash_code_base has everything protected, so use this derived type to
        -:  335:      // access it.
        -:  336:      struct __hash_code_base_access : __hash_code_base
        -:  337:      { using __hash_code_base::_M_bucket_index; };
        -:  338:
        -:  339:      // To get bucket index we need _RangeHash not to throw.
        -:  340:      static_assert(is_nothrow_default_constructible<_RangeHash>::value,
        -:  341:		    "Functor used to map hash code to bucket index"
        -:  342:		    " must be nothrow default constructible");
        -:  343:      static_assert(noexcept(
        -:  344:	std::declval<const _RangeHash&>()((std::size_t)0, (std::size_t)0)),
        -:  345:		    "Functor used to map hash code to bucket index must be"
        -:  346:		    " noexcept");
        -:  347:
        -:  348:      // To compute bucket index we also need _ExtratKey not to throw.
        -:  349:      static_assert(is_nothrow_default_constructible<_ExtractKey>::value,
        -:  350:		    "_ExtractKey must be nothrow default constructible");
        -:  351:      static_assert(noexcept(
        -:  352:	std::declval<const _ExtractKey&>()(std::declval<_Value>())),
        -:  353:		    "_ExtractKey functor must be noexcept invocable");
        -:  354:
        -:  355:      template<typename _Keya, typename _Valuea, typename _Alloca,
        -:  356:	       typename _ExtractKeya, typename _Equala,
        -:  357:	       typename _Hasha, typename _RangeHasha, typename _Unuseda,
        -:  358:	       typename _RehashPolicya, typename _Traitsa,
        -:  359:	       bool _Unique_keysa>
        -:  360:	friend struct __detail::_Map_base;
        -:  361:
        -:  362:      template<typename _Keya, typename _Valuea, typename _Alloca,
        -:  363:	       typename _ExtractKeya, typename _Equala,
        -:  364:	       typename _Hasha, typename _RangeHasha, typename _Unuseda,
        -:  365:	       typename _RehashPolicya, typename _Traitsa>
        -:  366:	friend struct __detail::_Insert_base;
        -:  367:
        -:  368:      template<typename _Keya, typename _Valuea, typename _Alloca,
        -:  369:	       typename _ExtractKeya, typename _Equala,
        -:  370:	       typename _Hasha, typename _RangeHasha, typename _Unuseda,
        -:  371:	       typename _RehashPolicya, typename _Traitsa,
        -:  372:	       bool _Constant_iteratorsa>
        -:  373:	friend struct __detail::_Insert;
        -:  374:
        -:  375:      template<typename _Keya, typename _Valuea, typename _Alloca,
        -:  376:	       typename _ExtractKeya, typename _Equala,
        -:  377:	       typename _Hasha, typename _RangeHasha, typename _Unuseda,
        -:  378:	       typename _RehashPolicya, typename _Traitsa,
        -:  379:	       bool _Unique_keysa>
        -:  380:	friend struct __detail::_Equality;
        -:  381:
        -:  382:    public:
        -:  383:      using size_type = typename __hashtable_base::size_type;
        -:  384:      using difference_type = typename __hashtable_base::difference_type;
        -:  385:
        -:  386:#if __cplusplus > 201402L
        -:  387:      using node_type = _Node_handle<_Key, _Value, __node_alloc_type>;
        -:  388:      using insert_return_type = _Node_insert_return<iterator, node_type>;
        -:  389:#endif
        -:  390:
        -:  391:    private:
        -:  392:      __buckets_ptr		_M_buckets		= &_M_single_bucket;
        -:  393:      size_type			_M_bucket_count		= 1;
        -:  394:      __node_base		_M_before_begin;
        -:  395:      size_type			_M_element_count	= 0;
        -:  396:      _RehashPolicy		_M_rehash_policy;
        -:  397:
        -:  398:      // A single bucket used when only need for 1 bucket. Especially
        -:  399:      // interesting in move semantic to leave hashtable with only 1 bucket
        -:  400:      // which is not allocated so that we can have those operations noexcept
        -:  401:      // qualified.
        -:  402:      // Note that we can't leave hashtable with 0 bucket without adding
        -:  403:      // numerous checks in the code to avoid 0 modulus.
        -:  404:      __node_base_ptr		_M_single_bucket	= nullptr;
        -:  405:
        -:  406:      void
    #####:  407:      _M_update_bbegin()
        -:  408:      {
    #####:  409:	if (auto __begin = _M_begin())
    #####:  410:	  _M_buckets[_M_bucket_index(*__begin)] = &_M_before_begin;
    #####:  411:      }
        -:  412:
        -:  413:      void
        -:  414:      _M_update_bbegin(__node_ptr __n)
        -:  415:      {
        -:  416:	_M_before_begin._M_nxt = __n;
        -:  417:	_M_update_bbegin();
        -:  418:      }
        -:  419:
        -:  420:      bool
     309*:  421:      _M_uses_single_bucket(__buckets_ptr __bkts) const
     309*:  422:      { return __builtin_expect(__bkts == &_M_single_bucket, false); }
------------------
_ZNKSt10_HashtableINSt7__cxx1112basic_stringIcSt11char_traitsIcESaIcEEESt4pairIKS5_dESaIS8_ENSt8__detail10_Select1stESt8equal_toIS5_ESt4hashIS5_ENSA_18_Mod_range_hashingENSA_20_Default_ranged_hashENSA_20_Prime_rehash_policyENSA_17_Hashtable_traitsILb1ELb0ELb1EEEE21_M_uses_single_bucketEPPNSA_15_Hash_node_baseE:
    #####:  421:      _M_uses_single_bucket(__buckets_ptr __bkts) const
    #####:  422:      { return __builtin_expect(__bkts == &_M_single_bucket, false); }
------------------
_ZNKSt10_HashtableINSt7__cxx1112basic_stringIcSt11char_traitsIcESaIcEEESt4pairIKS5_S5_ESaIS8_ENSt8__detail10_Select1stESt8equal_toIS5_ESt4hashIS5_ENSA_18_Mod_range_hashingENSA_20_Default_ranged_hashENSA_20_Prime_rehash_policyENSA_17_Hashtable_traitsILb1ELb0ELb1EEEE21_M_uses_single_bucketEPPNSA_15_Hash_node_baseE:
       58:  421:      _M_uses_single_bucket(__buckets_ptr __bkts) const
       58:  422:      { return __builtin_expect(__bkts == &_M_single_bucket, false); }
------------------
_ZNKSt10_HashtableINSt7__cxx1112basic_stringIcSt11char_traitsIcESaIcEEESt4pairIKS5_iESaIS8_ENSt8__detail10_Select1stESt8equal_toIS5_ESt4hashIS5_ENSA_18_Mod_range_hashingENSA_20_Default_ranged_hashENSA_20_Prime_rehash_policyENSA_17_Hashtable_traitsILb1ELb0ELb1EEEE21_M_uses_single_bucketEPPNSA_15_Hash_node_baseE:
      230:  421:      _M_uses_single_bucket(__buckets_ptr __bkts) const
      230:  422:      { return __builtin_expect(__bkts == &_M_single_bucket, false); }
------------------
_ZNKSt10_HashtableINSt7__cxx1112basic_stringIcSt11char_traitsIcESaIcEEES5_SaIS5_ENSt8__detail9_IdentityESt8equal_toIS5_ESt4hashIS5_ENS7_18_Mod_range_hashingENS7_20_Default_ranged_hashENS7_20_Prime_rehash_policyENS7_17_Hashtable_traitsILb1ELb1ELb1EEEE21_M_uses_single_bucketEPPNS7_15_Hash_node_baseE:
        7:  421:      _M_uses_single_bucket(__buckets_ptr __bkts) const
        7:  422:      { return __builtin_expect(__bkts == &_M_single_bucket, false); }
------------------
_ZNKSt10_HashtableINSt7__cxx1112basic_stringIcSt11char_traitsIcESaIcEEESt4pairIKS5_St6vectorIS5_SaIS5_EEESaISB_ENSt8__detail10_Select1stESt8equal_toIS5_ESt4hashIS5_ENSD_18_Mod_range_hashingENSD_20_Default_ranged_hashENSD_20_Prime_rehash_policyENSD_17_Hashtable_traitsILb1ELb0ELb1EEEE21_M_uses_single_bucketEPPNSD_15_Hash_node_baseE:
        7:  421:      _M_uses_single_bucket(__buckets_ptr __bkts) const
        7:  422:      { return __builtin_expect(__bkts == &_M_single_bucket, false); }
------------------
_ZNKSt10_HashtableINSt7__cxx1112basic_stringIcSt11char_traitsIcESaIcEEESt4pairIKS5_St13unordered_mapIS5_iSt4hashIS5_ESt8equal_toIS5_ESaIS6_IS7_iEEEESaISG_ENSt8__detail10_Select1stESC_SA_NSI_18_Mod_range_hashingENSI_20_Default_ranged_hashENSI_20_Prime_rehash_policyENSI_17_Hashtable_traitsILb1ELb0ELb1EEEE21_M_uses_single_bucketEPPNSI_15_Hash_node_baseE:
        7:  421:      _M_uses_single_bucket(__buckets_ptr __bkts) const
        7:  422:      { return __builtin_expect(__bkts == &_M_single_bucket, false); }
------------------
        -:  423:
        -:  424:      bool
    #####:  425:      _M_uses_single_bucket() const
    #####:  426:      { return _M_uses_single_bucket(_M_buckets); }
        -:  427:
        -:  428:      static constexpr size_t
     454*:  429:      __small_size_threshold() noexcept
        -:  430:      {
        -:  431:	return
     454*:  432:	  __detail::_Hashtable_hash_traits<_Hash>::__small_size_threshold();
        -:  433:      }
------------------
_ZNSt10_HashtableINSt7__cxx1112basic_stringIcSt11char_traitsIcESaIcEEESt4pairIKS5_S5_ESaIS8_ENSt8__detail10_Select1stESt8equal_toIS5_ESt4hashIS5_ENSA_18_Mod_range_hashingENSA_20_Default_ranged_hashENSA_20_Prime_rehash_policyENSA_17_Hashtable_traitsILb1ELb0ELb1EEEE22__small_size_thresholdEv:
       35:  429:      __small_size_threshold() noexcept
        -:  430:      {
        -:  431:	return
       35:  432:	  __detail::_Hashtable_hash_traits<_Hash>::__small_size_threshold();
        -:  433:      }
------------------
_ZNSt10_HashtableINSt7__cxx1112basic_stringIcSt11char_traitsIcESaIcEEESt4pairIKS5_iESaIS8_ENSt8__detail10_Select1stESt8equal_toIS5_ESt4hashIS5_ENSA_18_Mod_range_hashingENSA_20_Default_ranged_hashENSA_20_Prime_rehash_policyENSA_17_Hashtable_traitsILb1ELb0ELb1EEEE22__small_size_thresholdEv:
    #####:  429:      __small_size_threshold() noexcept
        -:  430:      {
        -:  431:	return
    #####:  432:	  __detail::_Hashtable_hash_traits<_Hash>::__small_size_threshold();
        -:  433:      }
------------------
_ZNSt10_HashtableINSt7__cxx1112basic_stringIcSt11char_traitsIcESaIcEEESt4pairIKS5_St13unordered_mapIS5_iSt4hashIS5_ESt8equal_toIS5_ESaIS6_IS7_iEEEESaISG_ENSt8__detail10_Select1stESC_SA_NSI_18_Mod_range_hashingENSI_20_Default_ranged_hashENSI_20_Prime_rehash_policyENSI_17_Hashtable_traitsILb1ELb0ELb1EEEE22__small_size_thresholdEv:
    #####:  429:      __small_size_threshold() noexcept
        -:  430:      {
        -:  431:	return
    #####:  432:	  __detail::_Hashtable_hash_traits<_Hash>::__small_size_threshold();
        -:  433:      }
------------------
_ZNSt10_HashtableINSt7__cxx1112basic_stringIcSt11char_traitsIcESaIcEEES5_SaIS5_ENSt8__detail9_IdentityESt8equal_toIS5_ESt4hashIS5_ENS7_18_Mod_range_hashingENS7_20_Default_ranged_hashENS7_20_Prime_rehash_policyENS7_17_Hashtable_traitsILb1ELb1ELb1EEEE22__small_size_thresholdEv:
      419:  429:      __small_size_threshold() noexcept
        -:  430:      {
        -:  431:	return
      419:  432:	  __detail::_Hashtable_hash_traits<_Hash>::__small_size_threshold();
        -:  433:      }
------------------
        -:  434:
        -:  435:      __hashtable_alloc&
        -:  436:      _M_base_alloc() { return *this; }
        -:  437:
        -:  438:      __buckets_ptr
     167*:  439:      _M_allocate_buckets(size_type __bkt_count)
        -:  440:      {
     167*:  441:	if (__builtin_expect(__bkt_count == 1, false))
        -:  442:	  {
    #####:  443:	    _M_single_bucket = nullptr;
    #####:  444:	    return &_M_single_bucket;
        -:  445:	  }
        -:  446:
     167*:  447:	return __hashtable_alloc::_M_allocate_buckets(__bkt_count);
        -:  448:      }
------------------
_ZNSt10_HashtableINSt7__cxx1112basic_stringIcSt11char_traitsIcESaIcEEES5_SaIS5_ENSt8__detail9_IdentityESt8equal_toIS5_ESt4hashIS5_ENS7_18_Mod_range_hashingENS7_20_Default_ranged_hashENS7_20_Prime_rehash_policyENS7_17_Hashtable_traitsILb1ELb1ELb1EEEE19_M_allocate_bucketsEy:
        7:  439:      _M_allocate_buckets(size_type __bkt_count)
        -:  440:      {
        7:  441:	if (__builtin_expect(__bkt_count == 1, false))
        -:  442:	  {
    #####:  443:	    _M_single_bucket = nullptr;
    #####:  444:	    return &_M_single_bucket;
        -:  445:	  }
        -:  446:
        7:  447:	return __hashtable_alloc::_M_allocate_buckets(__bkt_count);
        -:  448:      }
------------------
_ZNSt10_HashtableINSt7__cxx1112basic_stringIcSt11char_traitsIcESaIcEEESt4pairIKS5_dESaIS8_ENSt8__detail10_Select1stESt8equal_toIS5_ESt4hashIS5_ENSA_18_Mod_range_hashingENSA_20_Default_ranged_hashENSA_20_Prime_rehash_policyENSA_17_Hashtable_traitsILb1ELb0ELb1EEEE19_M_allocate_bucketsEy:
    #####:  439:      _M_allocate_buckets(size_type __bkt_count)
        -:  440:      {
    #####:  441:	if (__builtin_expect(__bkt_count == 1, false))
        -:  442:	  {
    #####:  443:	    _M_single_bucket = nullptr;
    #####:  444:	    return &_M_single_bucket;
        -:  445:	  }
        -:  446:
    #####:  447:	return __hashtable_alloc::_M_allocate_buckets(__bkt_count);
        -:  448:      }
------------------
_ZNSt10_HashtableINSt7__cxx1112basic_stringIcSt11char_traitsIcESaIcEEESt4pairIKS5_S5_ESaIS8_ENSt8__detail10_Select1stESt8equal_toIS5_ESt4hashIS5_ENSA_18_Mod_range_hashingENSA_20_Default_ranged_hashENSA_20_Prime_rehash_policyENSA_17_Hashtable_traitsILb1ELb0ELb1EEEE19_M_allocate_bucketsEy:
       21:  439:      _M_allocate_buckets(size_type __bkt_count)
        -:  440:      {
       21:  441:	if (__builtin_expect(__bkt_count == 1, false))
        -:  442:	  {
    #####:  443:	    _M_single_bucket = nullptr;
    #####:  444:	    return &_M_single_bucket;
        -:  445:	  }
        -:  446:
       21:  447:	return __hashtable_alloc::_M_allocate_buckets(__bkt_count);
        -:  448:      }
------------------
_ZNSt10_HashtableINSt7__cxx1112basic_stringIcSt11char_traitsIcESaIcEEESt4pairIKS5_St6vectorIS5_SaIS5_EEESaISB_ENSt8__detail10_Select1stESt8equal_toIS5_ESt4hashIS5_ENSD_18_Mod_range_hashingENSD_20_Default_ranged_hashENSD_20_Prime_rehash_policyENSD_17_Hashtable_traitsILb1ELb0ELb1EEEE19_M_allocate_bucketsEy:
        7:  439:      _M_allocate_buckets(size_type __bkt_count)
        -:  440:      {
        7:  441:	if (__builtin_expect(__bkt_count == 1, false))
        -:  442:	  {
    #####:  443:	    _M_single_bucket = nullptr;
    #####:  444:	    return &_M_single_bucket;
        -:  445:	  }
        -:  446:
        7:  447:	return __hashtable_alloc::_M_allocate_buckets(__bkt_count);
        -:  448:      }
------------------
_ZNSt10_HashtableINSt7__cxx1112basic_stringIcSt11char_traitsIcESaIcEEESt4pairIKS5_iESaIS8_ENSt8__detail10_Select1stESt8equal_toIS5_ESt4hashIS5_ENSA_18_Mod_range_hashingENSA_20_Default_ranged_hashENSA_20_Prime_rehash_policyENSA_17_Hashtable_traitsILb1ELb0ELb1EEEE19_M_allocate_bucketsEy:
      125:  439:      _M_allocate_buckets(size_type __bkt_count)
        -:  440:      {
      125:  441:	if (__builtin_expect(__bkt_count == 1, false))
        -:  442:	  {
    #####:  443:	    _M_single_bucket = nullptr;
    #####:  444:	    return &_M_single_bucket;
        -:  445:	  }
        -:  446:
      125:  447:	return __hashtable_alloc::_M_allocate_buckets(__bkt_count);
        -:  448:      }
------------------
_ZNSt10_HashtableINSt7__cxx1112basic_stringIcSt11char_traitsIcESaIcEEESt4pairIKS5_St13unordered_mapIS5_iSt4hashIS5_ESt8equal_toIS5_ESaIS6_IS7_iEEEESaISG_ENSt8__detail10_Select1stESC_SA_NSI_18_Mod_range_hashingENSI_20_Default_ranged_hashENSI_20_Prime_rehash_policyENSI_17_Hashtable_traitsILb1ELb0ELb1EEEE19_M_allocate_bucketsEy:
        7:  439:      _M_allocate_buckets(size_type __bkt_count)
        -:  440:      {
        7:  441:	if (__builtin_expect(__bkt_count == 1, false))
        -:  442:	  {
    #####:  443:	    _M_single_bucket = nullptr;
    #####:  444:	    return &_M_single_bucket;
        -:  445:	  }
        -:  446:
        7:  447:	return __hashtable_alloc::_M_allocate_buckets(__bkt_count);
        -:  448:      }
------------------
        -:  449:
        -:  450:      void
     309*:  451:      _M_deallocate_buckets(__buckets_ptr __bkts, size_type __bkt_count)
        -:  452:      {
     309*:  453:	if (_M_uses_single_bucket(__bkts))
     183*:  454:	  return;
        -:  455:
     126*:  456:	__hashtable_alloc::_M_deallocate_buckets(__bkts, __bkt_count);
        -:  457:      }
------------------
_ZNSt10_HashtableINSt7__cxx1112basic_stringIcSt11char_traitsIcESaIcEEESt4pairIKS5_dESaIS8_ENSt8__detail10_Select1stESt8equal_toIS5_ESt4hashIS5_ENSA_18_Mod_range_hashingENSA_20_Default_ranged_hashENSA_20_Prime_rehash_policyENSA_17_Hashtable_traitsILb1ELb0ELb1EEEE21_M_deallocate_bucketsEPPNSA_15_Hash_node_baseEy:
    #####:  451:      _M_deallocate_buckets(__buckets_ptr __bkts, size_type __bkt_count)
        -:  452:      {
    #####:  453:	if (_M_uses_single_bucket(__bkts))
    #####:  454:	  return;
        -:  455:
    #####:  456:	__hashtable_alloc::_M_deallocate_buckets(__bkts, __bkt_count);
        -:  457:      }
------------------
_ZNSt10_HashtableINSt7__cxx1112basic_stringIcSt11char_traitsIcESaIcEEESt4pairIKS5_S5_ESaIS8_ENSt8__detail10_Select1stESt8equal_toIS5_ESt4hashIS5_ENSA_18_Mod_range_hashingENSA_20_Default_ranged_hashENSA_20_Prime_rehash_policyENSA_17_Hashtable_traitsILb1ELb0ELb1EEEE21_M_deallocate_bucketsEPPNSA_15_Hash_node_baseEy:
       58:  451:      _M_deallocate_buckets(__buckets_ptr __bkts, size_type __bkt_count)
        -:  452:      {
       58:  453:	if (_M_uses_single_bucket(__bkts))
       37:  454:	  return;
        -:  455:
       21:  456:	__hashtable_alloc::_M_deallocate_buckets(__bkts, __bkt_count);
        -:  457:      }
------------------
_ZNSt10_HashtableINSt7__cxx1112basic_stringIcSt11char_traitsIcESaIcEEESt4pairIKS5_iESaIS8_ENSt8__detail10_Select1stESt8equal_toIS5_ESt4hashIS5_ENSA_18_Mod_range_hashingENSA_20_Default_ranged_hashENSA_20_Prime_rehash_policyENSA_17_Hashtable_traitsILb1ELb0ELb1EEEE21_M_deallocate_bucketsEPPNSA_15_Hash_node_baseEy:
      230:  451:      _M_deallocate_buckets(__buckets_ptr __bkts, size_type __bkt_count)
        -:  452:      {
      230:  453:	if (_M_uses_single_bucket(__bkts))
      125:  454:	  return;
        -:  455:
      105:  456:	__hashtable_alloc::_M_deallocate_buckets(__bkts, __bkt_count);
        -:  457:      }
------------------
_ZNSt10_HashtableINSt7__cxx1112basic_stringIcSt11char_traitsIcESaIcEEES5_SaIS5_ENSt8__detail9_IdentityESt8equal_toIS5_ESt4hashIS5_ENS7_18_Mod_range_hashingENS7_20_Default_ranged_hashENS7_20_Prime_rehash_policyENS7_17_Hashtable_traitsILb1ELb1ELb1EEEE21_M_deallocate_bucketsEPPNS7_15_Hash_node_baseEy:
        7:  451:      _M_deallocate_buckets(__buckets_ptr __bkts, size_type __bkt_count)
        -:  452:      {
        7:  453:	if (_M_uses_single_bucket(__bkts))
        7:  454:	  return;
        -:  455:
    #####:  456:	__hashtable_alloc::_M_deallocate_buckets(__bkts, __bkt_count);
        -:  457:      }
------------------
_ZNSt10_HashtableINSt7__cxx1112basic_stringIcSt11char_traitsIcESaIcEEESt4pairIKS5_St6vectorIS5_SaIS5_EEESaISB_ENSt8__detail10_Select1stESt8equal_toIS5_ESt4hashIS5_ENSD_18_Mod_range_hashingENSD_20_Default_ranged_hashENSD_20_Prime_rehash_policyENSD_17_Hashtable_traitsILb1ELb0ELb1EEEE21_M_deallocate_bucketsEPPNSD_15_Hash_node_baseEy:
        7:  451:      _M_deallocate_buckets(__buckets_ptr __bkts, size_type __bkt_count)
        -:  452:      {
        7:  453:	if (_M_uses_single_bucket(__bkts))
        7:  454:	  return;
        -:  455:
    #####:  456:	__hashtable_alloc::_M_deallocate_buckets(__bkts, __bkt_count);
        -:  457:      }
------------------
_ZNSt10_HashtableINSt7__cxx1112basic_stringIcSt11char_traitsIcESaIcEEESt4pairIKS5_St13unordered_mapIS5_iSt4hashIS5_ESt8equal_toIS5_ESaIS6_IS7_iEEEESaISG_ENSt8__detail10_Select1stESC_SA_NSI_18_Mod_range_hashingENSI_20_Default_ranged_hashENSI_20_Prime_rehash_policyENSI_17_Hashtable_traitsILb1ELb0ELb1EEEE21_M_deallocate_bucketsEPPNSI_15_Hash_node_baseEy:
        7:  451:      _M_deallocate_buckets(__buckets_ptr __bkts, size_type __bkt_count)
        -:  452:      {
        7:  453:	if (_M_uses_single_bucket(__bkts))
        7:  454:	  return;
        -:  455:
    #####:  456:	__hashtable_alloc::_M_deallocate_buckets(__bkts, __bkt_count);
        -:  457:      }
------------------
        -:  458:
        -:  459:      void
     309*:  460:      _M_deallocate_buckets()
     309*:  461:      { _M_deallocate_buckets(_M_buckets, _M_bucket_count); }
------------------
_ZNSt10_HashtableINSt7__cxx1112basic_stringIcSt11char_traitsIcESaIcEEESt4pairIKS5_dESaIS8_ENSt8__detail10_Select1stESt8equal_toIS5_ESt4hashIS5_ENSA_18_Mod_range_hashingENSA_20_Default_ranged_hashENSA_20_Prime_rehash_policyENSA_17_Hashtable_traitsILb1ELb0ELb1EEEE21_M_deallocate_bucketsEv:
    #####:  460:      _M_deallocate_buckets()
    #####:  461:      { _M_deallocate_buckets(_M_buckets, _M_bucket_count); }
------------------
_ZNSt10_HashtableINSt7__cxx1112basic_stringIcSt11char_traitsIcESaIcEEESt4pairIKS5_S5_ESaIS8_ENSt8__detail10_Select1stESt8equal_toIS5_ESt4hashIS5_ENSA_18_Mod_range_hashingENSA_20_Default_ranged_hashENSA_20_Prime_rehash_policyENSA_17_Hashtable_traitsILb1ELb0ELb1EEEE21_M_deallocate_bucketsEv:
       58:  460:      _M_deallocate_buckets()
       58:  461:      { _M_deallocate_buckets(_M_buckets, _M_bucket_count); }
------------------
_ZNSt10_HashtableINSt7__cxx1112basic_stringIcSt11char_traitsIcESaIcEEESt4pairIKS5_iESaIS8_ENSt8__detail10_Select1stESt8equal_toIS5_ESt4hashIS5_ENSA_18_Mod_range_hashingENSA_20_Default_ranged_hashENSA_20_Prime_rehash_policyENSA_17_Hashtable_traitsILb1ELb0ELb1EEEE21_M_deallocate_bucketsEv:
      230:  460:      _M_deallocate_buckets()
      230:  461:      { _M_deallocate_buckets(_M_buckets, _M_bucket_count); }
------------------
_ZNSt10_HashtableINSt7__cxx1112basic_stringIcSt11char_traitsIcESaIcEEES5_SaIS5_ENSt8__detail9_IdentityESt8equal_toIS5_ESt4hashIS5_ENS7_18_Mod_range_hashingENS7_20_Default_ranged_hashENS7_20_Prime_rehash_policyENS7_17_Hashtable_traitsILb1ELb1ELb1EEEE21_M_deallocate_bucketsEv:
        7:  460:      _M_deallocate_buckets()
        7:  461:      { _M_deallocate_buckets(_M_buckets, _M_bucket_count); }
------------------
_ZNSt10_HashtableINSt7__cxx1112basic_stringIcSt11char_traitsIcESaIcEEESt4pairIKS5_St6vectorIS5_SaIS5_EEESaISB_ENSt8__detail10_Select1stESt8equal_toIS5_ESt4hashIS5_ENSD_18_Mod_range_hashingENSD_20_Default_ranged_hashENSD_20_Prime_rehash_policyENSD_17_Hashtable_traitsILb1ELb0ELb1EEEE21_M_deallocate_bucketsEv:
        7:  460:      _M_deallocate_buckets()
        7:  461:      { _M_deallocate_buckets(_M_buckets, _M_bucket_count); }
------------------
_ZNSt10_HashtableINSt7__cxx1112basic_stringIcSt11char_traitsIcESaIcEEESt4pairIKS5_St13unordered_mapIS5_iSt4hashIS5_ESt8equal_toIS5_ESaIS6_IS7_iEEEESaISG_ENSt8__detail10_Select1stESC_SA_NSI_18_Mod_range_hashingENSI_20_Default_ranged_hashENSI_20_Prime_rehash_policyENSI_17_Hashtable_traitsILb1ELb0ELb1EEEE21_M_deallocate_bucketsEv:
        7:  460:      _M_deallocate_buckets()
        7:  461:      { _M_deallocate_buckets(_M_buckets, _M_bucket_count); }
------------------
        -:  462:
        -:  463:      // Gets bucket begin, deals with the fact that non-empty buckets contain
        -:  464:      // their before begin node.
        -:  465:      __node_ptr
        -:  466:      _M_bucket_begin(size_type __bkt) const
        -:  467:      {
        -:  468:	__node_base_ptr __n = _M_buckets[__bkt];
        -:  469:	return __n ? static_cast<__node_ptr>(__n->_M_nxt) : nullptr;
        -:  470:      }
        -:  471:
        -:  472:      __node_ptr
     828*:  473:      _M_begin() const
     828*:  474:      { return static_cast<__node_ptr>(_M_before_begin._M_nxt); }
------------------
_ZNKSt10_HashtableINSt7__cxx1112basic_stringIcSt11char_traitsIcESaIcEEESt4pairIKS5_dESaIS8_ENSt8__detail10_Select1stESt8equal_toIS5_ESt4hashIS5_ENSA_18_Mod_range_hashingENSA_20_Default_ranged_hashENSA_20_Prime_rehash_policyENSA_17_Hashtable_traitsILb1ELb0ELb1EEEE8_M_beginEv:
    #####:  473:      _M_begin() const
    #####:  474:      { return static_cast<__node_ptr>(_M_before_begin._M_nxt); }
------------------
_ZNKSt10_HashtableINSt7__cxx1112basic_stringIcSt11char_traitsIcESaIcEEESt4pairIKS5_S5_ESaIS8_ENSt8__detail10_Select1stESt8equal_toIS5_ESt4hashIS5_ENSA_18_Mod_range_hashingENSA_20_Default_ranged_hashENSA_20_Prime_rehash_policyENSA_17_Hashtable_traitsILb1ELb0ELb1EEEE8_M_beginEv:
       93:  473:      _M_begin() const
       93:  474:      { return static_cast<__node_ptr>(_M_before_begin._M_nxt); }
------------------
_ZNKSt10_HashtableINSt7__cxx1112basic_stringIcSt11char_traitsIcESaIcEEESt4pairIKS5_iESaIS8_ENSt8__detail10_Select1stESt8equal_toIS5_ESt4hashIS5_ENSA_18_Mod_range_hashingENSA_20_Default_ranged_hashENSA_20_Prime_rehash_policyENSA_17_Hashtable_traitsILb1ELb0ELb1EEEE8_M_beginEv:
      272:  473:      _M_begin() const
      272:  474:      { return static_cast<__node_ptr>(_M_before_begin._M_nxt); }
------------------
_ZNKSt10_HashtableINSt7__cxx1112basic_stringIcSt11char_traitsIcESaIcEEES5_SaIS5_ENSt8__detail9_IdentityESt8equal_toIS5_ESt4hashIS5_ENS7_18_Mod_range_hashingENS7_20_Default_ranged_hashENS7_20_Prime_rehash_policyENS7_17_Hashtable_traitsILb1ELb1ELb1EEEE8_M_beginEv:
      375:  473:      _M_begin() const
      375:  474:      { return static_cast<__node_ptr>(_M_before_begin._M_nxt); }
------------------
_ZNKSt10_HashtableINSt7__cxx1112basic_stringIcSt11char_traitsIcESaIcEEESt4pairIKS5_St6vectorIS5_SaIS5_EEESaISB_ENSt8__detail10_Select1stESt8equal_toIS5_ESt4hashIS5_ENSD_18_Mod_range_hashingENSD_20_Default_ranged_hashENSD_20_Prime_rehash_policyENSD_17_Hashtable_traitsILb1ELb0ELb1EEEE8_M_beginEv:
       44:  473:      _M_begin() const
       44:  474:      { return static_cast<__node_ptr>(_M_before_begin._M_nxt); }
------------------
_ZNKSt10_HashtableINSt7__cxx1112basic_stringIcSt11char_traitsIcESaIcEEESt4pairIKS5_St13unordered_mapIS5_iSt4hashIS5_ESt8equal_toIS5_ESaIS6_IS7_iEEEESaISG_ENSt8__detail10_Select1stESC_SA_NSI_18_Mod_range_hashingENSI_20_Default_ranged_hashENSI_20_Prime_rehash_policyENSI_17_Hashtable_traitsILb1ELb0ELb1EEEE8_M_beginEv:
       44:  473:      _M_begin() const
       44:  474:      { return static_cast<__node_ptr>(_M_before_begin._M_nxt); }
------------------
        -:  475:
        -:  476:      // Assign *this using another _Hashtable instance. Whether elements
        -:  477:      // are copied or moved depends on the _Ht reference.
        -:  478:      template<typename _Ht>
        -:  479:	void
        -:  480:	_M_assign_elements(_Ht&&);
        -:  481:
        -:  482:      template<typename _Ht, typename _NodeGenerator>
        -:  483:	void
        -:  484:	_M_assign(_Ht&&, const _NodeGenerator&);
        -:  485:
        -:  486:      void
        -:  487:      _M_move_assign(_Hashtable&&, true_type);
        -:  488:
        -:  489:      void
        -:  490:      _M_move_assign(_Hashtable&&, false_type);
        -:  491:
        -:  492:      void
        -:  493:      _M_reset() noexcept;
        -:  494:
        -:  495:      _Hashtable(const _Hash& __h, const _Equal& __eq,
        -:  496:		 const allocator_type& __a)
        -:  497:      : __hashtable_base(__h, __eq),
        -:  498:	__hashtable_alloc(__node_alloc_type(__a)),
        -:  499:	__enable_default_ctor(_Enable_default_constructor_tag{})
        -:  500:      { }
        -:  501:
        -:  502:      template<bool _No_realloc = true>
        -:  503:	static constexpr bool
        -:  504:	_S_nothrow_move()
        -:  505:	{
        -:  506:#if __cplusplus <= 201402L
        -:  507:	  return __and_<__bool_constant<_No_realloc>,
        -:  508:			is_nothrow_copy_constructible<_Hash>,
        -:  509:			is_nothrow_copy_constructible<_Equal>>::value;
        -:  510:#else
        -:  511:	  if constexpr (_No_realloc)
        -:  512:	    if constexpr (is_nothrow_copy_constructible<_Hash>())
        -:  513:	      return is_nothrow_copy_constructible<_Equal>();
        -:  514:	  return false;
        -:  515:#endif
        -:  516:	}
        -:  517:
        -:  518:      _Hashtable(_Hashtable&& __ht, __node_alloc_type&& __a,
        -:  519:		 true_type /* alloc always equal */)
        -:  520:	noexcept(_S_nothrow_move());
        -:  521:
        -:  522:      _Hashtable(_Hashtable&&, __node_alloc_type&&,
        -:  523:		 false_type /* alloc always equal */);
        -:  524:
        -:  525:      template<typename _InputIterator>
        -:  526:	_Hashtable(_InputIterator __first, _InputIterator __last,
        -:  527:		   size_type __bkt_count_hint,
        -:  528:		   const _Hash&, const _Equal&, const allocator_type&,
        -:  529:		   true_type __uks);
        -:  530:
        -:  531:      template<typename _InputIterator>
        -:  532:	_Hashtable(_InputIterator __first, _InputIterator __last,
        -:  533:		   size_type __bkt_count_hint,
        -:  534:		   const _Hash&, const _Equal&, const allocator_type&,
        -:  535:		   false_type __uks);
        -:  536:
        -:  537:    public:
        -:  538:      // Constructor, destructor, assignment, swap
     183*:  539:      _Hashtable() = default;
------------------
_ZNSt10_HashtableINSt7__cxx1112basic_stringIcSt11char_traitsIcESaIcEEESt4pairIKS5_dESaIS8_ENSt8__detail10_Select1stESt8equal_toIS5_ESt4hashIS5_ENSA_18_Mod_range_hashingENSA_20_Default_ranged_hashENSA_20_Prime_rehash_policyENSA_17_Hashtable_traitsILb1ELb0ELb1EEEEC1Ev:
    #####:  539:      _Hashtable() = default;
------------------
_ZNSt10_HashtableINSt7__cxx1112basic_stringIcSt11char_traitsIcESaIcEEESt4pairIKS5_S5_ESaIS8_ENSt8__detail10_Select1stESt8equal_toIS5_ESt4hashIS5_ENSA_18_Mod_range_hashingENSA_20_Default_ranged_hashENSA_20_Prime_rehash_policyENSA_17_Hashtable_traitsILb1ELb0ELb1EEEEC1Ev:
       37:  539:      _Hashtable() = default;
------------------
_ZNSt10_HashtableINSt7__cxx1112basic_stringIcSt11char_traitsIcESaIcEEESt4pairIKS5_iESaIS8_ENSt8__detail10_Select1stESt8equal_toIS5_ESt4hashIS5_ENSA_18_Mod_range_hashingENSA_20_Default_ranged_hashENSA_20_Prime_rehash_policyENSA_17_Hashtable_traitsILb1ELb0ELb1EEEEC1Ev:
      125:  539:      _Hashtable() = default;
------------------
_ZNSt10_HashtableINSt7__cxx1112basic_stringIcSt11char_traitsIcESaIcEEES5_SaIS5_ENSt8__detail9_IdentityESt8equal_toIS5_ESt4hashIS5_ENS7_18_Mod_range_hashingENS7_20_Default_ranged_hashENS7_20_Prime_rehash_policyENS7_17_Hashtable_traitsILb1ELb1ELb1EEEEC1Ev:
        7:  539:      _Hashtable() = default;
------------------
_ZNSt10_HashtableINSt7__cxx1112basic_stringIcSt11char_traitsIcESaIcEEESt4pairIKS5_St6vectorIS5_SaIS5_EEESaISB_ENSt8__detail10_Select1stESt8equal_toIS5_ESt4hashIS5_ENSD_18_Mod_range_hashingENSD_20_Default_ranged_hashENSD_20_Prime_rehash_policyENSD_17_Hashtable_traitsILb1ELb0ELb1EEEEC1Ev:
        7:  539:      _Hashtable() = default;
------------------
_ZNSt10_HashtableINSt7__cxx1112basic_stringIcSt11char_traitsIcESaIcEEESt4pairIKS5_St13unordered_mapIS5_iSt4hashIS5_ESt8equal_toIS5_ESaIS6_IS7_iEEEESaISG_ENSt8__detail10_Select1stESC_SA_NSI_18_Mod_range_hashingENSI_20_Default_ranged_hashENSI_20_Prime_rehash_policyENSI_17_Hashtable_traitsILb1ELb0ELb1EEEEC1Ev:
        7:  539:      _Hashtable() = default;
------------------
        -:  540:
        -:  541:      _Hashtable(const _Hashtable&);
        -:  542:
        -:  543:      _Hashtable(const _Hashtable&, const allocator_type&);
        -:  544:
        -:  545:      explicit
        -:  546:      _Hashtable(size_type __bkt_count_hint,
        -:  547:		 const _Hash& __hf = _Hash(),
        -:  548:		 const key_equal& __eql = key_equal(),
        -:  549:		 const allocator_type& __a = allocator_type());
        -:  550:
        -:  551:      // Use delegating constructors.
    #####:  552:      _Hashtable(_Hashtable&& __ht)
        -:  553:	noexcept(_S_nothrow_move())
    #####:  554:      : _Hashtable(std::move(__ht), std::move(__ht._M_node_allocator()),
    #####:  555:		   true_type{})
    #####:  556:      { }
        -:  557:
        -:  558:      _Hashtable(_Hashtable&& __ht, const allocator_type& __a)
        -:  559:	noexcept(_S_nothrow_move<__node_alloc_traits::_S_always_equal()>())
        -:  560:      : _Hashtable(std::move(__ht), __node_alloc_type(__a),
        -:  561:		   typename __node_alloc_traits::is_always_equal{})
        -:  562:      { }
        -:  563:
        -:  564:      explicit
        -:  565:      _Hashtable(const allocator_type& __a)
        -:  566:      : __hashtable_alloc(__node_alloc_type(__a)),
        -:  567:	__enable_default_ctor(_Enable_default_constructor_tag{})
        -:  568:      { }
        -:  569:
        -:  570:      template<typename _InputIterator>
        -:  571:	_Hashtable(_InputIterator __f, _InputIterator __l,
        -:  572:		   size_type __bkt_count_hint = 0,
        -:  573:		   const _Hash& __hf = _Hash(),
        -:  574:		   const key_equal& __eql = key_equal(),
        -:  575:		   const allocator_type& __a = allocator_type())
        -:  576:	: _Hashtable(__f, __l, __bkt_count_hint, __hf, __eql, __a,
        -:  577:		     __unique_keys{})
        -:  578:	{ }
        -:  579:
        -:  580:      _Hashtable(initializer_list<value_type> __l,
        -:  581:		 size_type __bkt_count_hint = 0,
        -:  582:		 const _Hash& __hf = _Hash(),
        -:  583:		 const key_equal& __eql = key_equal(),
        -:  584:		 const allocator_type& __a = allocator_type())
        -:  585:      : _Hashtable(__l.begin(), __l.end(), __bkt_count_hint,
        -:  586:		   __hf, __eql, __a, __unique_keys{})
        -:  587:      { }
        -:  588:
        -:  589:      _Hashtable&
        -:  590:      operator=(const _Hashtable& __ht);
        -:  591:
        -:  592:      _Hashtable&
        -:  593:      operator=(_Hashtable&& __ht)
        -:  594:      noexcept(__node_alloc_traits::_S_nothrow_move()
        -:  595:	       && is_nothrow_move_assignable<_Hash>::value
        -:  596:	       && is_nothrow_move_assignable<_Equal>::value)
        -:  597:      {
        -:  598:	constexpr bool __move_storage =
        -:  599:	  __node_alloc_traits::_S_propagate_on_move_assign()
        -:  600:	  || __node_alloc_traits::_S_always_equal();
        -:  601:	_M_move_assign(std::move(__ht), __bool_constant<__move_storage>());
        -:  602:	return *this;
        -:  603:      }
        -:  604:
        -:  605:      _Hashtable&
        -:  606:      operator=(initializer_list<value_type> __l)
        -:  607:      {
        -:  608:	__reuse_or_alloc_node_gen_t __roan(_M_begin(), *this);
        -:  609:	_M_before_begin._M_nxt = nullptr;
        -:  610:	clear();
        -:  611:
        -:  612:	// We consider that all elements of __l are going to be inserted.
        -:  613:	auto __l_bkt_count = _M_rehash_policy._M_bkt_for_elements(__l.size());
        -:  614:
        -:  615:	// Do not shrink to keep potential user reservation.
        -:  616:	if (_M_bucket_count < __l_bkt_count)
        -:  617:	  rehash(__l_bkt_count);
        -:  618:
        -:  619:	this->_M_insert_range(__l.begin(), __l.end(), __roan, __unique_keys{});
        -:  620:	return *this;
        -:  621:      }
        -:  622:
        -:  623:      ~_Hashtable() noexcept;
        -:  624:
        -:  625:      void
        -:  626:      swap(_Hashtable&)
        -:  627:      noexcept(__and_<__is_nothrow_swappable<_Hash>,
        -:  628:		      __is_nothrow_swappable<_Equal>>::value);
        -:  629:
        -:  630:      // Basic container operations
        -:  631:      iterator
      79*:  632:      begin() noexcept
      79*:  633:      { return iterator(_M_begin()); }
------------------
_ZNSt10_HashtableINSt7__cxx1112basic_stringIcSt11char_traitsIcESaIcEEESt4pairIKS5_iESaIS8_ENSt8__detail10_Select1stESt8equal_toIS5_ESt4hashIS5_ENSA_18_Mod_range_hashingENSA_20_Default_ranged_hashENSA_20_Prime_rehash_policyENSA_17_Hashtable_traitsILb1ELb0ELb1EEEE5beginEv:
       42:  632:      begin() noexcept
       42:  633:      { return iterator(_M_begin()); }
------------------
_ZNSt10_HashtableINSt7__cxx1112basic_stringIcSt11char_traitsIcESaIcEEESt4pairIKS5_St13unordered_mapIS5_iSt4hashIS5_ESt8equal_toIS5_ESaIS6_IS7_iEEEESaISG_ENSt8__detail10_Select1stESC_SA_NSI_18_Mod_range_hashingENSI_20_Default_ranged_hashENSI_20_Prime_rehash_policyENSI_17_Hashtable_traitsILb1ELb0ELb1EEEE5beginEv:
    #####:  632:      begin() noexcept
    #####:  633:      { return iterator(_M_begin()); }
------------------
_ZNSt10_HashtableINSt7__cxx1112basic_stringIcSt11char_traitsIcESaIcEEES5_SaIS5_ENSt8__detail9_IdentityESt8equal_toIS5_ESt4hashIS5_ENS7_18_Mod_range_hashingENS7_20_Default_ranged_hashENS7_20_Prime_rehash_policyENS7_17_Hashtable_traitsILb1ELb1ELb1EEEE5beginEv:
       37:  632:      begin() noexcept
       37:  633:      { return iterator(_M_begin()); }
------------------
        -:  634:
        -:  635:      const_iterator
    #####:  636:      begin() const noexcept
    #####:  637:      { return const_iterator(_M_begin()); }
        -:  638:
        -:  639:      iterator
      79*:  640:      end() noexcept
      79*:  641:      { return iterator(nullptr); }
------------------
_ZNSt10_HashtableINSt7__cxx1112basic_stringIcSt11char_traitsIcESaIcEEESt4pairIKS5_iESaIS8_ENSt8__detail10_Select1stESt8equal_toIS5_ESt4hashIS5_ENSA_18_Mod_range_hashingENSA_20_Default_ranged_hashENSA_20_Prime_rehash_policyENSA_17_Hashtable_traitsILb1ELb0ELb1EEEE3endEv:
       42:  640:      end() noexcept
       42:  641:      { return iterator(nullptr); }
------------------
_ZNSt10_HashtableINSt7__cxx1112basic_stringIcSt11char_traitsIcESaIcEEESt4pairIKS5_St13unordered_mapIS5_iSt4hashIS5_ESt8equal_toIS5_ESaIS6_IS7_iEEEESaISG_ENSt8__detail10_Select1stESC_SA_NSI_18_Mod_range_hashingENSI_20_Default_ranged_hashENSI_20_Prime_rehash_policyENSI_17_Hashtable_traitsILb1ELb0ELb1EEEE3endEv:
    #####:  640:      end() noexcept
    #####:  641:      { return iterator(nullptr); }
------------------
_ZNSt10_HashtableINSt7__cxx1112basic_stringIcSt11char_traitsIcESaIcEEES5_SaIS5_ENSt8__detail9_IdentityESt8equal_toIS5_ESt4hashIS5_ENS7_18_Mod_range_hashingENS7_20_Default_ranged_hashENS7_20_Prime_rehash_policyENS7_17_Hashtable_traitsILb1ELb1ELb1EEEE3endEv:
       37:  640:      end() noexcept
       37:  641:      { return iterator(nullptr); }
------------------
        -:  642:
        -:  643:      const_iterator
      15*:  644:      end() const noexcept
      15*:  645:      { return const_iterator(nullptr); }
------------------
_ZNKSt10_HashtableINSt7__cxx1112basic_stringIcSt11char_traitsIcESaIcEEESt4pairIKS5_S5_ESaIS8_ENSt8__detail10_Select1stESt8equal_toIS5_ESt4hashIS5_ENSA_18_Mod_range_hashingENSA_20_Default_ranged_hashENSA_20_Prime_rehash_policyENSA_17_Hashtable_traitsILb1ELb0ELb1EEEE3endEv:
    #####:  644:      end() const noexcept
    #####:  645:      { return const_iterator(nullptr); }
------------------
_ZNKSt10_HashtableINSt7__cxx1112basic_stringIcSt11char_traitsIcESaIcEEESt4pairIKS5_St13unordered_mapIS5_iSt4hashIS5_ESt8equal_toIS5_ESaIS6_IS7_iEEEESaISG_ENSt8__detail10_Select1stESC_SA_NSI_18_Mod_range_hashingENSI_20_Default_ranged_hashENSI_20_Prime_rehash_policyENSI_17_Hashtable_traitsILb1ELb0ELb1EEEE3endEv:
    #####:  644:      end() const noexcept
    #####:  645:      { return const_iterator(nullptr); }
------------------
_ZNKSt10_HashtableINSt7__cxx1112basic_stringIcSt11char_traitsIcESaIcEEES5_SaIS5_ENSt8__detail9_IdentityESt8equal_toIS5_ESt4hashIS5_ENS7_18_Mod_range_hashingENS7_20_Default_ranged_hashENS7_20_Prime_rehash_policyENS7_17_Hashtable_traitsILb1ELb1ELb1EEEE3endEv:
       15:  644:      end() const noexcept
       15:  645:      { return const_iterator(nullptr); }
------------------
_ZNKSt10_HashtableINSt7__cxx1112basic_stringIcSt11char_traitsIcESaIcEEESt4pairIKS5_iESaIS8_ENSt8__detail10_Select1stESt8equal_toIS5_ESt4hashIS5_ENSA_18_Mod_range_hashingENSA_20_Default_ranged_hashENSA_20_Prime_rehash_policyENSA_17_Hashtable_traitsILb1ELb0ELb1EEEE3endEv:
    #####:  644:      end() const noexcept
    #####:  645:      { return const_iterator(nullptr); }
------------------
        -:  646:
        -:  647:      const_iterator
        -:  648:      cbegin() const noexcept
        -:  649:      { return const_iterator(_M_begin()); }
        -:  650:
        -:  651:      const_iterator
        -:  652:      cend() const noexcept
        -:  653:      { return const_iterator(nullptr); }
        -:  654:
        -:  655:      size_type
     329*:  656:      size() const noexcept
     329*:  657:      { return _M_element_count; }
------------------
_ZNKSt10_HashtableINSt7__cxx1112basic_stringIcSt11char_traitsIcESaIcEEESt4pairIKS5_S5_ESaIS8_ENSt8__detail10_Select1stESt8equal_toIS5_ESt4hashIS5_ENSA_18_Mod_range_hashingENSA_20_Default_ranged_hashENSA_20_Prime_rehash_policyENSA_17_Hashtable_traitsILb1ELb0ELb1EEEE4sizeEv:
       35:  656:      size() const noexcept
       35:  657:      { return _M_element_count; }
------------------
_ZNKSt10_HashtableINSt7__cxx1112basic_stringIcSt11char_traitsIcESaIcEEESt4pairIKS5_St13unordered_mapIS5_iSt4hashIS5_ESt8equal_toIS5_ESaIS6_IS7_iEEEESaISG_ENSt8__detail10_Select1stESC_SA_NSI_18_Mod_range_hashingENSI_20_Default_ranged_hashENSI_20_Prime_rehash_policyENSI_17_Hashtable_traitsILb1ELb0ELb1EEEE4sizeEv:
    #####:  656:      size() const noexcept
    #####:  657:      { return _M_element_count; }
------------------
_ZNKSt10_HashtableINSt7__cxx1112basic_stringIcSt11char_traitsIcESaIcEEESt4pairIKS5_iESaIS8_ENSt8__detail10_Select1stESt8equal_toIS5_ESt4hashIS5_ENSA_18_Mod_range_hashingENSA_20_Default_ranged_hashENSA_20_Prime_rehash_policyENSA_17_Hashtable_traitsILb1ELb0ELb1EEEE4sizeEv:
    #####:  656:      size() const noexcept
    #####:  657:      { return _M_element_count; }
------------------
_ZNKSt10_HashtableINSt7__cxx1112basic_stringIcSt11char_traitsIcESaIcEEES5_SaIS5_ENSt8__detail9_IdentityESt8equal_toIS5_ESt4hashIS5_ENS7_18_Mod_range_hashingENS7_20_Default_ranged_hashENS7_20_Prime_rehash_policyENS7_17_Hashtable_traitsILb1ELb1ELb1EEEE4sizeEv:
      294:  656:      size() const noexcept
      294:  657:      { return _M_element_count; }
------------------
        -:  658:
        -:  659:      _GLIBCXX_NODISCARD bool
    #####:  660:      empty() const noexcept
    #####:  661:      { return size() == 0; }
------------------
_ZNKSt10_HashtableINSt7__cxx1112basic_stringIcSt11char_traitsIcESaIcEEES5_SaIS5_ENSt8__detail9_IdentityESt8equal_toIS5_ESt4hashIS5_ENS7_18_Mod_range_hashingENS7_20_Default_ranged_hashENS7_20_Prime_rehash_policyENS7_17_Hashtable_traitsILb1ELb1ELb1EEEE5emptyEv:
    #####:  660:      empty() const noexcept
    #####:  661:      { return size() == 0; }
------------------
_ZNKSt10_HashtableINSt7__cxx1112basic_stringIcSt11char_traitsIcESaIcEEESt4pairIKS5_iESaIS8_ENSt8__detail10_Select1stESt8equal_toIS5_ESt4hashIS5_ENSA_18_Mod_range_hashingENSA_20_Default_ranged_hashENSA_20_Prime_rehash_policyENSA_17_Hashtable_traitsILb1ELb0ELb1EEEE5emptyEv:
    #####:  660:      empty() const noexcept
    #####:  661:      { return size() == 0; }
------------------
        -:  662:
        -:  663:      allocator_type
        -:  664:      get_allocator() const noexcept
        -:  665:      { return allocator_type(this->_M_node_allocator()); }
        -:  666:
        -:  667:      size_type
        -:  668:      max_size() const noexcept
        -:  669:      { return __node_alloc_traits::max_size(this->_M_node_allocator()); }
        -:  670:
        -:  671:      // Observers
        -:  672:      key_equal
        -:  673:      key_eq() const
        -:  674:      { return this->_M_eq(); }
        -:  675:
        -:  676:      // hash_function, if present, comes from _Hash_code_base.
        -:  677:
        -:  678:      // Bucket operations
        -:  679:      size_type
        -:  680:      bucket_count() const noexcept
        -:  681:      { return _M_bucket_count; }
        -:  682:
        -:  683:      size_type
        -:  684:      max_bucket_count() const noexcept
        -:  685:      { return max_size(); }
        -:  686:
        -:  687:      size_type
        -:  688:      bucket_size(size_type __bkt) const
        -:  689:      { return std::distance(begin(__bkt), end(__bkt)); }
        -:  690:
        -:  691:      size_type
        -:  692:      bucket(const key_type& __k) const
        -:  693:      { return _M_bucket_index(this->_M_hash_code(__k)); }
        -:  694:
        -:  695:      local_iterator
        -:  696:      begin(size_type __bkt)
        -:  697:      {
        -:  698:	return local_iterator(*this, _M_bucket_begin(__bkt),
        -:  699:			      __bkt, _M_bucket_count);
        -:  700:      }
        -:  701:
        -:  702:      local_iterator
        -:  703:      end(size_type __bkt)
        -:  704:      { return local_iterator(*this, nullptr, __bkt, _M_bucket_count); }
        -:  705:
        -:  706:      const_local_iterator
        -:  707:      begin(size_type __bkt) const
        -:  708:      {
        -:  709:	return const_local_iterator(*this, _M_bucket_begin(__bkt),
        -:  710:				    __bkt, _M_bucket_count);
        -:  711:      }
        -:  712:
        -:  713:      const_local_iterator
        -:  714:      end(size_type __bkt) const
        -:  715:      { return const_local_iterator(*this, nullptr, __bkt, _M_bucket_count); }
        -:  716:
        -:  717:      // DR 691.
        -:  718:      const_local_iterator
        -:  719:      cbegin(size_type __bkt) const
        -:  720:      {
        -:  721:	return const_local_iterator(*this, _M_bucket_begin(__bkt),
        -:  722:				    __bkt, _M_bucket_count);
        -:  723:      }
        -:  724:
        -:  725:      const_local_iterator
        -:  726:      cend(size_type __bkt) const
        -:  727:      { return const_local_iterator(*this, nullptr, __bkt, _M_bucket_count); }
        -:  728:
        -:  729:      float
        -:  730:      load_factor() const noexcept
        -:  731:      {
        -:  732:	return static_cast<float>(size()) / static_cast<float>(bucket_count());
        -:  733:      }
        -:  734:
        -:  735:      // max_load_factor, if present, comes from _Rehash_base.
        -:  736:
        -:  737:      // Generalization of max_load_factor.  Extension, not found in
        -:  738:      // TR1.  Only useful if _RehashPolicy is something other than
        -:  739:      // the default.
        -:  740:      const _RehashPolicy&
        -:  741:      __rehash_policy() const
        -:  742:      { return _M_rehash_policy; }
        -:  743:
        -:  744:      void
        -:  745:      __rehash_policy(const _RehashPolicy& __pol)
        -:  746:      { _M_rehash_policy = __pol; }
        -:  747:
        -:  748:      // Lookup.
        -:  749:      iterator
        -:  750:      find(const key_type& __k);
        -:  751:
        -:  752:      const_iterator
        -:  753:      find(const key_type& __k) const;
        -:  754:
        -:  755:      size_type
        -:  756:      count(const key_type& __k) const;
        -:  757:
        -:  758:      std::pair<iterator, iterator>
        -:  759:      equal_range(const key_type& __k);
        -:  760:
        -:  761:      std::pair<const_iterator, const_iterator>
        -:  762:      equal_range(const key_type& __k) const;
        -:  763:
        -:  764:#ifdef __glibcxx_generic_unordered_lookup // C++ >= 20 && HOSTED
        -:  765:      template<typename _Kt,
        -:  766:	       typename = __has_is_transparent_t<_Hash, _Kt>,
        -:  767:	       typename = __has_is_transparent_t<_Equal, _Kt>>
        -:  768:	iterator
        -:  769:	_M_find_tr(const _Kt& __k);
        -:  770:
        -:  771:      template<typename _Kt,
        -:  772:	       typename = __has_is_transparent_t<_Hash, _Kt>,
        -:  773:	       typename = __has_is_transparent_t<_Equal, _Kt>>
        -:  774:	const_iterator
        -:  775:	_M_find_tr(const _Kt& __k) const;
        -:  776:
        -:  777:      template<typename _Kt,
        -:  778:	       typename = __has_is_transparent_t<_Hash, _Kt>,
        -:  779:	       typename = __has_is_transparent_t<_Equal, _Kt>>
        -:  780:	size_type
        -:  781:	_M_count_tr(const _Kt& __k) const;
        -:  782:
        -:  783:      template<typename _Kt,
        -:  784:	       typename = __has_is_transparent_t<_Hash, _Kt>,
        -:  785:	       typename = __has_is_transparent_t<_Equal, _Kt>>
        -:  786:	pair<iterator, iterator>
        -:  787:	_M_equal_range_tr(const _Kt& __k);
        -:  788:
        -:  789:      template<typename _Kt,
        -:  790:	       typename = __has_is_transparent_t<_Hash, _Kt>,
        -:  791:	       typename = __has_is_transparent_t<_Equal, _Kt>>
        -:  792:	pair<const_iterator, const_iterator>
        -:  793:	_M_equal_range_tr(const _Kt& __k) const;
        -:  794:#endif // __glibcxx_generic_unordered_lookup
        -:  795:
        -:  796:    private:
        -:  797:      // Bucket index computation helpers.
        -:  798:      size_type
     376*:  799:      _M_bucket_index(const __node_value_type& __n) const noexcept
     376*:  800:      { return __hash_code_base::_M_bucket_index(__n, _M_bucket_count); }
------------------
_ZNKSt10_HashtableINSt7__cxx1112basic_stringIcSt11char_traitsIcESaIcEEES5_SaIS5_ENSt8__detail9_IdentityESt8equal_toIS5_ESt4hashIS5_ENS7_18_Mod_range_hashingENS7_20_Default_ranged_hashENS7_20_Prime_rehash_policyENS7_17_Hashtable_traitsILb1ELb1ELb1EEEE15_M_bucket_indexERKNS7_16_Hash_node_valueIS5_Lb1EEE:
       74:  799:      _M_bucket_index(const __node_value_type& __n) const noexcept
       74:  800:      { return __hash_code_base::_M_bucket_index(__n, _M_bucket_count); }
------------------
_ZNKSt10_HashtableINSt7__cxx1112basic_stringIcSt11char_traitsIcESaIcEEESt4pairIKS5_S5_ESaIS8_ENSt8__detail10_Select1stESt8equal_toIS5_ESt4hashIS5_ENSA_18_Mod_range_hashingENSA_20_Default_ranged_hashENSA_20_Prime_rehash_policyENSA_17_Hashtable_traitsILb1ELb0ELb1EEEE15_M_bucket_indexERKNSA_16_Hash_node_valueIS8_Lb1EEE:
       28:  799:      _M_bucket_index(const __node_value_type& __n) const noexcept
       28:  800:      { return __hash_code_base::_M_bucket_index(__n, _M_bucket_count); }
------------------
_ZNKSt10_HashtableINSt7__cxx1112basic_stringIcSt11char_traitsIcESaIcEEESt4pairIKS5_St6vectorIS5_SaIS5_EEESaISB_ENSt8__detail10_Select1stESt8equal_toIS5_ESt4hashIS5_ENSD_18_Mod_range_hashingENSD_20_Default_ranged_hashENSD_20_Prime_rehash_policyENSD_17_Hashtable_traitsILb1ELb0ELb1EEEE15_M_bucket_indexERKNSD_16_Hash_node_valueISB_Lb1EEE:
       58:  799:      _M_bucket_index(const __node_value_type& __n) const noexcept
       58:  800:      { return __hash_code_base::_M_bucket_index(__n, _M_bucket_count); }
------------------
_ZNKSt10_HashtableINSt7__cxx1112basic_stringIcSt11char_traitsIcESaIcEEESt4pairIKS5_iESaIS8_ENSt8__detail10_Select1stESt8equal_toIS5_ESt4hashIS5_ENSA_18_Mod_range_hashingENSA_20_Default_ranged_hashENSA_20_Prime_rehash_policyENSA_17_Hashtable_traitsILb1ELb0ELb1EEEE15_M_bucket_indexERKNSA_16_Hash_node_valueIS8_Lb1EEE:
      165:  799:      _M_bucket_index(const __node_value_type& __n) const noexcept
      165:  800:      { return __hash_code_base::_M_bucket_index(__n, _M_bucket_count); }
------------------
_ZNKSt10_HashtableINSt7__cxx1112basic_stringIcSt11char_traitsIcESaIcEEESt4pairIKS5_St13unordered_mapIS5_iSt4hashIS5_ESt8equal_toIS5_ESaIS6_IS7_iEEEESaISG_ENSt8__detail10_Select1stESC_SA_NSI_18_Mod_range_hashingENSI_20_Default_ranged_hashENSI_20_Prime_rehash_policyENSI_17_Hashtable_traitsILb1ELb0ELb1EEEE15_M_bucket_indexERKNSI_16_Hash_node_valueISG_Lb1EEE:
       51:  799:      _M_bucket_index(const __node_value_type& __n) const noexcept
       51:  800:      { return __hash_code_base::_M_bucket_index(__n, _M_bucket_count); }
------------------
_ZNKSt10_HashtableINSt7__cxx1112basic_stringIcSt11char_traitsIcESaIcEEESt4pairIKS5_dESaIS8_ENSt8__detail10_Select1stESt8equal_toIS5_ESt4hashIS5_ENSA_18_Mod_range_hashingENSA_20_Default_ranged_hashENSA_20_Prime_rehash_policyENSA_17_Hashtable_traitsILb1ELb0ELb1EEEE15_M_bucket_indexERKNSA_16_Hash_node_valueIS8_Lb1EEE:
    #####:  799:      _M_bucket_index(const __node_value_type& __n) const noexcept
    #####:  800:      { return __hash_code_base::_M_bucket_index(__n, _M_bucket_count); }
------------------
        -:  801:
        -:  802:      size_type
    1181*:  803:      _M_bucket_index(__hash_code __c) const
    1181*:  804:      { return __hash_code_base::_M_bucket_index(__c, _M_bucket_count); }
------------------
_ZNKSt10_HashtableINSt7__cxx1112basic_stringIcSt11char_traitsIcESaIcEEES5_SaIS5_ENSt8__detail9_IdentityESt8equal_toIS5_ESt4hashIS5_ENS7_18_Mod_range_hashingENS7_20_Default_ranged_hashENS7_20_Prime_rehash_policyENS7_17_Hashtable_traitsILb1ELb1ELb1EEEE15_M_bucket_indexEy:
      132:  803:      _M_bucket_index(__hash_code __c) const
      132:  804:      { return __hash_code_base::_M_bucket_index(__c, _M_bucket_count); }
------------------
_ZNKSt10_HashtableINSt7__cxx1112basic_stringIcSt11char_traitsIcESaIcEEESt4pairIKS5_dESaIS8_ENSt8__detail10_Select1stESt8equal_toIS5_ESt4hashIS5_ENSA_18_Mod_range_hashingENSA_20_Default_ranged_hashENSA_20_Prime_rehash_policyENSA_17_Hashtable_traitsILb1ELb0ELb1EEEE15_M_bucket_indexEy:
    #####:  803:      _M_bucket_index(__hash_code __c) const
    #####:  804:      { return __hash_code_base::_M_bucket_index(__c, _M_bucket_count); }
------------------
_ZNKSt10_HashtableINSt7__cxx1112basic_stringIcSt11char_traitsIcESaIcEEESt4pairIKS5_S5_ESaIS8_ENSt8__detail10_Select1stESt8equal_toIS5_ESt4hashIS5_ENSA_18_Mod_range_hashingENSA_20_Default_ranged_hashENSA_20_Prime_rehash_policyENSA_17_Hashtable_traitsILb1ELb0ELb1EEEE15_M_bucket_indexEy:
      105:  803:      _M_bucket_index(__hash_code __c) const
      105:  804:      { return __hash_code_base::_M_bucket_index(__c, _M_bucket_count); }
------------------
_ZNKSt10_HashtableINSt7__cxx1112basic_stringIcSt11char_traitsIcESaIcEEESt4pairIKS5_St6vectorIS5_SaIS5_EEESaISB_ENSt8__detail10_Select1stESt8equal_toIS5_ESt4hashIS5_ENSD_18_Mod_range_hashingENSD_20_Default_ranged_hashENSD_20_Prime_rehash_policyENSD_17_Hashtable_traitsILb1ELb0ELb1EEEE15_M_bucket_indexEy:
      102:  803:      _M_bucket_index(__hash_code __c) const
      102:  804:      { return __hash_code_base::_M_bucket_index(__c, _M_bucket_count); }
------------------
_ZNKSt10_HashtableINSt7__cxx1112basic_stringIcSt11char_traitsIcESaIcEEESt4pairIKS5_iESaIS8_ENSt8__detail10_Select1stESt8equal_toIS5_ESt4hashIS5_ENSA_18_Mod_range_hashingENSA_20_Default_ranged_hashENSA_20_Prime_rehash_policyENSA_17_Hashtable_traitsILb1ELb0ELb1EEEE15_M_bucket_indexEy:
      698:  803:      _M_bucket_index(__hash_code __c) const
      698:  804:      { return __hash_code_base::_M_bucket_index(__c, _M_bucket_count); }
------------------
_ZNKSt10_HashtableINSt7__cxx1112basic_stringIcSt11char_traitsIcESaIcEEESt4pairIKS5_St13unordered_mapIS5_iSt4hashIS5_ESt8equal_toIS5_ESaIS6_IS7_iEEEESaISG_ENSt8__detail10_Select1stESC_SA_NSI_18_Mod_range_hashingENSI_20_Default_ranged_hashENSI_20_Prime_rehash_policyENSI_17_Hashtable_traitsILb1ELb0ELb1EEEE15_M_bucket_indexEy:
      144:  803:      _M_bucket_index(__hash_code __c) const
      144:  804:      { return __hash_code_base::_M_bucket_index(__c, _M_bucket_count); }
------------------
        -:  805:
        -:  806:      __node_base_ptr
        -:  807:      _M_find_before_node(const key_type&);
[...]
        -: 2581:	       _Hash, _RangeHash, _Unused, _RehashPolicy, _Traits>::
        -: 2582:    clear() noexcept
        -: 2583:    {
       37: 2584:      this->_M_deallocate_nodes(_M_begin());
       37: 2585:      __builtin_memset(_M_buckets, 0,
       37: 2586:		       _M_bucket_count * sizeof(__node_base_ptr));
       37: 2587:      _M_element_count = 0;
       37: 2588:      _M_before_begin._M_nxt = nullptr;
       37: 2589:    }
------------------
        -: 2590:
        -: 2591:  template<typename _Key, typename _Value, typename _Alloc,
        -: 2592:	   typename _ExtractKey, typename _Equal,
        -: 2593:	   typename _Hash, typename _RangeHash, typename _Unused,
        -: 2594:	   typename _RehashPolicy, typename _Traits>
        -: 2595:    void
        -: 2596:    _Hashtable<_Key, _Value, _Alloc, _ExtractKey, _Equal,
        -: 2597:	       _Hash, _RangeHash, _Unused, _RehashPolicy, _Traits>::
        -: 2598:    rehash(size_type __bkt_count)
        -: 2599:    {
        -: 2600:      __rehash_guard_t __rehash_guard(_M_rehash_policy);
        -: 2601:      __bkt_count
        -: 2602:	= std::max(_M_rehash_policy._M_bkt_for_elements(_M_element_count + 1),
        -: 2603:		   __bkt_count);
        -: 2604:      __bkt_count = _M_rehash_policy._M_next_bkt(__bkt_count);
        -: 2605:
        -: 2606:      if (__bkt_count != _M_bucket_count)
        -: 2607:	{
        -: 2608:	  _M_rehash(__bkt_count, __unique_keys{});
        -: 2609:	  __rehash_guard._M_guarded_obj = nullptr;
        -: 2610:	}
        -: 2611:    }
        -: 2612:
        -: 2613:  // Rehash when there is no equivalent elements.
        -: 2614:  template<typename _Key, typename _Value, typename _Alloc,
        -: 2615:	   typename _ExtractKey, typename _Equal,
        -: 2616:	   typename _Hash, typename _RangeHash, typename _Unused,
        -: 2617:	   typename _RehashPolicy, typename _Traits>
        -: 2618:    void
     167*: 2619:    _Hashtable<_Key, _Value, _Alloc, _ExtractKey, _Equal,
        -: 2620:	       _Hash, _RangeHash, _Unused, _RehashPolicy, _Traits>::
        -: 2621:    _M_rehash(size_type __bkt_count, true_type /* __uks */)
        -: 2622:    {
     167*: 2623:      __buckets_ptr __new_buckets = _M_allocate_buckets(__bkt_count);
     167*: 2624:      __node_ptr __p = _M_begin();
     167*: 2625:      _M_before_begin._M_nxt = nullptr;
     167*: 2626:      std::size_t __bbegin_bkt = 0;
     167*: 2627:      while (__p)
        -: 2628:	{
    #####: 2629:	  __node_ptr __next = __p->_M_next();
        -: 2630:	  std::size_t __bkt
    #####: 2631:	    = __hash_code_base::_M_bucket_index(*__p, __bkt_count);
    #####: 2632:	  if (!__new_buckets[__bkt])
        -: 2633:	    {
    #####: 2634:	      __p->_M_nxt = _M_before_begin._M_nxt;
    #####: 2635:	      _M_before_begin._M_nxt = __p;
    #####: 2636:	      __new_buckets[__bkt] = &_M_before_begin;
    #####: 2637:	      if (__p->_M_nxt)
    #####: 2638:		__new_buckets[__bbegin_bkt] = __p;
    #####: 2639:	      __bbegin_bkt = __bkt;
        -: 2640:	    }
        -: 2641:	  else
        -: 2642:	    {
    #####: 2643:	      __p->_M_nxt = __new_buckets[__bkt]->_M_nxt;
    #####: 2644:	      __new_buckets[__bkt]->_M_nxt = __p;
        -: 2645:	    }
        -: 2646:
    #####: 2647:	  __p = __next;
        -: 2648:	}
        -: 2649:
     167*: 2650:      _M_deallocate_buckets();
     167*: 2651:      _M_bucket_count = __bkt_count;
     167*: 2652:      _M_buckets = __new_buckets;
     167*: 2653:    }
------------------
_ZNSt10_HashtableINSt7__cxx1112basic_stringIcSt11char_traitsIcESaIcEEES5_SaIS5_ENSt8__detail9_IdentityESt8equal_toIS5_ESt4hashIS5_ENS7_18_Mod_range_hashingENS7_20_Default_ranged_hashENS7_20_Prime_rehash_policyENS7_17_Hashtable_traitsILb1ELb1ELb1EEEE9_M_rehashEySt17integral_constantIbLb1EE:
        7: 2619:    _Hashtable<_Key, _Value, _Alloc, _ExtractKey, _Equal,
        -: 2620:	       _Hash, _RangeHash, _Unused, _RehashPolicy, _Traits>::
        -: 2621:    _M_rehash(size_type __bkt_count, true_type /* __uks */)
        -: 2622:    {
        7: 2623:      __buckets_ptr __new_buckets = _M_allocate_buckets(__bkt_count);
        7: 2624:      __node_ptr __p = _M_begin();
        7: 2625:      _M_before_begin._M_nxt = nullptr;
        7: 2626:      std::size_t __bbegin_bkt = 0;
        7: 2627:      while (__p)
        -: 2628:	{
    #####: 2629:	  __node_ptr __next = __p->_M_next();
        -: 2630:	  std::size_t __bkt
    #####: 2631:	    = __hash_code_base::_M_bucket_index(*__p, __bkt_count);
    #####: 2632:	  if (!__new_buckets[__bkt])
        -: 2633:	    {
    #####: 2634:	      __p->_M_nxt = _M_before_begin._M_nxt;
    #####: 2635:	      _M_before_begin._M_nxt = __p;
    #####: 2636:	      __new_buckets[__bkt] = &_M_before_begin;
    #####: 2637:	      if (__p->_M_nxt)
    #####: 2638:		__new_buckets[__bbegin_bkt] = __p;
    #####: 2639:	      __bbegin_bkt = __bkt;
        -: 2640:	    }
        -: 2641:	  else
        -: 2642:	    {
    #####: 2643:	      __p->_M_nxt = __new_buckets[__bkt]->_M_nxt;
    #####: 2644:	      __new_buckets[__bkt]->_M_nxt = __p;
        -: 2645:	    }
        -: 2646:
    #####: 2647:	  __p = __next;
        -: 2648:	}
        -: 2649:
        7: 2650:      _M_deallocate_buckets();
        7: 2651:      _M_bucket_count = __bkt_count;
        7: 2652:      _M_buckets = __new_buckets;
        7: 2653:    }
------------------
_ZNSt10_HashtableINSt7__cxx1112basic_stringIcSt11char_traitsIcESaIcEEESt4pairIKS5_dESaIS8_ENSt8__detail10_Select1stESt8equal_toIS5_ESt4hashIS5_ENSA_18_Mod_range_hashingENSA_20_Default_ranged_hashENSA_20_Prime_rehash_policyENSA_17_Hashtable_traitsILb1ELb0ELb1EEEE9_M_rehashEySt17integral_constantIbLb1EE:
    #####: 2619:    _Hashtable<_Key, _Value, _Alloc, _ExtractKey, _Equal,
        -: 2620:	       _Hash, _RangeHash, _Unused, _RehashPolicy, _Traits>::
        -: 2621:    _M_rehash(size_type __bkt_count, true_type /* __uks */)
        -: 2622:    {
    #####: 2623:      __buckets_ptr __new_buckets = _M_allocate_buckets(__bkt_count);
    #####: 2624:      __node_ptr __p = _M_begin();
    #####: 2625:      _M_before_begin._M_nxt = nullptr;
    #####: 2626:      std::size_t __bbegin_bkt = 0;
    #####: 2627:      while (__p)
        -: 2628:	{
    #####: 2629:	  __node_ptr __next = __p->_M_next();
        -: 2630:	  std::size_t __bkt
    #####: 2631:	    = __hash_code_base::_M_bucket_index(*__p, __bkt_count);
    #####: 2632:	  if (!__new_buckets[__bkt])
        -: 2633:	    {
    #####: 2634:	      __p->_M_nxt = _M_before_begin._M_nxt;
    #####: 2635:	      _M_before_begin._M_nxt = __p;
    #####: 2636:	      __new_buckets[__bkt] = &_M_before_begin;
    #####: 2637:	      if (__p->_M_nxt)
    #####: 2638:		__new_buckets[__bbegin_bkt] = __p;
    #####: 2639:	      __bbegin_bkt = __bkt;
        -: 2640:	    }
        -: 2641:	  else
        -: 2642:	    {
    #####: 2643:	      __p->_M_nxt = __new_buckets[__bkt]->_M_nxt;
    #####: 2644:	      __new_buckets[__bkt]->_M_nxt = __p;
        -: 2645:	    }
        -: 2646:
    #####: 2647:	  __p = __next;
        -: 2648:	}
        -: 2649:
    #####: 2650:      _M_deallocate_buckets();
    #####: 2651:      _M_bucket_count = __bkt_count;
    #####: 2652:      _M_buckets = __new_buckets;
    #####: 2653:    }
------------------
_ZNSt10_HashtableINSt7__cxx1112basic_stringIcSt11char_traitsIcESaIcEEESt4pairIKS5_S5_ESaIS8_ENSt8__detail10_Select1stESt8equal_toIS5_ESt4hashIS5_ENSA_18_Mod_range_hashingENSA_20_Default_ranged_hashENSA_20_Prime_rehash_policyENSA_17_Hashtable_traitsILb1ELb0ELb1EEEE9_M_rehashEySt17integral_constantIbLb1EE:
       21: 2619:    _Hashtable<_Key, _Value, _Alloc, _ExtractKey, _Equal,
        -: 2620:	       _Hash, _RangeHash, _Unused, _RehashPolicy, _Traits>::
        -: 2621:    _M_rehash(size_type __bkt_count, true_type /* __uks */)
        -: 2622:    {
       21: 2623:      __buckets_ptr __new_buckets = _M_allocate_buckets(__bkt_count);
       21: 2624:      __node_ptr __p = _M_begin();
       21: 2625:      _M_before_begin._M_nxt = nullptr;
       21: 2626:      std::size_t __bbegin_bkt = 0;
       21: 2627:      while (__p)
        -: 2628:	{
    #####: 2629:	  __node_ptr __next = __p->_M_next();
        -: 2630:	  std::size_t __bkt
    #####: 2631:	    = __hash_code_base::_M_bucket_index(*__p, __bkt_count);
    #####: 2632:	  if (!__new_buckets[__bkt])
        -: 2633:	    {
    #####: 2634:	      __p->_M_nxt = _M_before_begin._M_nxt;
    #####: 2635:	      _M_before_begin._M_nxt = __p;
    #####: 2636:	      __new_buckets[__bkt] = &_M_before_begin;
    #####: 2637:	      if (__p->_M_nxt)
    #####: 2638:		__new_buckets[__bbegin_bkt] = __p;
    #####: 2639:	      __bbegin_bkt = __bkt;
        -: 2640:	    }
        -: 2641:	  else
        -: 2642:	    {
    #####: 2643:	      __p->_M_nxt = __new_buckets[__bkt]->_M_nxt;
    #####: 2644:	      __new_buckets[__bkt]->_M_nxt = __p;
        -: 2645:	    }
        -: 2646:
    #####: 2647:	  __p = __next;
        -: 2648:	}
        -: 2649:
       21: 2650:      _M_deallocate_buckets();
       21: 2651:      _M_bucket_count = __bkt_count;
       21: 2652:      _M_buckets = __new_buckets;
       21: 2653:    }
------------------
_ZNSt10_HashtableINSt7__cxx1112basic_stringIcSt11char_traitsIcESaIcEEESt4pairIKS5_St6vectorIS5_SaIS5_EEESaISB_ENSt8__detail10_Select1stESt8equal_toIS5_ESt4hashIS5_ENSD_18_Mod_range_hashingENSD_20_Default_ranged_hashENSD_20_Prime_rehash_policyENSD_17_Hashtable_traitsILb1ELb0ELb1EEEE9_M_rehashEySt17integral_constantIbLb1EE:
        7: 2619:    _Hashtable<_Key, _Value, _Alloc, _ExtractKey, _Equal,
        -: 2620:	       _Hash, _RangeHash, _Unused, _RehashPolicy, _Traits>::
        -: 2621:    _M_rehash(size_type __bkt_count, true_type /* __uks */)
        -: 2622:    {
        7: 2623:      __buckets_ptr __new_buckets = _M_allocate_buckets(__bkt_count);
        7: 2624:      __node_ptr __p = _M_begin();
        7: 2625:      _M_before_begin._M_nxt = nullptr;
        7: 2626:      std::size_t __bbegin_bkt = 0;
        7: 2627:      while (__p)
        -: 2628:	{
    #####: 2629:	  __node_ptr __next = __p->_M_next();
        -: 2630:	  std::size_t __bkt
    #####: 2631:	    = __hash_code_base::_M_bucket_index(*__p, __bkt_count);
    #####: 2632:	  if (!__new_buckets[__bkt])
        -: 2633:	    {
    #####: 2634:	      __p->_M_nxt = _M_before_begin._M_nxt;
    #####: 2635:	      _M_before_begin._M_nxt = __p;
    #####: 2636:	      __new_buckets[__bkt] = &_M_before_begin;
    #####: 2637:	      if (__p->_M_nxt)
    #####: 2638:		__new_buckets[__bbegin_bkt] = __p;
    #####: 2639:	      __bbegin_bkt = __bkt;
        -: 2640:	    }
        -: 2641:	  else
        -: 2642:	    {
    #####: 2643:	      __p->_M_nxt = __new_buckets[__bkt]->_M_nxt;
    #####: 2644:	      __new_buckets[__bkt]->_M_nxt = __p;
        -: 2645:	    }
        -: 2646:
    #####: 2647:	  __p = __next;
        -: 2648:	}
        -: 2649:
        7: 2650:      _M_deallocate_buckets();
        7: 2651:      _M_bucket_count = __bkt_count;
        7: 2652:      _M_buckets = __new_buckets;
        7: 2653:    }
------------------
_ZNSt10_HashtableINSt7__cxx1112basic_stringIcSt11char_traitsIcESaIcEEESt4pairIKS5_iESaIS8_ENSt8__detail10_Select1stESt8equal_toIS5_ESt4hashIS5_ENSA_18_Mod_range_hashingENSA_20_Default_ranged_hashENSA_20_Prime_rehash_policyENSA_17_Hashtable_traitsILb1ELb0ELb1EEEE9_M_rehashEySt17integral_constantIbLb1EE:
      125: 2619:    _Hashtable<_Key, _Value, _Alloc, _ExtractKey, _Equal,
        -: 2620:	       _Hash, _RangeHash, _Unused, _RehashPolicy, _Traits>::
        -: 2621:    _M_rehash(size_type __bkt_count, true_type /* __uks */)
        -: 2622:    {
      125: 2623:      __buckets_ptr __new_buckets = _M_allocate_buckets(__bkt_count);
      125: 2624:      __node_ptr __p = _M_begin();
      125: 2625:      _M_before_begin._M_nxt = nullptr;
      125: 2626:      std::size_t __bbegin_bkt = 0;
      125: 2627:      while (__p)
        -: 2628:	{
    #####: 2629:	  __node_ptr __next = __p->_M_next();
        -: 2630:	  std::size_t __bkt
    #####: 2631:	    = __hash_code_base::_M_bucket_index(*__p, __bkt_count);
    #####: 2632:	  if (!__new_buckets[__bkt])
        -: 2633:	    {
    #####: 2634:	      __p->_M_nxt = _M_before_begin._M_nxt;
    #####: 2635:	      _M_before_begin._M_nxt = __p;
    #####: 2636:	      __new_buckets[__bkt] = &_M_before_begin;
    #####: 2637:	      if (__p->_M_nxt)
    #####: 2638:		__new_buckets[__bbegin_bkt] = __p;
    #####: 2639:	      __bbegin_bkt = __bkt;
        -: 2640:	    }
        -: 2641:	  else
        -: 2642:	    {
    #####: 2643:	      __p->_M_nxt = __new_buckets[__bkt]->_M_nxt;
    #####: 2644:	      __new_buckets[__bkt]->_M_nxt = __p;
        -: 2645:	    }
        -: 2646:
    #####: 2647:	  __p = __next;
        -: 2648:	}
        -: 2649:
      125: 2650:      _M_deallocate_buckets();
      125: 2651:      _M_bucket_count = __bkt_count;
      125: 2652:      _M_buckets = __new_buckets;
      125: 2653:    }
------------------
_ZNSt10_HashtableINSt7__cxx1112basic_stringIcSt11char_traitsIcESaIcEEESt4pairIKS5_St13unordered_mapIS5_iSt4hashIS5_ESt8equal_toIS5_ESaIS6_IS7_iEEEESaISG_ENSt8__detail10_Select1stESC_SA_NSI_18_Mod_range_hashingENSI_20_Default_ranged_hashENSI_20_Prime_rehash_policyENSI_17_Hashtable_traitsILb1ELb0ELb1EEEE9_M_rehashEySt17integral_constantIbLb1EE:
        7: 2619:    _Hashtable<_Key, _Value, _Alloc, _ExtractKey, _Equal,
        -: 2620:	       _Hash, _RangeHash, _Unused, _RehashPolicy, _Traits>::
        -: 2621:    _M_rehash(size_type __bkt_count, true_type /* __uks */)
        -: 2622:    {
        7: 2623:      __buckets_ptr __new_buckets = _M_allocate_buckets(__bkt_count);
        7: 2624:      __node_ptr __p = _M_begin();
        7: 2625:      _M_before_begin._M_nxt = nullptr;
        7: 2626:      std::size_t __bbegin_bkt = 0;
        7: 2627:      while (__p)
        -: 2628:	{
    #####: 2629:	  __node_ptr __next = __p->_M_next();
        -: 2630:	  std::size_t __bkt
    #####: 2631:	    = __hash_code_base::_M_bucket_index(*__p, __bkt_count);
    #####: 2632:	  if (!__new_buckets[__bkt])
        -: 2633:	    {
    #####: 2634:	      __p->_M_nxt = _M_before_begin._M_nxt;
    #####: 2635:	      _M_before_begin._M_nxt = __p;
    #####: 2636:	      __new_buckets[__bkt] = &_M_before_begin;
    #####: 2637:	      if (__p->_M_nxt)
    #####: 2638:		__new_buckets[__bbegin_bkt] = __p;
    #####: 2639:	      __bbegin_bkt = __bkt;
        -: 2640:	    }
        -: 2641:	  else
        -: 2642:	    {
    #####: 2643:	      __p->_M_nxt = __new_buckets[__bkt]->_M_nxt;
    #####: 2644:	      __new_buckets[__bkt]->_M_nxt = __p;
        -: 2645:	    }
        -: 2646:
    #####: 2647:	  __p = __next;
        -: 2648:	}
        -: 2649:
        7: 2650:      _M_deallocate_buckets();
        7: 2651:      _M_bucket_count = __bkt_count;
        7: 2652:      _M_buckets = __new_buckets;
        7: 2653:    }
------------------
        -: 2654:
        -: 2655:  // Rehash when there can be equivalent elements, preserve their relative
        -: 2656:  // order.
        -: 2657:  template<typename _Key, typename _Value, typename _Alloc,
        -: 2658:	   typename _ExtractKey, typename _Equal,
        -: 2659:	   typename _Hash, typename _RangeHash, typename _Unused,
        -: 2660:	   typename _RehashPolicy, typename _Traits>
        -: 2661:    void
        -: 2662:    _Hashtable<_Key, _Value, _Alloc, _ExtractKey, _Equal,
        -: 2663:	       _Hash, _RangeHash, _Unused, _RehashPolicy, _Traits>::
        -: 2664:    _M_rehash(size_type __bkt_count, false_type /* __uks */)
        -: 2665:    {
        -: 2666:      __buckets_ptr __new_buckets = _M_allocate_buckets(__bkt_count);
        -: 2667:      __node_ptr __p = _M_begin();
        -: 2668:      _M_before_begin._M_nxt = nullptr;
        -: 2669:      std::size_t __bbegin_bkt = 0;
        -: 2670:      std::size_t __prev_bkt = 0;
        -: 2671:      __node_ptr __prev_p = nullptr;
        -: 2672:      bool __check_bucket = false;
        -: 2673:
        -: 2674:      while (__p)
        -: 2675:	{
        -: 2676:	  __node_ptr __next = __p->_M_next();
        -: 2677:	  std::size_t __bkt
        -: 2678:	    = __hash_code_base::_M_bucket_index(*__p, __bkt_count);
        -: 2679:
        -: 2680:	  if (__prev_p && __prev_bkt == __bkt)
        -: 2681:	    {
        -: 2682:	      // Previous insert was already in this bucket, we insert after
        -: 2683:	      // the previously inserted one to preserve equivalent elements
        -: 2684:	      // relative order.
        -: 2685:	      __p->_M_nxt = __prev_p->_M_nxt;
        -: 2686:	      __prev_p->_M_nxt = __p;
        -: 2687:
        -: 2688:	      // Inserting after a node in a bucket require to check that we
        -: 2689:	      // haven't change the bucket last node, in this case next
        -: 2690:	      // bucket containing its before begin node must be updated. We
        -: 2691:	      // schedule a check as soon as we move out of the sequence of
        -: 2692:	      // equivalent nodes to limit the number of checks.
        -: 2693:	      __check_bucket = true;
        -: 2694:	    }
        -: 2695:	  else
        -: 2696:	    {
        -: 2697:	      if (__check_bucket)
        -: 2698:		{
        -: 2699:		  // Check if we shall update the next bucket because of
        -: 2700:		  // insertions into __prev_bkt bucket.
        -: 2701:		  if (__prev_p->_M_nxt)
        -: 2702:		    {
        -: 2703:		      std::size_t __next_bkt
        -: 2704:			= __hash_code_base::_M_bucket_index(
        -: 2705:			  *__prev_p->_M_next(), __bkt_count);
        -: 2706:		      if (__next_bkt != __prev_bkt)
        -: 2707:			__new_buckets[__next_bkt] = __prev_p;
        -: 2708:		    }
        -: 2709:		  __check_bucket = false;
        -: 2710:		}
        -: 2711:
        -: 2712:	      if (!__new_buckets[__bkt])
        -: 2713:		{
        -: 2714:		  __p->_M_nxt = _M_before_begin._M_nxt;
        -: 2715:		  _M_before_begin._M_nxt = __p;
        -: 2716:		  __new_buckets[__bkt] = &_M_before_begin;
        -: 2717:		  if (__p->_M_nxt)
        -: 2718:		    __new_buckets[__bbegin_bkt] = __p;
        -: 2719:		  __bbegin_bkt = __bkt;
        -: 2720:		}
        -: 2721:	      else
        -: 2722:		{
        -: 2723:		  __p->_M_nxt = __new_buckets[__bkt]->_M_nxt;
        -: 2724:		  __new_buckets[__bkt]->_M_nxt = __p;
        -: 2725:		}
        -: 2726:	    }
        -: 2727:	  __prev_p = __p;
        -: 2728:	  __prev_bkt = __bkt;
        -: 2729:	  __p = __next;
        -: 2730:	}
        -: 2731:
        -: 2732:      if (__check_bucket && __prev_p->_M_nxt)
        -: 2733:	{
        -: 2734:	  std::size_t __next_bkt
        -: 2735:	    = __hash_code_base::_M_bucket_index(*__prev_p->_M_next(),
        -: 2736:						__bkt_count);
        -: 2737:	  if (__next_bkt != __prev_bkt)
        -: 2738:	    __new_buckets[__next_bkt] = __prev_p;
        -: 2739:	}
        -: 2740:
        -: 2741:      _M_deallocate_buckets();
        -: 2742:      _M_bucket_count = __bkt_count;
        -: 2743:      _M_buckets = __new_buckets;
        -: 2744:    }
        -: 2745:
        -: 2746:#if __cplusplus > 201402L
        -: 2747:  template<typename, typename, typename> class _Hash_merge_helper { };
        -: 2748:#endif // C++17
        -: 2749:
        -: 2750:#if __cpp_deduction_guides >= 201606
        -: 2751:  // Used to constrain deduction guides
        -: 2752:  template<typename _Hash>
        -: 2753:    using _RequireNotAllocatorOrIntegral
        -: 2754:      = __enable_if_t<!__or_<is_integral<_Hash>, __is_allocator<_Hash>>::value>;
        -: 2755:#endif
        -: 2756:
        -: 2757:/// @endcond
        -: 2758:_GLIBCXX_END_NAMESPACE_VERSION
        -: 2759:} // namespace std
        -: 2760:
        -: 2761:#endif // _HASHTABLE_H
