        -:    0:Source:D:/mingw64/lib/gcc/x86_64-w64-mingw32/14.2.0/include/c++/bits/move.h
        -:    0:Graph:test_shortestPath-lab1.gcno
        -:    0:Data:test_shortestPath-lab1.gcda
        -:    0:Runs:7
        -:    1:// Move, forward and identity for C++11 + swap -*- C++ -*-
        -:    2:
        -:    3:// Copyright (C) 2007-2024 Free Software Foundation, Inc.
        -:    4://
        -:    5:// This file is part of the GNU ISO C++ Library.  This library is free
        -:    6:// software; you can redistribute it and/or modify it under the
        -:    7:// terms of the GNU General Public License as published by the
        -:    8:// Free Software Foundation; either version 3, or (at your option)
        -:    9:// any later version.
        -:   10:
        -:   11:// This library is distributed in the hope that it will be useful,
        -:   12:// but WITHOUT ANY WARRANTY; without even the implied warranty of
        -:   13:// MERCHANTABILITY or FITNESS FOR A PARTICULAR PURPOSE.  See the
        -:   14:// GNU General Public License for more details.
        -:   15:
        -:   16:// Under Section 7 of GPL version 3, you are granted additional
        -:   17:// permissions described in the GCC Runtime Library Exception, version
        -:   18:// 3.1, as published by the Free Software Foundation.
        -:   19:
        -:   20:// You should have received a copy of the GNU General Public License and
        -:   21:// a copy of the GCC Runtime Library Exception along with this program;
        -:   22:// see the files COPYING3 and COPYING.RUNTIME respectively.  If not, see
        -:   23:// <http://www.gnu.org/licenses/>.
        -:   24:
        -:   25:/** @file bits/move.h
        -:   26: *  This is an internal header file, included by other library headers.
        -:   27: *  Do not attempt to use it directly. @headername{utility}
        -:   28: */
        -:   29:
        -:   30:#ifndef _MOVE_H
        -:   31:#define _MOVE_H 1
        -:   32:
        -:   33:#include <bits/c++config.h>
        -:   34:#if __cplusplus < 201103L
        -:   35:# include <bits/concept_check.h>
        -:   36:#else
        -:   37:# include <type_traits> // Brings in std::declval too.
        -:   38:#endif
        -:   39:
        -:   40:namespace std _GLIBCXX_VISIBILITY(default)
        -:   41:{
        -:   42:_GLIBCXX_BEGIN_NAMESPACE_VERSION
        -:   43:
        -:   44:  // Used, in C++03 mode too, by allocators, etc.
        -:   45:  /**
        -:   46:   *  @brief Same as C++11 std::addressof
        -:   47:   *  @ingroup utilities
        -:   48:   */
        -:   49:  template<typename _Tp>
        -:   50:    inline _GLIBCXX_CONSTEXPR _Tp*
    1932*:   51:    __addressof(_Tp& __r) _GLIBCXX_NOEXCEPT
    1932*:   52:    { return __builtin_addressof(__r); }
------------------
_ZSt11__addressofINSt8__detail10_Hash_nodeISt4pairIKNSt7__cxx1112basic_stringIcSt11char_traitsIcESaIcEEEdELb1EEEEPT_RSC_:
    #####:   51:    __addressof(_Tp& __r) _GLIBCXX_NOEXCEPT
    #####:   52:    { return __builtin_addressof(__r); }
------------------
_ZSt11__addressofINSt8__detail10_Hash_nodeISt4pairIKNSt7__cxx1112basic_stringIcSt11char_traitsIcESaIcEEES8_ELb1EEEEPT_RSC_:
       49:   51:    __addressof(_Tp& __r) _GLIBCXX_NOEXCEPT
       49:   52:    { return __builtin_addressof(__r); }
------------------
_ZSt11__addressofINSt8__detail10_Hash_nodeISt4pairIKNSt7__cxx1112basic_stringIcSt11char_traitsIcESaIcEEEiELb1EEEEPT_RSC_:
      194:   51:    __addressof(_Tp& __r) _GLIBCXX_NOEXCEPT
      194:   52:    { return __builtin_addressof(__r); }
------------------
_ZSt11__addressofINSt8__detail10_Hash_nodeINSt7__cxx1112basic_stringIcSt11char_traitsIcESaIcEEELb1EEEEPT_RS9_:
       98:   51:    __addressof(_Tp& __r) _GLIBCXX_NOEXCEPT
       98:   52:    { return __builtin_addressof(__r); }
------------------
_ZSt11__addressofINSt8__detail10_Hash_nodeISt4pairIKNSt7__cxx1112basic_stringIcSt11char_traitsIcESaIcEEESt6vectorIS8_SaIS8_EEELb1EEEEPT_RSF_:
       69:   51:    __addressof(_Tp& __r) _GLIBCXX_NOEXCEPT
       69:   52:    { return __builtin_addressof(__r); }
------------------
_ZSt11__addressofINSt8__detail10_Hash_nodeISt4pairIKNSt7__cxx1112basic_stringIcSt11char_traitsIcESaIcEEESt13unordered_mapIS8_iSt4hashIS8_ESt8equal_toIS8_ESaIS2_IS9_iEEEELb1EEEEPT_RSK_:
       68:   51:    __addressof(_Tp& __r) _GLIBCXX_NOEXCEPT
       68:   52:    { return __builtin_addressof(__r); }
------------------
_ZSt11__addressofIPNSt8__detail15_Hash_node_baseEEPT_RS3_:
      126:   51:    __addressof(_Tp& __r) _GLIBCXX_NOEXCEPT
      126:   52:    { return __builtin_addressof(__r); }
------------------
_ZSt11__addressofISt4pairIiNSt7__cxx1112basic_stringIcSt11char_traitsIcESaIcEEEEEPT_RS8_:
       28:   51:    __addressof(_Tp& __r) _GLIBCXX_NOEXCEPT
       28:   52:    { return __builtin_addressof(__r); }
------------------
_ZSt11__addressofINSt8__detail20_Prime_rehash_policyEEPT_RS2_:
      577:   51:    __addressof(_Tp& __r) _GLIBCXX_NOEXCEPT
      577:   52:    { return __builtin_addressof(__r); }
------------------
_ZSt11__addressofINSt7__cxx1112basic_stringIcSt11char_traitsIcESaIcEEEEPT_RS6_:
      723:   51:    __addressof(_Tp& __r) _GLIBCXX_NOEXCEPT
      723:   52:    { return __builtin_addressof(__r); }
------------------
        -:   53:
        -:   54:#if __cplusplus >= 201103L
        -:   55:
        -:   56:  /**
        -:   57:   *  @addtogroup utilities
        -:   58:   *  @{
        -:   59:   */
        -:   60:
        -:   61:  /**
        -:   62:   *  @brief  Forward an lvalue.
        -:   63:   *  @return The parameter cast to the specified type.
        -:   64:   *
        -:   65:   *  This function is used to implement "perfect forwarding".
        -:   66:   */
        -:   67:  template<typename _Tp>
        -:   68:    _GLIBCXX_NODISCARD
        -:   69:    constexpr _Tp&&
   10874*:   70:    forward(typename std::remove_reference<_Tp>::type& __t) noexcept
   10874*:   71:    { return static_cast<_Tp&&>(__t); }
------------------
_ZSt7forwardISt5tupleIJEEEOT_RNSt16remove_referenceIS2_E4typeE:
     1808:   70:    forward(typename std::remove_reference<_Tp>::type& __t) noexcept
     1808:   71:    { return static_cast<_Tp&&>(__t); }
------------------
_ZSt7forwardIiEOT_RNSt16remove_referenceIS0_E4typeE:
      229:   70:    forward(typename std::remove_reference<_Tp>::type& __t) noexcept
      229:   71:    { return static_cast<_Tp&&>(__t); }
------------------
_ZSt7forwardINSt7__cxx1112basic_stringIcSt11char_traitsIcESaIcEEEEOT_RNSt16remove_referenceIS6_E4typeE:
      240:   70:    forward(typename std::remove_reference<_Tp>::type& __t) noexcept
      240:   71:    { return static_cast<_Tp&&>(__t); }
------------------
_ZSt7forwardIbEOT_RNSt16remove_referenceIS0_E4typeE:
      227:   70:    forward(typename std::remove_reference<_Tp>::type& __t) noexcept
      227:   71:    { return static_cast<_Tp&&>(__t); }
------------------
_ZSt7forwardIRNSt7__cxx1112basic_stringIcSt11char_traitsIcESaIcEEEEOT_RNSt16remove_referenceIS7_E4typeE:
       22:   70:    forward(typename std::remove_reference<_Tp>::type& __t) noexcept
       22:   71:    { return static_cast<_Tp&&>(__t); }
------------------
_ZSt7forwardIRiEOT_RNSt16remove_referenceIS1_E4typeE:
       71:   70:    forward(typename std::remove_reference<_Tp>::type& __t) noexcept
       71:   71:    { return static_cast<_Tp&&>(__t); }
------------------
_ZSt7forwardIRKNSt7__cxx1112basic_stringIcSt11char_traitsIcESaIcEEEEOT_RNSt16remove_referenceIS8_E4typeE:
     3593:   70:    forward(typename std::remove_reference<_Tp>::type& __t) noexcept
     3593:   71:    { return static_cast<_Tp&&>(__t); }
------------------
_ZSt7forwardIRSt6vectorINSt7__cxx1112basic_stringIcSt11char_traitsIcESaIcEEESaIS6_EEEOT_RNSt16remove_referenceISA_E4typeE:
       22:   70:    forward(typename std::remove_reference<_Tp>::type& __t) noexcept
       22:   71:    { return static_cast<_Tp&&>(__t); }
------------------
_ZSt7forwardIRKiEOT_RNSt16remove_referenceIS2_E4typeE:
    #####:   70:    forward(typename std::remove_reference<_Tp>::type& __t) noexcept
    #####:   71:    { return static_cast<_Tp&&>(__t); }
------------------
_ZSt7forwardISt4pairINSt7__cxx1112basic_stringIcSt11char_traitsIcESaIcEEES6_EEOT_RNSt16remove_referenceIS8_E4typeE:
    #####:   70:    forward(typename std::remove_reference<_Tp>::type& __t) noexcept
    #####:   71:    { return static_cast<_Tp&&>(__t); }
------------------
_ZSt7forwardIRSt17_Rb_tree_iteratorISt4pairINSt7__cxx1112basic_stringIcSt11char_traitsIcESaIcEEES7_EEEOT_RNSt16remove_referenceISB_E4typeE:
    #####:   70:    forward(typename std::remove_reference<_Tp>::type& __t) noexcept
    #####:   71:    { return static_cast<_Tp&&>(__t); }
------------------
_ZSt7forwardIRbEOT_RNSt16remove_referenceIS1_E4typeE:
    #####:   70:    forward(typename std::remove_reference<_Tp>::type& __t) noexcept
    #####:   71:    { return static_cast<_Tp&&>(__t); }
------------------
_ZSt7forwardIRKSt21piecewise_construct_tEOT_RNSt16remove_referenceIS3_E4typeE:
     1808:   70:    forward(typename std::remove_reference<_Tp>::type& __t) noexcept
     1808:   71:    { return static_cast<_Tp&&>(__t); }
------------------
_ZSt7forwardISt5tupleIJRKNSt7__cxx1112basic_stringIcSt11char_traitsIcESaIcEEEEEEOT_RNSt16remove_referenceISA_E4typeE:
     1808:   70:    forward(typename std::remove_reference<_Tp>::type& __t) noexcept
     1808:   71:    { return static_cast<_Tp&&>(__t); }
------------------
_ZSt7forwardIRKSt4pairIKNSt7__cxx1112basic_stringIcSt11char_traitsIcESaIcEEEdEEOT_RNSt16remove_referenceISB_E4typeE:
    #####:   70:    forward(typename std::remove_reference<_Tp>::type& __t) noexcept
    #####:   71:    { return static_cast<_Tp&&>(__t); }
------------------
_ZSt7forwardISt4pairIiNSt7__cxx1112basic_stringIcSt11char_traitsIcESaIcEEEEEOT_RNSt16remove_referenceIS8_E4typeE:
      256:   70:    forward(typename std::remove_reference<_Tp>::type& __t) noexcept
      256:   71:    { return static_cast<_Tp&&>(__t); }
------------------
_ZSt7forwardISaINSt8__detail10_Hash_nodeISt4pairIKNSt7__cxx1112basic_stringIcSt11char_traitsIcESaIcEEEdELb1EEEEEOT_RNSt16remove_referenceISD_E4typeE:
    #####:   70:    forward(typename std::remove_reference<_Tp>::type& __t) noexcept
    #####:   71:    { return static_cast<_Tp&&>(__t); }
------------------
_ZSt7forwardISt17_Rb_tree_iteratorISt4pairINSt7__cxx1112basic_stringIcSt11char_traitsIcESaIcEEES7_EEEOT_RNSt16remove_referenceISA_E4typeE:
    #####:   70:    forward(typename std::remove_reference<_Tp>::type& __t) noexcept
    #####:   71:    { return static_cast<_Tp&&>(__t); }
------------------
_ZSt7forwardIRKSt4pairIKNSt7__cxx1112basic_stringIcSt11char_traitsIcESaIcEEESt13unordered_mapIS6_iSt4hashIS6_ESt8equal_toIS6_ESaIS0_IS7_iEEEEEOT_RNSt16remove_referenceISJ_E4typeE:
       49:   70:    forward(typename std::remove_reference<_Tp>::type& __t) noexcept
       49:   71:    { return static_cast<_Tp&&>(__t); }
------------------
_ZSt7forwardIRKSt4pairIKNSt7__cxx1112basic_stringIcSt11char_traitsIcESaIcEEEiEEOT_RNSt16remove_referenceISB_E4typeE:
      353:   70:    forward(typename std::remove_reference<_Tp>::type& __t) noexcept
      353:   71:    { return static_cast<_Tp&&>(__t); }
------------------
_ZSt7forwardIRKSt4pairIKNSt7__cxx1112basic_stringIcSt11char_traitsIcESaIcEEES6_EEOT_RNSt16remove_referenceISB_E4typeE:
      105:   70:    forward(typename std::remove_reference<_Tp>::type& __t) noexcept
      105:   71:    { return static_cast<_Tp&&>(__t); }
------------------
_ZSt7forwardIRPSt13_Rb_tree_nodeISt4pairINSt7__cxx1112basic_stringIcSt11char_traitsIcESaIcEEES7_EEEOT_RNSt16remove_referenceISC_E4typeE:
    #####:   70:    forward(typename std::remove_reference<_Tp>::type& __t) noexcept
    #####:   71:    { return static_cast<_Tp&&>(__t); }
------------------
_ZSt7forwardIRPSt18_Rb_tree_node_baseEOT_RNSt16remove_referenceIS3_E4typeE:
    #####:   70:    forward(typename std::remove_reference<_Tp>::type& __t) noexcept
    #####:   71:    { return static_cast<_Tp&&>(__t); }
------------------
_ZSt7forwardIRSt4pairIiNSt7__cxx1112basic_stringIcSt11char_traitsIcESaIcEEEEEOT_RNSt16remove_referenceIS9_E4typeE:
       56:   70:    forward(typename std::remove_reference<_Tp>::type& __t) noexcept
       56:   71:    { return static_cast<_Tp&&>(__t); }
------------------
_ZSt7forwardINSt8__detail14_Node_iteratorINSt7__cxx1112basic_stringIcSt11char_traitsIcESaIcEEELb1ELb1EEEEOT_RNSt16remove_referenceIS9_E4typeE:
      102:   70:    forward(typename std::remove_reference<_Tp>::type& __t) noexcept
      102:   71:    { return static_cast<_Tp&&>(__t); }
------------------
_ZSt7forwardIRNSt8__detail14_Node_iteratorINSt7__cxx1112basic_stringIcSt11char_traitsIcESaIcEEELb1ELb1EEEEOT_RNSt16remove_referenceISA_E4typeE:
      125:   70:    forward(typename std::remove_reference<_Tp>::type& __t) noexcept
      125:   71:    { return static_cast<_Tp&&>(__t); }
------------------
_ZSt7forwardIRKSt4pairIKNSt7__cxx1112basic_stringIcSt11char_traitsIcESaIcEEESt6vectorIS6_SaIS6_EEEEOT_RNSt16remove_referenceISE_E4typeE:
    #####:   70:    forward(typename std::remove_reference<_Tp>::type& __t) noexcept
    #####:   71:    { return static_cast<_Tp&&>(__t); }
------------------
        -:   72:
        -:   73:  /**
        -:   74:   *  @brief  Forward an rvalue.
        -:   75:   *  @return The parameter cast to the specified type.
        -:   76:   *
        -:   77:   *  This function is used to implement "perfect forwarding".
        -:   78:   */
        -:   79:  template<typename _Tp>
        -:   80:    _GLIBCXX_NODISCARD
        -:   81:    constexpr _Tp&&
        -:   82:    forward(typename std::remove_reference<_Tp>::type&& __t) noexcept
        -:   83:    {
        -:   84:      static_assert(!std::is_lvalue_reference<_Tp>::value,
        -:   85:	  "std::forward must not be used to convert an rvalue to an lvalue");
        -:   86:      return static_cast<_Tp&&>(__t);
        -:   87:    }
        -:   88:
        -:   89:#if __glibcxx_forward_like // C++ >= 23
        -:   90:  template<typename _Tp, typename _Up>
        -:   91:  [[nodiscard]]
        -:   92:  constexpr decltype(auto)
        -:   93:  forward_like(_Up&& __x) noexcept
        -:   94:  {
        -:   95:    constexpr bool __as_rval = is_rvalue_reference_v<_Tp&&>;
        -:   96:
        -:   97:    if constexpr (is_const_v<remove_reference_t<_Tp>>)
        -:   98:      {
        -:   99:	using _Up2 = remove_reference_t<_Up>;
        -:  100:	if constexpr (__as_rval)
        -:  101:	  return static_cast<const _Up2&&>(__x);
        -:  102:	else
        -:  103:	  return static_cast<const _Up2&>(__x);
        -:  104:      }
        -:  105:    else
        -:  106:      {
        -:  107:	if constexpr (__as_rval)
        -:  108:	  return static_cast<remove_reference_t<_Up>&&>(__x);
        -:  109:	else
        -:  110:	  return static_cast<_Up&>(__x);
        -:  111:      }
        -:  112:  }
        -:  113:
        -:  114:  template<typename _Tp, typename _Up>
        -:  115:    using __like_t = decltype(std::forward_like<_Tp>(std::declval<_Up>()));
        -:  116:#endif
        -:  117:
        -:  118:  /**
        -:  119:   *  @brief  Convert a value to an rvalue.
        -:  120:   *  @param  __t  A thing of arbitrary type.
        -:  121:   *  @return The parameter cast to an rvalue-reference to allow moving it.
        -:  122:  */
        -:  123:  template<typename _Tp>
        -:  124:    _GLIBCXX_NODISCARD
        -:  125:    constexpr typename std::remove_reference<_Tp>::type&&
     772*:  126:    move(_Tp&& __t) noexcept
     772*:  127:    { return static_cast<typename std::remove_reference<_Tp>::type&&>(__t); }
------------------
_ZSt4moveIRSt4hashINSt7__cxx1112basic_stringIcSt11char_traitsIcESaIcEEEEEONSt16remove_referenceIT_E4typeEOSA_:
    #####:  126:    move(_Tp&& __t) noexcept
    #####:  127:    { return static_cast<typename std::remove_reference<_Tp>::type&&>(__t); }
------------------
_ZSt4moveIRSt8equal_toINSt7__cxx1112basic_stringIcSt11char_traitsIcESaIcEEEEEONSt16remove_referenceIT_E4typeEOSA_:
    #####:  126:    move(_Tp&& __t) noexcept
    #####:  127:    { return static_cast<typename std::remove_reference<_Tp>::type&&>(__t); }
------------------
_ZSt4moveIRN9__gnu_cxx5__ops15_Iter_comp_iterISt7greaterIvEEEEONSt16remove_referenceIT_E4typeEOS8_:
       14:  126:    move(_Tp&& __t) noexcept
       14:  127:    { return static_cast<typename std::remove_reference<_Tp>::type&&>(__t); }
------------------
_ZSt4moveIRPNSt8__detail15_Hash_node_baseEEONSt16remove_referenceIT_E4typeEOS5_:
    #####:  126:    move(_Tp&& __t) noexcept
    #####:  127:    { return static_cast<typename std::remove_reference<_Tp>::type&&>(__t); }
------------------
_ZSt4moveIRyEONSt16remove_referenceIT_E4typeEOS2_:
    #####:  126:    move(_Tp&& __t) noexcept
    #####:  127:    { return static_cast<typename std::remove_reference<_Tp>::type&&>(__t); }
------------------
_ZSt4moveIRPPNSt8__detail15_Hash_node_baseEEONSt16remove_referenceIT_E4typeEOS6_:
    #####:  126:    move(_Tp&& __t) noexcept
    #####:  127:    { return static_cast<typename std::remove_reference<_Tp>::type&&>(__t); }
------------------
_ZSt4moveIRNSt8__detail20_Prime_rehash_policyEEONSt16remove_referenceIT_E4typeEOS4_:
    #####:  126:    move(_Tp&& __t) noexcept
    #####:  127:    { return static_cast<typename std::remove_reference<_Tp>::type&&>(__t); }
------------------
_ZSt4moveIRSt4pairINSt7__cxx1112basic_stringIcSt11char_traitsIcESaIcEEES6_EEONSt16remove_referenceIT_E4typeEOSA_:
    #####:  126:    move(_Tp&& __t) noexcept
    #####:  127:    { return static_cast<typename std::remove_reference<_Tp>::type&&>(__t); }
------------------
_ZSt4moveIRSaINSt8__detail10_Hash_nodeISt4pairIKNSt7__cxx1112basic_stringIcSt11char_traitsIcESaIcEEEdELb1EEEEEONSt16remove_referenceIT_E4typeEOSF_:
    #####:  126:    move(_Tp&& __t) noexcept
    #####:  127:    { return static_cast<typename std::remove_reference<_Tp>::type&&>(__t); }
------------------
_ZSt4moveIRSt10_HashtableINSt7__cxx1112basic_stringIcSt11char_traitsIcESaIcEEESt4pairIKS6_dESaIS9_ENSt8__detail10_Select1stESt8equal_toIS6_ESt4hashIS6_ENSB_18_Mod_range_hashingENSB_20_Default_ranged_hashENSB_20_Prime_rehash_policyENSB_17_Hashtable_traitsILb1ELb0ELb1EEEEEONSt16remove_referenceIT_E4typeEOSP_:
    #####:  126:    move(_Tp&& __t) noexcept
    #####:  127:    { return static_cast<typename std::remove_reference<_Tp>::type&&>(__t); }
------------------
_ZSt4moveIRSt7greaterIvEEONSt16remove_referenceIT_E4typeEOS4_:
      156:  126:    move(_Tp&& __t) noexcept
      156:  127:    { return static_cast<typename std::remove_reference<_Tp>::type&&>(__t); }
------------------
_ZSt4moveIRNSt12_Vector_baseINSt7__cxx1112basic_stringIcSt11char_traitsIcESaIcEEESaIS6_EE12_Vector_implEEONSt16remove_referenceIT_E4typeEOSC_:
    #####:  126:    move(_Tp&& __t) noexcept
    #####:  127:    { return static_cast<typename std::remove_reference<_Tp>::type&&>(__t); }
------------------
_ZSt4moveIRNSt7__cxx1112basic_stringIcSt11char_traitsIcESaIcEEEEONSt16remove_referenceIT_E4typeEOS8_:
       35:  126:    move(_Tp&& __t) noexcept
       35:  127:    { return static_cast<typename std::remove_reference<_Tp>::type&&>(__t); }
------------------
_ZSt4moveIRSaIcEEONSt16remove_referenceIT_E4typeEOS3_:
    #####:  126:    move(_Tp&& __t) noexcept
    #####:  127:    { return static_cast<typename std::remove_reference<_Tp>::type&&>(__t); }
------------------
_ZSt4moveIRSt4pairIiNSt7__cxx1112basic_stringIcSt11char_traitsIcESaIcEEEEEONSt16remove_referenceIT_E4typeEOSA_:
      567:  126:    move(_Tp&& __t) noexcept
      567:  127:    { return static_cast<typename std::remove_reference<_Tp>::type&&>(__t); }
------------------
        -:  128:
        -:  129:
        -:  130:  template<typename _Tp>
        -:  131:    struct __move_if_noexcept_cond
        -:  132:    : public __and_<__not_<is_nothrow_move_constructible<_Tp>>,
        -:  133:                    is_copy_constructible<_Tp>>::type { };
        -:  134:
        -:  135:  /**
        -:  136:   *  @brief  Conditionally convert a value to an rvalue.
        -:  137:   *  @param  __x  A thing of arbitrary type.
        -:  138:   *  @return The parameter, possibly cast to an rvalue-reference.
        -:  139:   *
        -:  140:   *  Same as std::move unless the type's move constructor could throw and the
        -:  141:   *  type is copyable, in which case an lvalue-reference is returned instead.
        -:  142:   */
        -:  143:  template<typename _Tp>
        -:  144:    _GLIBCXX_NODISCARD
        -:  145:    constexpr
        -:  146:    __conditional_t<__move_if_noexcept_cond<_Tp>::value, const _Tp&, _Tp&&>
        -:  147:    move_if_noexcept(_Tp& __x) noexcept
        -:  148:    { return std::move(__x); }
        -:  149:
        -:  150:  // declval, from type_traits.
        -:  151:
        -:  152:  /**
        -:  153:   *  @brief Returns the actual address of the object or function
        -:  154:   *         referenced by r, even in the presence of an overloaded
        -:  155:   *         operator&.
        -:  156:   *  @param  __r  Reference to an object or function.
        -:  157:   *  @return   The actual address.
        -:  158:  */
        -:  159:  template<typename _Tp>
        -:  160:    _GLIBCXX_NODISCARD
        -:  161:    inline _GLIBCXX17_CONSTEXPR _Tp*
     604*:  162:    addressof(_Tp& __r) noexcept
     604*:  163:    { return std::__addressof(__r); }
------------------
_ZSt9addressofINSt8__detail10_Hash_nodeISt4pairIKNSt7__cxx1112basic_stringIcSt11char_traitsIcESaIcEEEdELb1EEEEPT_RSC_:
    #####:  162:    addressof(_Tp& __r) noexcept
    #####:  163:    { return std::__addressof(__r); }
------------------
_ZSt9addressofINSt8__detail10_Hash_nodeISt4pairIKNSt7__cxx1112basic_stringIcSt11char_traitsIcESaIcEEES8_ELb1EEEEPT_RSC_:
       49:  162:    addressof(_Tp& __r) noexcept
       49:  163:    { return std::__addressof(__r); }
------------------
_ZSt9addressofINSt8__detail10_Hash_nodeISt4pairIKNSt7__cxx1112basic_stringIcSt11char_traitsIcESaIcEEEiELb1EEEEPT_RSC_:
      194:  162:    addressof(_Tp& __r) noexcept
      194:  163:    { return std::__addressof(__r); }
------------------
_ZSt9addressofINSt8__detail10_Hash_nodeINSt7__cxx1112basic_stringIcSt11char_traitsIcESaIcEEELb1EEEEPT_RS9_:
       98:  162:    addressof(_Tp& __r) noexcept
       98:  163:    { return std::__addressof(__r); }
------------------
_ZSt9addressofINSt8__detail10_Hash_nodeISt4pairIKNSt7__cxx1112basic_stringIcSt11char_traitsIcESaIcEEESt6vectorIS8_SaIS8_EEELb1EEEEPT_RSF_:
       69:  162:    addressof(_Tp& __r) noexcept
       69:  163:    { return std::__addressof(__r); }
------------------
_ZSt9addressofINSt8__detail10_Hash_nodeISt4pairIKNSt7__cxx1112basic_stringIcSt11char_traitsIcESaIcEEESt13unordered_mapIS8_iSt4hashIS8_ESt8equal_toIS8_ESaIS2_IS9_iEEEELb1EEEEPT_RSK_:
       68:  162:    addressof(_Tp& __r) noexcept
       68:  163:    { return std::__addressof(__r); }
------------------
_ZSt9addressofIPNSt8__detail15_Hash_node_baseEEPT_RS3_:
      126:  162:    addressof(_Tp& __r) noexcept
      126:  163:    { return std::__addressof(__r); }
------------------
        -:  164:
        -:  165:  // _GLIBCXX_RESOLVE_LIB_DEFECTS
        -:  166:  // 2598. addressof works on temporaries
        -:  167:  template<typename _Tp>
        -:  168:    const _Tp* addressof(const _Tp&&) = delete;
        -:  169:
        -:  170:  // C++11 version of std::exchange for internal use.
        -:  171:  template <typename _Tp, typename _Up = _Tp>
        -:  172:    _GLIBCXX20_CONSTEXPR
        -:  173:    inline _Tp
        -:  174:    __exchange(_Tp& __obj, _Up&& __new_val)
        -:  175:    {
        -:  176:      _Tp __old_val = std::move(__obj);
        -:  177:      __obj = std::forward<_Up>(__new_val);
        -:  178:      return __old_val;
        -:  179:    }
        -:  180:
        -:  181:  /// @} group utilities
        -:  182:
        -:  183:#define _GLIBCXX_FWDREF(_Tp) _Tp&&
        -:  184:#define _GLIBCXX_MOVE(__val) std::move(__val)
        -:  185:#define _GLIBCXX_FORWARD(_Tp, __val) std::forward<_Tp>(__val)
        -:  186:#else
        -:  187:#define _GLIBCXX_FWDREF(_Tp) const _Tp&
        -:  188:#define _GLIBCXX_MOVE(__val) (__val)
        -:  189:#define _GLIBCXX_FORWARD(_Tp, __val) (__val)
        -:  190:#endif
        -:  191:
        -:  192:  /**
        -:  193:   *  @addtogroup utilities
        -:  194:   *  @{
        -:  195:   */
        -:  196:
        -:  197:  /**
        -:  198:   *  @brief Swaps two values.
        -:  199:   *  @param  __a  A thing of arbitrary type.
        -:  200:   *  @param  __b  Another thing of arbitrary type.
        -:  201:   *  @return   Nothing.
        -:  202:  */
        -:  203:  template<typename _Tp>
        -:  204:    _GLIBCXX20_CONSTEXPR
        -:  205:    inline
        -:  206:#if __cplusplus >= 201103L
        -:  207:    typename enable_if<__and_<__not_<__is_tuple_like<_Tp>>,
        -:  208:			      is_move_constructible<_Tp>,
        -:  209:			      is_move_assignable<_Tp>>::value>::type
        -:  210:#else
        -:  211:    void
        -:  212:#endif
    #####:  213:    swap(_Tp& __a, _Tp& __b)
        -:  214:    _GLIBCXX_NOEXCEPT_IF(__and_<is_nothrow_move_constructible<_Tp>,
        -:  215:				is_nothrow_move_assignable<_Tp>>::value)
        -:  216:    {
        -:  217:#if __cplusplus < 201103L
        -:  218:      // concept requirements
        -:  219:      __glibcxx_function_requires(_SGIAssignableConcept<_Tp>)
        -:  220:#endif
    #####:  221:      _Tp __tmp = _GLIBCXX_MOVE(__a);
    #####:  222:      __a = _GLIBCXX_MOVE(__b);
    #####:  223:      __b = _GLIBCXX_MOVE(__tmp);
    #####:  224:    }
------------------
_ZSt4swapISt4hashINSt7__cxx1112basic_stringIcSt11char_traitsIcESaIcEEEEENSt9enable_ifIXsrSt6__and_IJSt6__not_ISt15__is_tuple_likeIT_EESt21is_move_constructibleISC_ESt18is_move_assignableISC_EEE5valueEvE4typeERSC_SM_:
    #####:  213:    swap(_Tp& __a, _Tp& __b)
        -:  214:    _GLIBCXX_NOEXCEPT_IF(__and_<is_nothrow_move_constructible<_Tp>,
        -:  215:				is_nothrow_move_assignable<_Tp>>::value)
        -:  216:    {
        -:  217:#if __cplusplus < 201103L
        -:  218:      // concept requirements
        -:  219:      __glibcxx_function_requires(_SGIAssignableConcept<_Tp>)
        -:  220:#endif
    #####:  221:      _Tp __tmp = _GLIBCXX_MOVE(__a);
    #####:  222:      __a = _GLIBCXX_MOVE(__b);
    #####:  223:      __b = _GLIBCXX_MOVE(__tmp);
    #####:  224:    }
------------------
_ZSt4swapISt8equal_toINSt7__cxx1112basic_stringIcSt11char_traitsIcESaIcEEEEENSt9enable_ifIXsrSt6__and_IJSt6__not_ISt15__is_tuple_likeIT_EESt21is_move_constructibleISC_ESt18is_move_assignableISC_EEE5valueEvE4typeERSC_SM_:
    #####:  213:    swap(_Tp& __a, _Tp& __b)
        -:  214:    _GLIBCXX_NOEXCEPT_IF(__and_<is_nothrow_move_constructible<_Tp>,
        -:  215:				is_nothrow_move_assignable<_Tp>>::value)
        -:  216:    {
        -:  217:#if __cplusplus < 201103L
        -:  218:      // concept requirements
        -:  219:      __glibcxx_function_requires(_SGIAssignableConcept<_Tp>)
        -:  220:#endif
    #####:  221:      _Tp __tmp = _GLIBCXX_MOVE(__a);
    #####:  222:      __a = _GLIBCXX_MOVE(__b);
    #####:  223:      __b = _GLIBCXX_MOVE(__tmp);
    #####:  224:    }
------------------
_ZSt4swapIPNSt8__detail15_Hash_node_baseEENSt9enable_ifIXsrSt6__and_IJSt6__not_ISt15__is_tuple_likeIT_EESt21is_move_constructibleIS7_ESt18is_move_assignableIS7_EEE5valueEvE4typeERS7_SH_:
    #####:  213:    swap(_Tp& __a, _Tp& __b)
        -:  214:    _GLIBCXX_NOEXCEPT_IF(__and_<is_nothrow_move_constructible<_Tp>,
        -:  215:				is_nothrow_move_assignable<_Tp>>::value)
        -:  216:    {
        -:  217:#if __cplusplus < 201103L
        -:  218:      // concept requirements
        -:  219:      __glibcxx_function_requires(_SGIAssignableConcept<_Tp>)
        -:  220:#endif
    #####:  221:      _Tp __tmp = _GLIBCXX_MOVE(__a);
    #####:  222:      __a = _GLIBCXX_MOVE(__b);
    #####:  223:      __b = _GLIBCXX_MOVE(__tmp);
    #####:  224:    }
------------------
_ZSt4swapIyENSt9enable_ifIXsrSt6__and_IJSt6__not_ISt15__is_tuple_likeIT_EESt21is_move_constructibleIS4_ESt18is_move_assignableIS4_EEE5valueEvE4typeERS4_SE_:
    #####:  213:    swap(_Tp& __a, _Tp& __b)
        -:  214:    _GLIBCXX_NOEXCEPT_IF(__and_<is_nothrow_move_constructible<_Tp>,
        -:  215:				is_nothrow_move_assignable<_Tp>>::value)
        -:  216:    {
        -:  217:#if __cplusplus < 201103L
        -:  218:      // concept requirements
        -:  219:      __glibcxx_function_requires(_SGIAssignableConcept<_Tp>)
        -:  220:#endif
    #####:  221:      _Tp __tmp = _GLIBCXX_MOVE(__a);
    #####:  222:      __a = _GLIBCXX_MOVE(__b);
    #####:  223:      __b = _GLIBCXX_MOVE(__tmp);
    #####:  224:    }
------------------
_ZSt4swapIPPNSt8__detail15_Hash_node_baseEENSt9enable_ifIXsrSt6__and_IJSt6__not_ISt15__is_tuple_likeIT_EESt21is_move_constructibleIS8_ESt18is_move_assignableIS8_EEE5valueEvE4typeERS8_SI_:
    #####:  213:    swap(_Tp& __a, _Tp& __b)
        -:  214:    _GLIBCXX_NOEXCEPT_IF(__and_<is_nothrow_move_constructible<_Tp>,
        -:  215:				is_nothrow_move_assignable<_Tp>>::value)
        -:  216:    {
        -:  217:#if __cplusplus < 201103L
        -:  218:      // concept requirements
        -:  219:      __glibcxx_function_requires(_SGIAssignableConcept<_Tp>)
        -:  220:#endif
    #####:  221:      _Tp __tmp = _GLIBCXX_MOVE(__a);
    #####:  222:      __a = _GLIBCXX_MOVE(__b);
    #####:  223:      __b = _GLIBCXX_MOVE(__tmp);
    #####:  224:    }
------------------
_ZSt4swapINSt8__detail20_Prime_rehash_policyEENSt9enable_ifIXsrSt6__and_IJSt6__not_ISt15__is_tuple_likeIT_EESt21is_move_constructibleIS6_ESt18is_move_assignableIS6_EEE5valueEvE4typeERS6_SG_:
    #####:  213:    swap(_Tp& __a, _Tp& __b)
        -:  214:    _GLIBCXX_NOEXCEPT_IF(__and_<is_nothrow_move_constructible<_Tp>,
        -:  215:				is_nothrow_move_assignable<_Tp>>::value)
        -:  216:    {
        -:  217:#if __cplusplus < 201103L
        -:  218:      // concept requirements
        -:  219:      __glibcxx_function_requires(_SGIAssignableConcept<_Tp>)
        -:  220:#endif
    #####:  221:      _Tp __tmp = _GLIBCXX_MOVE(__a);
    #####:  222:      __a = _GLIBCXX_MOVE(__b);
    #####:  223:      __b = _GLIBCXX_MOVE(__tmp);
    #####:  224:    }
------------------
        -:  225:
        -:  226:  // _GLIBCXX_RESOLVE_LIB_DEFECTS
        -:  227:  // DR 809. std::swap should be overloaded for array types.
        -:  228:  /// Swap the contents of two arrays.
        -:  229:  template<typename _Tp, size_t _Nm>
        -:  230:    _GLIBCXX20_CONSTEXPR
        -:  231:    inline
        -:  232:#if __cplusplus >= 201103L
        -:  233:    typename enable_if<__is_swappable<_Tp>::value>::type
        -:  234:#else
        -:  235:    void
        -:  236:#endif
        -:  237:    swap(_Tp (&__a)[_Nm], _Tp (&__b)[_Nm])
        -:  238:    _GLIBCXX_NOEXCEPT_IF(__is_nothrow_swappable<_Tp>::value)
        -:  239:    {
        -:  240:      for (size_t __n = 0; __n < _Nm; ++__n)
        -:  241:	swap(__a[__n], __b[__n]);
        -:  242:    }
        -:  243:
        -:  244:  /// @} group utilities
        -:  245:_GLIBCXX_END_NAMESPACE_VERSION
        -:  246:} // namespace
        -:  247:
        -:  248:#endif /* _MOVE_H */
