        -:    0:Source:D:/mingw64/lib/gcc/x86_64-w64-mingw32/14.2.0/include/c++/bits/random.h
        -:    0:Graph:test_shortestPath-lab1.gcno
        -:    0:Data:test_shortestPath-lab1.gcda
        -:    0:Runs:7
        -:    1:// random number generation -*- C++ -*-
        -:    2:
        -:    3:// Copyright (C) 2009-2024 Free Software Foundation, Inc.
        -:    4://
        -:    5:// This file is part of the GNU ISO C++ Library.  This library is free
        -:    6:// software; you can redistribute it and/or modify it under the
        -:    7:// terms of the GNU General Public License as published by the
        -:    8:// Free Software Foundation; either version 3, or (at your option)
        -:    9:// any later version.
        -:   10:
        -:   11:// This library is distributed in the hope that it will be useful,
        -:   12:// but WITHOUT ANY WARRANTY; without even the implied warranty of
        -:   13:// MERCHANTABILITY or FITNESS FOR A PARTICULAR PURPOSE.  See the
        -:   14:// GNU General Public License for more details.
        -:   15:
        -:   16:// Under Section 7 of GPL version 3, you are granted additional
        -:   17:// permissions described in the GCC Runtime Library Exception, version
        -:   18:// 3.1, as published by the Free Software Foundation.
        -:   19:
        -:   20:// You should have received a copy of the GNU General Public License and
        -:   21:// a copy of the GCC Runtime Library Exception along with this program;
        -:   22:// see the files COPYING3 and COPYING.RUNTIME respectively.  If not, see
        -:   23:// <http://www.gnu.org/licenses/>.
        -:   24:
        -:   25:/**
        -:   26: * @file bits/random.h
        -:   27: *  This is an internal header file, included by other library headers.
        -:   28: *  Do not attempt to use it directly. @headername{random}
        -:   29: */
        -:   30:
        -:   31:#ifndef _RANDOM_H
        -:   32:#define _RANDOM_H 1
        -:   33:
        -:   34:#include <vector>
        -:   35:#include <bits/uniform_int_dist.h>
        -:   36:
        -:   37:namespace std _GLIBCXX_VISIBILITY(default)
        -:   38:{
        -:   39:_GLIBCXX_BEGIN_NAMESPACE_VERSION
        -:   40:
        -:   41:  // [26.4] Random number generation
        -:   42:
        -:   43:  /**
        -:   44:   * @defgroup random Random Number Generation
        -:   45:   * @ingroup numerics
        -:   46:   *
        -:   47:   * A facility for generating random numbers on selected distributions.
        -:   48:   * @{
        -:   49:   */
        -:   50:
        -:   51:  // std::uniform_random_bit_generator is defined in <bits/uniform_int_dist.h>
        -:   52:
        -:   53:  /**
        -:   54:   * @brief A function template for converting the output of a (integral)
        -:   55:   * uniform random number generator to a floatng point result in the range
        -:   56:   * [0-1).
        -:   57:   */
        -:   58:  template<typename _RealType, size_t __bits,
        -:   59:	   typename _UniformRandomNumberGenerator>
        -:   60:    _RealType
        -:   61:    generate_canonical(_UniformRandomNumberGenerator& __g);
        -:   62:
        -:   63:  /// @cond undocumented
        -:   64:  // Implementation-space details.
        -:   65:  namespace __detail
        -:   66:  {
        -:   67:#pragma GCC diagnostic push
        -:   68:#pragma GCC diagnostic ignored "-Wc++17-extensions"
        -:   69:
        -:   70:    template<typename _UIntType, size_t __w,
        -:   71:	     bool = __w < static_cast<size_t>
        -:   72:			  (std::numeric_limits<_UIntType>::digits)>
        -:   73:      struct _Shift
        -:   74:      { static constexpr _UIntType __value = 0; };
        -:   75:
        -:   76:    template<typename _UIntType, size_t __w>
        -:   77:      struct _Shift<_UIntType, __w, true>
        -:   78:      { static constexpr _UIntType __value = _UIntType(1) << __w; };
        -:   79:
        -:   80:    template<int __s,
        -:   81:	     int __which = ((__s <= __CHAR_BIT__ * sizeof (int))
        -:   82:			    + (__s <= __CHAR_BIT__ * sizeof (long))
        -:   83:			    + (__s <= __CHAR_BIT__ * sizeof (long long))
        -:   84:			    /* assume long long no bigger than __int128 */
        -:   85:			    + (__s <= 128))>
        -:   86:      struct _Select_uint_least_t
        -:   87:      {
        -:   88:	static_assert(__which < 0, /* needs to be dependent */
        -:   89:		      "sorry, would be too much trouble for a slow result");
        -:   90:      };
        -:   91:
        -:   92:    template<int __s>
        -:   93:      struct _Select_uint_least_t<__s, 4>
        -:   94:      { using type = unsigned int; };
        -:   95:
        -:   96:    template<int __s>
        -:   97:      struct _Select_uint_least_t<__s, 3>
        -:   98:      { using type = unsigned long; };
        -:   99:
        -:  100:    template<int __s>
        -:  101:      struct _Select_uint_least_t<__s, 2>
        -:  102:      { using type = unsigned long long; };
        -:  103:
        -:  104:#if __SIZEOF_INT128__ > __SIZEOF_LONG_LONG__
        -:  105:    template<int __s>
        -:  106:      struct _Select_uint_least_t<__s, 1>
        -:  107:      { __extension__ using type = unsigned __int128; };
        -:  108:#elif __has_builtin(__builtin_add_overflow) \
        -:  109:    && __has_builtin(__builtin_sub_overflow) \
        -:  110:    && defined __UINT64_TYPE__
        -:  111:    template<int __s>
        -:  112:      struct _Select_uint_least_t<__s, 1>
        -:  113:      {
        -:  114:	// This is NOT a general-purpose 128-bit integer type.
        -:  115:	// It only supports (type(a) * x + c) % m as needed by __mod.
        -:  116:	struct type
        -:  117:	{
        -:  118:	  explicit
        -:  119:	  type(uint64_t __a) noexcept : _M_lo(__a), _M_hi(0) { }
        -:  120:
        -:  121:	  // pre: __l._M_hi == 0
        -:  122:	  friend type
        -:  123:	  operator*(type __l, uint64_t __x) noexcept
        -:  124:	  {
        -:  125:	    // Split 64-bit values __l._M_lo and __x into high and low 32-bit
        -:  126:	    // limbs and multiply those individually.
        -:  127:	    // l * x = (l0 + l1) * (x0 + x1) = l0x0 + l0x1 + l1x0 + l1x1
        -:  128:
        -:  129:	    constexpr uint64_t __mask = 0xffffffff;
        -:  130:	    uint64_t __ll[2] = { __l._M_lo >> 32, __l._M_lo & __mask };
        -:  131:	    uint64_t __xx[2] = { __x >> 32, __x & __mask };
        -:  132:	    uint64_t __l0x0 = __ll[0] * __xx[0];
        -:  133:	    uint64_t __l0x1 = __ll[0] * __xx[1];
        -:  134:	    uint64_t __l1x0 = __ll[1] * __xx[0];
        -:  135:	    uint64_t __l1x1 = __ll[1] * __xx[1];
        -:  136:	    // These bits are the low half of __l._M_hi
        -:  137:	    // and the high half of __l._M_lo.
        -:  138:	    uint64_t __mid
        -:  139:	      = (__l0x1 & __mask) + (__l1x0 & __mask) + (__l1x1 >> 32);
        -:  140:	    __l._M_hi = __l0x0 + (__l0x1 >> 32) + (__l1x0 >> 32) + (__mid >> 32);
        -:  141:	    __l._M_lo = (__mid << 32) + (__l1x1 & __mask);
        -:  142:	    return __l;
        -:  143:	  }
        -:  144:
        -:  145:	  friend type
        -:  146:	  operator+(type __l, uint64_t __c) noexcept
        -:  147:	  {
        -:  148:	    __l._M_hi += __builtin_add_overflow(__l._M_lo, __c, &__l._M_lo);
        -:  149:	    return __l;
        -:  150:	  }
        -:  151:
        -:  152:	  friend type
        -:  153:	  operator%(type __l, uint64_t __m) noexcept
        -:  154:	  {
        -:  155:	    if (__builtin_expect(__l._M_hi == 0, 0))
        -:  156:	      {
        -:  157:		__l._M_lo %= __m;
        -:  158:		return __l;
        -:  159:	      }
        -:  160:
        -:  161:	    int __shift = __builtin_clzll(__m) + 64
        -:  162:			    - __builtin_clzll(__l._M_hi);
        -:  163:	    type __x(0);
        -:  164:	    if (__shift >= 64)
        -:  165:	      {
        -:  166:		__x._M_hi = __m << (__shift - 64);
        -:  167:		__x._M_lo = 0;
        -:  168:	      }
        -:  169:	    else
        -:  170:	      {
        -:  171:		__x._M_hi = __m >> (64 - __shift);
        -:  172:		__x._M_lo = __m << __shift;
        -:  173:	      }
        -:  174:
        -:  175:	    while (__l._M_hi != 0 || __l._M_lo >= __m)
        -:  176:	      {
        -:  177:		if (__x <= __l)
        -:  178:		  {
        -:  179:		    __l._M_hi -= __x._M_hi;
        -:  180:		    __l._M_hi -= __builtin_sub_overflow(__l._M_lo, __x._M_lo,
        -:  181:							&__l._M_lo);
        -:  182:		  }
        -:  183:		__x._M_lo = (__x._M_lo >> 1) | (__x._M_hi << 63);
        -:  184:		__x._M_hi >>= 1;
        -:  185:	      }
        -:  186:	    return __l;
        -:  187:	  }
        -:  188:
        -:  189:	  // pre: __l._M_hi == 0
        -:  190:	  explicit operator uint64_t() const noexcept
        -:  191:	  { return _M_lo; }
        -:  192:
        -:  193:	  friend bool operator<(const type& __l, const type& __r) noexcept
        -:  194:	  {
        -:  195:	    if (__l._M_hi < __r._M_hi)
        -:  196:	      return true;
        -:  197:	    else if (__l._M_hi == __r._M_hi)
        -:  198:	      return __l._M_lo < __r._M_lo;
        -:  199:	    else
        -:  200:	      return false;
        -:  201:	  }
        -:  202:
        -:  203:	  friend bool operator<=(const type& __l, const type& __r) noexcept
        -:  204:	  { return !(__r < __l); }
        -:  205:
        -:  206:	  uint64_t _M_lo;
        -:  207:	  uint64_t _M_hi;
        -:  208:	};
        -:  209:      };
        -:  210:#endif
        -:  211:
        -:  212:    // Assume a != 0, a < m, c < m, x < m.
        -:  213:    template<typename _Tp, _Tp __m, _Tp __a, _Tp __c,
        -:  214:	     bool __big_enough = (!(__m & (__m - 1))
        -:  215:				  || (_Tp(-1) - __c) / __a >= __m - 1),
        -:  216:             bool __schrage_ok = __m % __a < __m / __a>
        -:  217:      struct _Mod
        -:  218:      {
        -:  219:	static _Tp
        -:  220:	__calc(_Tp __x)
        -:  221:	{
        -:  222:	  using _Tp2
        -:  223:	    = typename _Select_uint_least_t<std::__lg(__a)
        -:  224:					    + std::__lg(__m) + 2>::type;
        -:  225:	  return static_cast<_Tp>((_Tp2(__a) * __x + __c) % __m);
        -:  226:	}
        -:  227:      };
        -:  228:
        -:  229:    // Schrage.
        -:  230:    template<typename _Tp, _Tp __m, _Tp __a, _Tp __c>
        -:  231:      struct _Mod<_Tp, __m, __a, __c, false, true>
        -:  232:      {
        -:  233:	static _Tp
        -:  234:	__calc(_Tp __x);
        -:  235:      };
        -:  236:
        -:  237:    // Special cases:
        -:  238:    // - for m == 2^n or m == 0, unsigned integer overflow is safe.
        -:  239:    // - a * (m - 1) + c fits in _Tp, there is no overflow.
        -:  240:    template<typename _Tp, _Tp __m, _Tp __a, _Tp __c, bool __s>
        -:  241:      struct _Mod<_Tp, __m, __a, __c, true, __s>
        -:  242:      {
        -:  243:	static _Tp
     8729:  244:	__calc(_Tp __x)
        -:  245:	{
     8729:  246:	  _Tp __res = __a * __x + __c;
        -:  247:	  if (__m)
     4361:  248:	    __res %= __m;
     8729:  249:	  return __res;
        -:  250:	}
------------------
_ZNSt8__detail4_ModIjLj624ELj1ELj0ELb1ELb1EE6__calcEj:
     4361:  244:	__calc(_Tp __x)
        -:  245:	{
     4361:  246:	  _Tp __res = __a * __x + __c;
        -:  247:	  if (__m)
     4361:  248:	    __res %= __m;
     4361:  249:	  return __res;
        -:  250:	}
------------------
_ZNSt8__detail4_ModIjLj0ELj1ELj0ELb1ELb0EE6__calcEj:
     4368:  244:	__calc(_Tp __x)
        -:  245:	{
     4368:  246:	  _Tp __res = __a * __x + __c;
        -:  247:	  if (__m)
        -:  248:	    __res %= __m;
     4368:  249:	  return __res;
        -:  250:	}
------------------
        -:  251:      };
        -:  252:
        -:  253:    template<typename _Tp, _Tp __m, _Tp __a = 1, _Tp __c = 0>
        -:  254:      inline _Tp
     8729:  255:      __mod(_Tp __x)
        -:  256:      {
        -:  257:	if constexpr (__a == 0)
        -:  258:	  return __c;
        -:  259:	else // N.B. _Mod must not be instantiated with a == 0
     8729:  260:	  return _Mod<_Tp, __m, __a, __c>::__calc(__x);
        -:  261:      }
------------------
_ZNSt8__detail5__modIjLj624ELj1ELj0EEET_S1_:
     4361:  255:      __mod(_Tp __x)
        -:  256:      {
        -:  257:	if constexpr (__a == 0)
        -:  258:	  return __c;
        -:  259:	else // N.B. _Mod must not be instantiated with a == 0
     4361:  260:	  return _Mod<_Tp, __m, __a, __c>::__calc(__x);
        -:  261:      }
------------------
_ZNSt8__detail5__modIjLj0ELj1ELj0EEET_S1_:
     4368:  255:      __mod(_Tp __x)
        -:  256:      {
        -:  257:	if constexpr (__a == 0)
        -:  258:	  return __c;
        -:  259:	else // N.B. _Mod must not be instantiated with a == 0
     4368:  260:	  return _Mod<_Tp, __m, __a, __c>::__calc(__x);
        -:  261:      }
------------------
        -:  262:
        -:  263:    /*
        -:  264:     * An adaptor class for converting the output of any Generator into
        -:  265:     * the input for a specific Distribution.
        -:  266:     */
        -:  267:    template<typename _Engine, typename _DInputType>
        -:  268:      struct _Adaptor
        -:  269:      {
        -:  270:	static_assert(std::is_floating_point<_DInputType>::value,
        -:  271:		      "template argument must be a floating point type");
        -:  272:
        -:  273:      public:
        -:  274:	_Adaptor(_Engine& __g)
        -:  275:	: _M_g(__g) { }
        -:  276:
        -:  277:	_DInputType
        -:  278:	min() const
        -:  279:	{ return _DInputType(0); }
        -:  280:
        -:  281:	_DInputType
        -:  282:	max() const
        -:  283:	{ return _DInputType(1); }
        -:  284:
        -:  285:	/*
        -:  286:	 * Converts a value generated by the adapted random number generator
        -:  287:	 * into a value in the input domain for the dependent random number
        -:  288:	 * distribution.
        -:  289:	 */
        -:  290:	_DInputType
        -:  291:	operator()()
        -:  292:	{
        -:  293:	  return std::generate_canonical<_DInputType,
        -:  294:	                            std::numeric_limits<_DInputType>::digits,
        -:  295:	                            _Engine>(_M_g);
        -:  296:	}
        -:  297:
        -:  298:      private:
        -:  299:	_Engine& _M_g;
        -:  300:      };
        -:  301:
        -:  302:    // Detect whether a template argument _Sseq is a valid seed sequence for
        -:  303:    // a random number engine _Engine with result type _Res.
        -:  304:    // Used to constrain _Engine::_Engine(_Sseq&) and _Engine::seed(_Sseq&)
        -:  305:    // as required by [rand.eng.general].
        -:  306:
        -:  307:    template<typename _Sseq>
        -:  308:      using __seed_seq_generate_t = decltype(
        -:  309:	  std::declval<_Sseq&>().generate(std::declval<uint_least32_t*>(),
        -:  310:					  std::declval<uint_least32_t*>()));
        -:  311:
        -:  312:    template<typename _Sseq, typename _Engine, typename _Res,
        -:  313:	     typename _GenerateCheck = __seed_seq_generate_t<_Sseq>>
        -:  314:      using _If_seed_seq_for = _Require<
        -:  315:        __not_<is_same<__remove_cvref_t<_Sseq>, _Engine>>,
        -:  316:	is_unsigned<typename _Sseq::result_type>,
        -:  317:	__not_<is_convertible<_Sseq, _Res>>
        -:  318:      >;
        -:  319:
        -:  320:#pragma GCC diagnostic pop
        -:  321:  } // namespace __detail
        -:  322:  /// @endcond
        -:  323:
        -:  324:  /**
        -:  325:   * @addtogroup random_generators Random Number Generators
        -:  326:   * @ingroup random
        -:  327:   *
        -:  328:   * These classes define objects which provide random or pseudorandom
        -:  329:   * numbers, either from a discrete or a continuous interval.  The
        -:  330:   * random number generator supplied as a part of this library are
        -:  331:   * all uniform random number generators which provide a sequence of
        -:  332:   * random number uniformly distributed over their range.
        -:  333:   *
        -:  334:   * A number generator is a function object with an operator() that
        -:  335:   * takes zero arguments and returns a number.
        -:  336:   *
        -:  337:   * A compliant random number generator must satisfy the following
        -:  338:   * requirements.  <table border=1 cellpadding=10 cellspacing=0>
        -:  339:   * <caption align=top>Random Number Generator Requirements</caption>
        -:  340:   * <tr><td>To be documented.</td></tr> </table>
        -:  341:   *
        -:  342:   * @{
        -:  343:   */
        -:  344:
        -:  345:  /**
        -:  346:   * @brief A model of a linear congruential random number generator.
        -:  347:   *
        -:  348:   * A random number generator that produces pseudorandom numbers via
        -:  349:   * linear function:
        -:  350:   * @f[
        -:  351:   *     x_{i+1}\leftarrow(ax_{i} + c) \bmod m 
        -:  352:   * @f]
        -:  353:   *
        -:  354:   * The template parameter @p _UIntType must be an unsigned integral type
        -:  355:   * large enough to store values up to (__m-1). If the template parameter
        -:  356:   * @p __m is 0, the modulus @p __m used is
        -:  357:   * std::numeric_limits<_UIntType>::max() plus 1. Otherwise, the template
        -:  358:   * parameters @p __a and @p __c must be less than @p __m.
        -:  359:   *
        -:  360:   * The size of the state is @f$1@f$.
        -:  361:   *
        -:  362:   * @headerfile random
        -:  363:   * @since C++11
        -:  364:   */
        -:  365:  template<typename _UIntType, _UIntType __a, _UIntType __c, _UIntType __m>
        -:  366:    class linear_congruential_engine
        -:  367:    {
        -:  368:      static_assert(std::is_unsigned<_UIntType>::value,
        -:  369:		    "result_type must be an unsigned integral type");
        -:  370:      static_assert(__m == 0u || (__a < __m && __c < __m),
        -:  371:		    "template argument substituting __m out of bounds");
        -:  372:
        -:  373:      template<typename _Sseq>
        -:  374:	using _If_seed_seq
        -:  375:	  = __detail::_If_seed_seq_for<_Sseq, linear_congruential_engine,
        -:  376:				       _UIntType>;
        -:  377:
        -:  378:    public:
        -:  379:      /** The type of the generated random value. */
        -:  380:      typedef _UIntType result_type;
        -:  381:
        -:  382:      /** The multiplier. */
        -:  383:      static constexpr result_type multiplier   = __a;
        -:  384:      /** An increment. */
        -:  385:      static constexpr result_type increment    = __c;
        -:  386:      /** The modulus. */
        -:  387:      static constexpr result_type modulus      = __m;
        -:  388:      static constexpr result_type default_seed = 1u;
        -:  389:
        -:  390:      /**
        -:  391:       * @brief Constructs a %linear_congruential_engine random number
        -:  392:       *        generator engine with seed 1.
        -:  393:       */
        -:  394:      linear_congruential_engine() : linear_congruential_engine(default_seed)
        -:  395:      { }
        -:  396:
        -:  397:      /**
        -:  398:       * @brief Constructs a %linear_congruential_engine random number
        -:  399:       *        generator engine with seed @p __s.  The default seed value
        -:  400:       *        is 1.
        -:  401:       *
        -:  402:       * @param __s The initial seed value.
        -:  403:       */
        -:  404:      explicit
        -:  405:      linear_congruential_engine(result_type __s)
        -:  406:      { seed(__s); }
        -:  407:
        -:  408:      /**
        -:  409:       * @brief Constructs a %linear_congruential_engine random number
        -:  410:       *        generator engine seeded from the seed sequence @p __q.
        -:  411:       *
        -:  412:       * @param __q the seed sequence.
        -:  413:       */
        -:  414:      template<typename _Sseq, typename = _If_seed_seq<_Sseq>>
        -:  415:        explicit
        -:  416:        linear_congruential_engine(_Sseq& __q)
        -:  417:        { seed(__q); }
        -:  418:
        -:  419:      /**
        -:  420:       * @brief Reseeds the %linear_congruential_engine random number generator
        -:  421:       *        engine sequence to the seed @p __s.
        -:  422:       *
        -:  423:       * @param __s The new seed.
        -:  424:       */
        -:  425:      void
        -:  426:      seed(result_type __s = default_seed);
        -:  427:
        -:  428:      /**
        -:  429:       * @brief Reseeds the %linear_congruential_engine random number generator
        -:  430:       *        engine
        -:  431:       * sequence using values from the seed sequence @p __q.
        -:  432:       *
        -:  433:       * @param __q the seed sequence.
        -:  434:       */
        -:  435:      template<typename _Sseq>
        -:  436:        _If_seed_seq<_Sseq>
        -:  437:        seed(_Sseq& __q);
        -:  438:
        -:  439:      /**
        -:  440:       * @brief Gets the smallest possible value in the output range.
        -:  441:       *
        -:  442:       * The minimum depends on the @p __c parameter: if it is zero, the
        -:  443:       * minimum generated must be > 0, otherwise 0 is allowed.
        -:  444:       */
        -:  445:      static constexpr result_type
        -:  446:      min()
        -:  447:      { return __c == 0u ? 1u : 0u; }
        -:  448:
        -:  449:      /**
        -:  450:       * @brief Gets the largest possible value in the output range.
        -:  451:       */
        -:  452:      static constexpr result_type
        -:  453:      max()
        -:  454:      { return __m - 1u; }
        -:  455:
        -:  456:      /**
        -:  457:       * @brief Discard a sequence of random numbers.
        -:  458:       */
        -:  459:      void
        -:  460:      discard(unsigned long long __z)
        -:  461:      {
        -:  462:	for (; __z != 0ULL; --__z)
        -:  463:	  (*this)();
        -:  464:      }
        -:  465:
        -:  466:      /**
        -:  467:       * @brief Gets the next random number in the sequence.
        -:  468:       */
        -:  469:      result_type
        -:  470:      operator()()
        -:  471:      {
        -:  472:	_M_x = __detail::__mod<_UIntType, __m, __a, __c>(_M_x);
        -:  473:	return _M_x;
        -:  474:      }
        -:  475:
        -:  476:      /**
        -:  477:       * @brief Compares two linear congruential random number generator
        -:  478:       * objects of the same type for equality.
        -:  479:       *
        -:  480:       * @param __lhs A linear congruential random number generator object.
        -:  481:       * @param __rhs Another linear congruential random number generator
        -:  482:       *              object.
        -:  483:       *
        -:  484:       * @returns true if the infinite sequences of generated values
        -:  485:       *          would be equal, false otherwise.
        -:  486:       */
        -:  487:      friend bool
        -:  488:      operator==(const linear_congruential_engine& __lhs,
        -:  489:		 const linear_congruential_engine& __rhs)
        -:  490:      { return __lhs._M_x == __rhs._M_x; }
        -:  491:
        -:  492:      /**
        -:  493:       * @brief Writes the textual representation of the state x(i) of x to
        -:  494:       *        @p __os.
        -:  495:       *
        -:  496:       * @param __os  The output stream.
        -:  497:       * @param __lcr A % linear_congruential_engine random number generator.
        -:  498:       * @returns __os.
        -:  499:       */
        -:  500:      template<typename _UIntType1, _UIntType1 __a1, _UIntType1 __c1,
        -:  501:	       _UIntType1 __m1, typename _CharT, typename _Traits>
        -:  502:	friend std::basic_ostream<_CharT, _Traits>&
        -:  503:	operator<<(std::basic_ostream<_CharT, _Traits>& __os,
        -:  504:		   const std::linear_congruential_engine<_UIntType1,
        -:  505:		   __a1, __c1, __m1>& __lcr);
        -:  506:
        -:  507:      /**
        -:  508:       * @brief Sets the state of the engine by reading its textual
        -:  509:       *        representation from @p __is.
        -:  510:       *
        -:  511:       * The textual representation must have been previously written using
        -:  512:       * an output stream whose imbued locale and whose type's template
        -:  513:       * specialization arguments _CharT and _Traits were the same as those
        -:  514:       * of @p __is.
        -:  515:       *
        -:  516:       * @param __is  The input stream.
        -:  517:       * @param __lcr A % linear_congruential_engine random number generator.
        -:  518:       * @returns __is.
        -:  519:       */
        -:  520:      template<typename _UIntType1, _UIntType1 __a1, _UIntType1 __c1,
        -:  521:	       _UIntType1 __m1, typename _CharT, typename _Traits>
        -:  522:	friend std::basic_istream<_CharT, _Traits>&
        -:  523:	operator>>(std::basic_istream<_CharT, _Traits>& __is,
        -:  524:		   std::linear_congruential_engine<_UIntType1, __a1,
        -:  525:		   __c1, __m1>& __lcr);
        -:  526:
        -:  527:    private:
        -:  528:      _UIntType _M_x;
        -:  529:    };
        -:  530:
        -:  531:#if __cpp_impl_three_way_comparison < 201907L
        -:  532:  /**
        -:  533:   * @brief Compares two linear congruential random number generator
        -:  534:   * objects of the same type for inequality.
        -:  535:   *
        -:  536:   * @param __lhs A linear congruential random number generator object.
        -:  537:   * @param __rhs Another linear congruential random number generator
        -:  538:   *              object.
        -:  539:   *
        -:  540:   * @returns true if the infinite sequences of generated values
        -:  541:   *          would be different, false otherwise.
        -:  542:   */
        -:  543:  template<typename _UIntType, _UIntType __a, _UIntType __c, _UIntType __m>
        -:  544:    inline bool
        -:  545:    operator!=(const std::linear_congruential_engine<_UIntType, __a,
        -:  546:	       __c, __m>& __lhs,
        -:  547:	       const std::linear_congruential_engine<_UIntType, __a,
        -:  548:	       __c, __m>& __rhs)
        -:  549:    { return !(__lhs == __rhs); }
        -:  550:#endif
        -:  551:
        -:  552:  /**
        -:  553:   * A generalized feedback shift register discrete random number generator.
        -:  554:   *
        -:  555:   * This algorithm avoids multiplication and division and is designed to be
        -:  556:   * friendly to a pipelined architecture.  If the parameters are chosen
        -:  557:   * correctly, this generator will produce numbers with a very long period and
        -:  558:   * fairly good apparent entropy, although still not cryptographically strong.
        -:  559:   *
        -:  560:   * The best way to use this generator is with the predefined mt19937 class.
        -:  561:   *
        -:  562:   * This algorithm was originally invented by Makoto Matsumoto and
        -:  563:   * Takuji Nishimura.
        -:  564:   *
        -:  565:   * @tparam __w  Word size, the number of bits in each element of 
        -:  566:   *              the state vector.
        -:  567:   * @tparam __n  The degree of recursion.
        -:  568:   * @tparam __m  The period parameter.
        -:  569:   * @tparam __r  The separation point bit index.
        -:  570:   * @tparam __a  The last row of the twist matrix.
        -:  571:   * @tparam __u  The first right-shift tempering matrix parameter.
        -:  572:   * @tparam __d  The first right-shift tempering matrix mask.
        -:  573:   * @tparam __s  The first left-shift tempering matrix parameter.
        -:  574:   * @tparam __b  The first left-shift tempering matrix mask.
        -:  575:   * @tparam __t  The second left-shift tempering matrix parameter.
        -:  576:   * @tparam __c  The second left-shift tempering matrix mask.
        -:  577:   * @tparam __l  The second right-shift tempering matrix parameter.
        -:  578:   * @tparam __f  Initialization multiplier.
        -:  579:   *
        -:  580:   * @headerfile random
        -:  581:   * @since C++11
        -:  582:   */
        -:  583:  template<typename _UIntType, size_t __w,
        -:  584:	   size_t __n, size_t __m, size_t __r,
        -:  585:	   _UIntType __a, size_t __u, _UIntType __d, size_t __s,
        -:  586:	   _UIntType __b, size_t __t,
        -:  587:	   _UIntType __c, size_t __l, _UIntType __f>
        -:  588:    class mersenne_twister_engine
        -:  589:    {
        -:  590:      static_assert(std::is_unsigned<_UIntType>::value,
        -:  591:		    "result_type must be an unsigned integral type");
        -:  592:      static_assert(1u <= __m && __m <= __n,
        -:  593:		    "template argument substituting __m out of bounds");
        -:  594:      static_assert(__r <= __w, "template argument substituting "
        -:  595:		    "__r out of bound");
        -:  596:      static_assert(__u <= __w, "template argument substituting "
        -:  597:		    "__u out of bound");
        -:  598:      static_assert(__s <= __w, "template argument substituting "
        -:  599:		    "__s out of bound");
        -:  600:      static_assert(__t <= __w, "template argument substituting "
        -:  601:		    "__t out of bound");
        -:  602:      static_assert(__l <= __w, "template argument substituting "
        -:  603:		    "__l out of bound");
        -:  604:      static_assert(__w <= std::numeric_limits<_UIntType>::digits,
        -:  605:		    "template argument substituting __w out of bound");
        -:  606:      static_assert(__a <= (__detail::_Shift<_UIntType, __w>::__value - 1),
        -:  607:		    "template argument substituting __a out of bound");
        -:  608:      static_assert(__b <= (__detail::_Shift<_UIntType, __w>::__value - 1),
        -:  609:		    "template argument substituting __b out of bound");
        -:  610:      static_assert(__c <= (__detail::_Shift<_UIntType, __w>::__value - 1),
        -:  611:		    "template argument substituting __c out of bound");
        -:  612:      static_assert(__d <= (__detail::_Shift<_UIntType, __w>::__value - 1),
        -:  613:		    "template argument substituting __d out of bound");
        -:  614:      static_assert(__f <= (__detail::_Shift<_UIntType, __w>::__value - 1),
        -:  615:		    "template argument substituting __f out of bound");
        -:  616:
        -:  617:      template<typename _Sseq>
        -:  618:	using _If_seed_seq
        -:  619:	  = __detail::_If_seed_seq_for<_Sseq, mersenne_twister_engine,
        -:  620:				       _UIntType>;
        -:  621:
        -:  622:    public:
        -:  623:      /** The type of the generated random value. */
        -:  624:      typedef _UIntType result_type;
        -:  625:
        -:  626:      // parameter values
        -:  627:      static constexpr size_t      word_size                 = __w;
        -:  628:      static constexpr size_t      state_size                = __n;
        -:  629:      static constexpr size_t      shift_size                = __m;
        -:  630:      static constexpr size_t      mask_bits                 = __r;
        -:  631:      static constexpr result_type xor_mask                  = __a;
        -:  632:      static constexpr size_t      tempering_u               = __u;
        -:  633:      static constexpr result_type tempering_d               = __d;
        -:  634:      static constexpr size_t      tempering_s               = __s;
        -:  635:      static constexpr result_type tempering_b               = __b;
        -:  636:      static constexpr size_t      tempering_t               = __t;
        -:  637:      static constexpr result_type tempering_c               = __c;
        -:  638:      static constexpr size_t      tempering_l               = __l;
        -:  639:      static constexpr result_type initialization_multiplier = __f;
        -:  640:      static constexpr result_type default_seed = 5489u;
        -:  641:
        -:  642:      // constructors and member functions
        -:  643:
        -:  644:      mersenne_twister_engine() : mersenne_twister_engine(default_seed) { }
        -:  645:
        -:  646:      explicit
        7:  647:      mersenne_twister_engine(result_type __sd)
        7:  648:      { seed(__sd); }
        -:  649:
        -:  650:      /**
        -:  651:       * @brief Constructs a %mersenne_twister_engine random number generator
        -:  652:       *        engine seeded from the seed sequence @p __q.
        -:  653:       *
        -:  654:       * @param __q the seed sequence.
        -:  655:       */
        -:  656:      template<typename _Sseq, typename = _If_seed_seq<_Sseq>>
        -:  657:        explicit
        -:  658:        mersenne_twister_engine(_Sseq& __q)
        -:  659:        { seed(__q); }
        -:  660:
        -:  661:      void
        -:  662:      seed(result_type __sd = default_seed);
        -:  663:
        -:  664:      template<typename _Sseq>
        -:  665:        _If_seed_seq<_Sseq>
        -:  666:        seed(_Sseq& __q);
        -:  667:
        -:  668:      /**
        -:  669:       * @brief Gets the smallest possible value in the output range.
        -:  670:       */
        -:  671:      static constexpr result_type
        -:  672:      min()
        -:  673:      { return 0; }
        -:  674:
        -:  675:      /**
        -:  676:       * @brief Gets the largest possible value in the output range.
        -:  677:       */
        -:  678:      static constexpr result_type
        -:  679:      max()
        -:  680:      { return __detail::_Shift<_UIntType, __w>::__value - 1; }
        -:  681:
        -:  682:      /**
        -:  683:       * @brief Discard a sequence of random numbers.
        -:  684:       */
        -:  685:      void
        -:  686:      discard(unsigned long long __z);
        -:  687:
        -:  688:      result_type
        -:  689:      operator()();
        -:  690:
        -:  691:      /**
        -:  692:       * @brief Compares two % mersenne_twister_engine random number generator
        -:  693:       *        objects of the same type for equality.
        -:  694:       *
        -:  695:       * @param __lhs A % mersenne_twister_engine random number generator
        -:  696:       *              object.
        -:  697:       * @param __rhs Another % mersenne_twister_engine random number
        -:  698:       *              generator object.
        -:  699:       *
        -:  700:       * @returns true if the infinite sequences of generated values
        -:  701:       *          would be equal, false otherwise.
        -:  702:       */
        -:  703:      friend bool
        -:  704:      operator==(const mersenne_twister_engine& __lhs,
        -:  705:		 const mersenne_twister_engine& __rhs)
        -:  706:      { return (std::equal(__lhs._M_x, __lhs._M_x + state_size, __rhs._M_x)
        -:  707:		&& __lhs._M_p == __rhs._M_p); }
        -:  708:
        -:  709:      /**
        -:  710:       * @brief Inserts the current state of a % mersenne_twister_engine
        -:  711:       *        random number generator engine @p __x into the output stream
        -:  712:       *        @p __os.
        -:  713:       *
        -:  714:       * @param __os An output stream.
        -:  715:       * @param __x  A % mersenne_twister_engine random number generator
        -:  716:       *             engine.
        -:  717:       *
        -:  718:       * @returns The output stream with the state of @p __x inserted or in
        -:  719:       * an error state.
        -:  720:       */
        -:  721:      template<typename _UIntType1,
        -:  722:	       size_t __w1, size_t __n1,
        -:  723:	       size_t __m1, size_t __r1,
        -:  724:	       _UIntType1 __a1, size_t __u1,
        -:  725:	       _UIntType1 __d1, size_t __s1,
        -:  726:	       _UIntType1 __b1, size_t __t1,
        -:  727:	       _UIntType1 __c1, size_t __l1, _UIntType1 __f1,
        -:  728:	       typename _CharT, typename _Traits>
        -:  729:	friend std::basic_ostream<_CharT, _Traits>&
        -:  730:	operator<<(std::basic_ostream<_CharT, _Traits>& __os,
        -:  731:		   const std::mersenne_twister_engine<_UIntType1, __w1, __n1,
        -:  732:		   __m1, __r1, __a1, __u1, __d1, __s1, __b1, __t1, __c1,
        -:  733:		   __l1, __f1>& __x);
        -:  734:
        -:  735:      /**
        -:  736:       * @brief Extracts the current state of a % mersenne_twister_engine
        -:  737:       *        random number generator engine @p __x from the input stream
        -:  738:       *        @p __is.
        -:  739:       *
        -:  740:       * @param __is An input stream.
        -:  741:       * @param __x  A % mersenne_twister_engine random number generator
        -:  742:       *             engine.
        -:  743:       *
        -:  744:       * @returns The input stream with the state of @p __x extracted or in
        -:  745:       * an error state.
        -:  746:       */
        -:  747:      template<typename _UIntType1,
        -:  748:	       size_t __w1, size_t __n1,
        -:  749:	       size_t __m1, size_t __r1,
        -:  750:	       _UIntType1 __a1, size_t __u1,
        -:  751:	       _UIntType1 __d1, size_t __s1,
        -:  752:	       _UIntType1 __b1, size_t __t1,
        -:  753:	       _UIntType1 __c1, size_t __l1, _UIntType1 __f1,
        -:  754:	       typename _CharT, typename _Traits>
        -:  755:	friend std::basic_istream<_CharT, _Traits>&
        -:  756:	operator>>(std::basic_istream<_CharT, _Traits>& __is,
        -:  757:		   std::mersenne_twister_engine<_UIntType1, __w1, __n1, __m1,
        -:  758:		   __r1, __a1, __u1, __d1, __s1, __b1, __t1, __c1,
        -:  759:		   __l1, __f1>& __x);
        -:  760:
        -:  761:    private:
        -:  762:      void _M_gen_rand();
        -:  763:
        -:  764:      _UIntType _M_x[state_size];
        -:  765:      size_t    _M_p;
        -:  766:    };
        -:  767:
        -:  768:#if __cpp_impl_three_way_comparison < 201907L
        -:  769:  /**
        -:  770:   * @brief Compares two % mersenne_twister_engine random number generator
        -:  771:   *        objects of the same type for inequality.
        -:  772:   *
        -:  773:   * @param __lhs A % mersenne_twister_engine random number generator
        -:  774:   *              object.
        -:  775:   * @param __rhs Another % mersenne_twister_engine random number
        -:  776:   *              generator object.
        -:  777:   *
        -:  778:   * @returns true if the infinite sequences of generated values
        -:  779:   *          would be different, false otherwise.
        -:  780:   */
        -:  781:  template<typename _UIntType, size_t __w,
        -:  782:	   size_t __n, size_t __m, size_t __r,
        -:  783:	   _UIntType __a, size_t __u, _UIntType __d, size_t __s,
        -:  784:	   _UIntType __b, size_t __t,
        -:  785:	   _UIntType __c, size_t __l, _UIntType __f>
        -:  786:    inline bool
        -:  787:    operator!=(const std::mersenne_twister_engine<_UIntType, __w, __n, __m,
        -:  788:	       __r, __a, __u, __d, __s, __b, __t, __c, __l, __f>& __lhs,
        -:  789:	       const std::mersenne_twister_engine<_UIntType, __w, __n, __m,
        -:  790:	       __r, __a, __u, __d, __s, __b, __t, __c, __l, __f>& __rhs)
        -:  791:    { return !(__lhs == __rhs); }
        -:  792:#endif
        -:  793:
        -:  794:  /**
        -:  795:   * @brief The Marsaglia-Zaman generator.
        -:  796:   *
        -:  797:   * This is a model of a Generalized Fibonacci discrete random number
        -:  798:   * generator, sometimes referred to as the SWC generator.
        -:  799:   *
        -:  800:   * A discrete random number generator that produces pseudorandom
        -:  801:   * numbers using:
        -:  802:   * @f[
        -:  803:   *     x_{i}\leftarrow(x_{i - s} - x_{i - r} - carry_{i-1}) \bmod m 
        -:  804:   * @f]
        -:  805:   *
        -:  806:   * The size of the state is @f$r@f$
        -:  807:   * and the maximum period of the generator is @f$(m^r - m^s - 1)@f$.
        -:  808:   *
        -:  809:   * @headerfile random
        -:  810:   * @since C++11
        -:  811:   */
        -:  812:  template<typename _UIntType, size_t __w, size_t __s, size_t __r>
        -:  813:    class subtract_with_carry_engine
        -:  814:    {
        -:  815:      static_assert(std::is_unsigned<_UIntType>::value,
        -:  816:		    "result_type must be an unsigned integral type");
        -:  817:      static_assert(0u < __s && __s < __r,
        -:  818:		    "0 < s < r");
        -:  819:      static_assert(0u < __w && __w <= std::numeric_limits<_UIntType>::digits,
        -:  820:		    "template argument substituting __w out of bounds");
        -:  821:
        -:  822:      template<typename _Sseq>
        -:  823:	using _If_seed_seq
        -:  824:	  = __detail::_If_seed_seq_for<_Sseq, subtract_with_carry_engine,
        -:  825:				       _UIntType>;
        -:  826:
        -:  827:    public:
        -:  828:      /** The type of the generated random value. */
        -:  829:      typedef _UIntType result_type;
        -:  830:
        -:  831:      // parameter values
        -:  832:      static constexpr size_t      word_size    = __w;
        -:  833:      static constexpr size_t      short_lag    = __s;
        -:  834:      static constexpr size_t      long_lag     = __r;
        -:  835:      static constexpr uint_least32_t default_seed = 19780503u;
        -:  836:
        -:  837:      subtract_with_carry_engine() : subtract_with_carry_engine(0u)
        -:  838:      { }
        -:  839:
        -:  840:      /**
        -:  841:       * @brief Constructs an explicitly seeded %subtract_with_carry_engine
        -:  842:       *        random number generator.
        -:  843:       */
        -:  844:      explicit
        -:  845:      subtract_with_carry_engine(result_type __sd)
        -:  846:      { seed(__sd); }
        -:  847:
        -:  848:      /**
        -:  849:       * @brief Constructs a %subtract_with_carry_engine random number engine
        -:  850:       *        seeded from the seed sequence @p __q.
        -:  851:       *
        -:  852:       * @param __q the seed sequence.
        -:  853:       */
        -:  854:      template<typename _Sseq, typename = _If_seed_seq<_Sseq>>
        -:  855:        explicit
        -:  856:        subtract_with_carry_engine(_Sseq& __q)
        -:  857:        { seed(__q); }
        -:  858:
        -:  859:      /**
        -:  860:       * @brief Seeds the initial state @f$x_0@f$ of the random number
        -:  861:       *        generator.
        -:  862:       *
        -:  863:       * N1688[4.19] modifies this as follows.  If @p __value == 0,
        -:  864:       * sets value to 19780503.  In any case, with a linear
        -:  865:       * congruential generator lcg(i) having parameters @f$ m_{lcg} =
        -:  866:       * 2147483563, a_{lcg} = 40014, c_{lcg} = 0, and lcg(0) = value
        -:  867:       * @f$, sets @f$ x_{-r} \dots x_{-1} @f$ to @f$ lcg(1) \bmod m
        -:  868:       * \dots lcg(r) \bmod m @f$ respectively.  If @f$ x_{-1} = 0 @f$
        -:  869:       * set carry to 1, otherwise sets carry to 0.
        -:  870:       */
        -:  871:      void
        -:  872:      seed(result_type __sd = 0u);
        -:  873:
        -:  874:      /**
        -:  875:       * @brief Seeds the initial state @f$x_0@f$ of the
        -:  876:       * % subtract_with_carry_engine random number generator.
        -:  877:       */
        -:  878:      template<typename _Sseq>
        -:  879:	_If_seed_seq<_Sseq>
        -:  880:        seed(_Sseq& __q);
        -:  881:
        -:  882:      /**
        -:  883:       * @brief Gets the inclusive minimum value of the range of random
        -:  884:       * integers returned by this generator.
        -:  885:       */
        -:  886:      static constexpr result_type
        -:  887:      min()
        -:  888:      { return 0; }
        -:  889:
        -:  890:      /**
        -:  891:       * @brief Gets the inclusive maximum value of the range of random
        -:  892:       * integers returned by this generator.
        -:  893:       */
        -:  894:      static constexpr result_type
        -:  895:      max()
        -:  896:      { return __detail::_Shift<_UIntType, __w>::__value - 1; }
        -:  897:
        -:  898:      /**
        -:  899:       * @brief Discard a sequence of random numbers.
        -:  900:       */
        -:  901:      void
        -:  902:      discard(unsigned long long __z)
        -:  903:      {
        -:  904:	for (; __z != 0ULL; --__z)
        -:  905:	  (*this)();
        -:  906:      }
        -:  907:
        -:  908:      /**
        -:  909:       * @brief Gets the next random number in the sequence.
        -:  910:       */
        -:  911:      result_type
        -:  912:      operator()();
        -:  913:
        -:  914:      /**
        -:  915:       * @brief Compares two % subtract_with_carry_engine random number
        -:  916:       *        generator objects of the same type for equality.
        -:  917:       *
        -:  918:       * @param __lhs A % subtract_with_carry_engine random number generator
        -:  919:       *              object.
        -:  920:       * @param __rhs Another % subtract_with_carry_engine random number
        -:  921:       *              generator object.
        -:  922:       *
        -:  923:       * @returns true if the infinite sequences of generated values
        -:  924:       *          would be equal, false otherwise.
        -:  925:      */
        -:  926:      friend bool
        -:  927:      operator==(const subtract_with_carry_engine& __lhs,
        -:  928:		 const subtract_with_carry_engine& __rhs)
        -:  929:      { return (std::equal(__lhs._M_x, __lhs._M_x + long_lag, __rhs._M_x)
        -:  930:		&& __lhs._M_carry == __rhs._M_carry
        -:  931:		&& __lhs._M_p == __rhs._M_p); }
        -:  932:
        -:  933:      /**
        -:  934:       * @brief Inserts the current state of a % subtract_with_carry_engine
        -:  935:       *        random number generator engine @p __x into the output stream
        -:  936:       *        @p __os.
        -:  937:       *
        -:  938:       * @param __os An output stream.
        -:  939:       * @param __x  A % subtract_with_carry_engine random number generator
        -:  940:       *             engine.
        -:  941:       *
        -:  942:       * @returns The output stream with the state of @p __x inserted or in
        -:  943:       * an error state.
        -:  944:       */
        -:  945:      template<typename _UIntType1, size_t __w1, size_t __s1, size_t __r1,
        -:  946:	       typename _CharT, typename _Traits>
        -:  947:	friend std::basic_ostream<_CharT, _Traits>&
        -:  948:	operator<<(std::basic_ostream<_CharT, _Traits>& __os,
        -:  949:		   const std::subtract_with_carry_engine<_UIntType1, __w1,
        -:  950:		   __s1, __r1>& __x);
        -:  951:
        -:  952:      /**
        -:  953:       * @brief Extracts the current state of a % subtract_with_carry_engine
        -:  954:       *        random number generator engine @p __x from the input stream
        -:  955:       *        @p __is.
        -:  956:       *
        -:  957:       * @param __is An input stream.
        -:  958:       * @param __x  A % subtract_with_carry_engine random number generator
        -:  959:       *             engine.
        -:  960:       *
        -:  961:       * @returns The input stream with the state of @p __x extracted or in
        -:  962:       * an error state.
        -:  963:       */
        -:  964:      template<typename _UIntType1, size_t __w1, size_t __s1, size_t __r1,
        -:  965:	       typename _CharT, typename _Traits>
        -:  966:	friend std::basic_istream<_CharT, _Traits>&
        -:  967:	operator>>(std::basic_istream<_CharT, _Traits>& __is,
        -:  968:		   std::subtract_with_carry_engine<_UIntType1, __w1,
        -:  969:		   __s1, __r1>& __x);
        -:  970:
        -:  971:    private:
        -:  972:      /// The state of the generator.  This is a ring buffer.
        -:  973:      _UIntType  _M_x[long_lag];
        -:  974:      _UIntType  _M_carry;		///< The carry
        -:  975:      size_t     _M_p;			///< Current index of x(i - r).
        -:  976:    };
        -:  977:
        -:  978:#if __cpp_impl_three_way_comparison < 201907L
        -:  979:  /**
        -:  980:   * @brief Compares two % subtract_with_carry_engine random number
        -:  981:   *        generator objects of the same type for inequality.
        -:  982:   *
        -:  983:   * @param __lhs A % subtract_with_carry_engine random number generator
        -:  984:   *              object.
        -:  985:   * @param __rhs Another % subtract_with_carry_engine random number
        -:  986:   *              generator object.
        -:  987:   *
        -:  988:   * @returns true if the infinite sequences of generated values
        -:  989:   *          would be different, false otherwise.
        -:  990:   */
        -:  991:  template<typename _UIntType, size_t __w, size_t __s, size_t __r>
        -:  992:    inline bool
        -:  993:    operator!=(const std::subtract_with_carry_engine<_UIntType, __w,
        -:  994:	       __s, __r>& __lhs,
        -:  995:	       const std::subtract_with_carry_engine<_UIntType, __w,
        -:  996:	       __s, __r>& __rhs)
        -:  997:    { return !(__lhs == __rhs); }
        -:  998:#endif
        -:  999:
        -: 1000:  /**
        -: 1001:   * Produces random numbers from some base engine by discarding blocks of
        -: 1002:   * data.
        -: 1003:   *
        -: 1004:   * @pre @f$ 0 \leq r \leq p @f$
        -: 1005:   *
        -: 1006:   * @headerfile random
        -: 1007:   * @since C++11
        -: 1008:   */
        -: 1009:  template<typename _RandomNumberEngine, size_t __p, size_t __r>
        -: 1010:    class discard_block_engine
        -: 1011:    {
        -: 1012:      static_assert(1 <= __r && __r <= __p,
        -: 1013:		    "template argument substituting __r out of bounds");
        -: 1014:
        -: 1015:    public:
        -: 1016:      /** The type of the generated random value. */
        -: 1017:      typedef typename _RandomNumberEngine::result_type result_type;
        -: 1018:
        -: 1019:      template<typename _Sseq>
        -: 1020:	using _If_seed_seq
        -: 1021:	  = __detail::_If_seed_seq_for<_Sseq, discard_block_engine,
        -: 1022:				       result_type>;
        -: 1023:
        -: 1024:      // parameter values
        -: 1025:      static constexpr size_t block_size = __p;
        -: 1026:      static constexpr size_t used_block = __r;
        -: 1027:
        -: 1028:      /**
        -: 1029:       * @brief Constructs a default %discard_block_engine engine.
        -: 1030:       *
        -: 1031:       * The underlying engine is default constructed as well.
        -: 1032:       */
        -: 1033:      discard_block_engine()
        -: 1034:      : _M_b(), _M_n(0) { }
        -: 1035:
        -: 1036:      /**
        -: 1037:       * @brief Copy constructs a %discard_block_engine engine.
        -: 1038:       *
        -: 1039:       * Copies an existing base class random number generator.
        -: 1040:       * @param __rng An existing (base class) engine object.
        -: 1041:       */
        -: 1042:      explicit
        -: 1043:      discard_block_engine(const _RandomNumberEngine& __rng)
        -: 1044:      : _M_b(__rng), _M_n(0) { }
        -: 1045:
        -: 1046:      /**
        -: 1047:       * @brief Move constructs a %discard_block_engine engine.
        -: 1048:       *
        -: 1049:       * Copies an existing base class random number generator.
        -: 1050:       * @param __rng An existing (base class) engine object.
        -: 1051:       */
        -: 1052:      explicit
        -: 1053:      discard_block_engine(_RandomNumberEngine&& __rng)
        -: 1054:      : _M_b(std::move(__rng)), _M_n(0) { }
        -: 1055:
        -: 1056:      /**
        -: 1057:       * @brief Seed constructs a %discard_block_engine engine.
        -: 1058:       *
        -: 1059:       * Constructs the underlying generator engine seeded with @p __s.
        -: 1060:       * @param __s A seed value for the base class engine.
        -: 1061:       */
        -: 1062:      explicit
        -: 1063:      discard_block_engine(result_type __s)
        -: 1064:      : _M_b(__s), _M_n(0) { }
        -: 1065:
        -: 1066:      /**
        -: 1067:       * @brief Generator construct a %discard_block_engine engine.
        -: 1068:       *
        -: 1069:       * @param __q A seed sequence.
        -: 1070:       */
        -: 1071:      template<typename _Sseq, typename = _If_seed_seq<_Sseq>>
        -: 1072:        explicit
        -: 1073:        discard_block_engine(_Sseq& __q)
        -: 1074:	: _M_b(__q), _M_n(0)
        -: 1075:        { }
        -: 1076:
        -: 1077:      /**
        -: 1078:       * @brief Reseeds the %discard_block_engine object with the default
        -: 1079:       *        seed for the underlying base class generator engine.
        -: 1080:       */
        -: 1081:      void
        -: 1082:      seed()
        -: 1083:      {
        -: 1084:	_M_b.seed();
        -: 1085:	_M_n = 0;
        -: 1086:      }
        -: 1087:
        -: 1088:      /**
        -: 1089:       * @brief Reseeds the %discard_block_engine object with the default
        -: 1090:       *        seed for the underlying base class generator engine.
        -: 1091:       */
        -: 1092:      void
        -: 1093:      seed(result_type __s)
        -: 1094:      {
        -: 1095:	_M_b.seed(__s);
        -: 1096:	_M_n = 0;
        -: 1097:      }
        -: 1098:
        -: 1099:      /**
        -: 1100:       * @brief Reseeds the %discard_block_engine object with the given seed
        -: 1101:       *        sequence.
        -: 1102:       * @param __q A seed generator function.
        -: 1103:       */
        -: 1104:      template<typename _Sseq>
        -: 1105:        _If_seed_seq<_Sseq>
        -: 1106:        seed(_Sseq& __q)
        -: 1107:        {
        -: 1108:	  _M_b.seed(__q);
        -: 1109:	  _M_n = 0;
        -: 1110:	}
        -: 1111:
        -: 1112:      /**
        -: 1113:       * @brief Gets a const reference to the underlying generator engine
        -: 1114:       *        object.
        -: 1115:       */
        -: 1116:      const _RandomNumberEngine&
        -: 1117:      base() const noexcept
        -: 1118:      { return _M_b; }
        -: 1119:
        -: 1120:      /**
        -: 1121:       * @brief Gets the minimum value in the generated random number range.
        -: 1122:       */
        -: 1123:      static constexpr result_type
        -: 1124:      min()
        -: 1125:      { return _RandomNumberEngine::min(); }
        -: 1126:
        -: 1127:      /**
        -: 1128:       * @brief Gets the maximum value in the generated random number range.
        -: 1129:       */
        -: 1130:      static constexpr result_type
        -: 1131:      max()
        -: 1132:      { return _RandomNumberEngine::max(); }
        -: 1133:
        -: 1134:      /**
        -: 1135:       * @brief Discard a sequence of random numbers.
        -: 1136:       */
        -: 1137:      void
        -: 1138:      discard(unsigned long long __z)
        -: 1139:      {
        -: 1140:	for (; __z != 0ULL; --__z)
        -: 1141:	  (*this)();
        -: 1142:      }
        -: 1143:
        -: 1144:      /**
        -: 1145:       * @brief Gets the next value in the generated random number sequence.
        -: 1146:       */
        -: 1147:      result_type
        -: 1148:      operator()();
        -: 1149:
        -: 1150:      /**
        -: 1151:       * @brief Compares two %discard_block_engine random number generator
        -: 1152:       *        objects of the same type for equality.
        -: 1153:       *
        -: 1154:       * @param __lhs A %discard_block_engine random number generator object.
        -: 1155:       * @param __rhs Another %discard_block_engine random number generator
        -: 1156:       *              object.
        -: 1157:       *
        -: 1158:       * @returns true if the infinite sequences of generated values
        -: 1159:       *          would be equal, false otherwise.
        -: 1160:       */
        -: 1161:      friend bool
        -: 1162:      operator==(const discard_block_engine& __lhs,
        -: 1163:		 const discard_block_engine& __rhs)
        -: 1164:      { return __lhs._M_b == __rhs._M_b && __lhs._M_n == __rhs._M_n; }
        -: 1165:
        -: 1166:      /**
        -: 1167:       * @brief Inserts the current state of a %discard_block_engine random
        -: 1168:       *        number generator engine @p __x into the output stream
        -: 1169:       *        @p __os.
        -: 1170:       *
        -: 1171:       * @param __os An output stream.
        -: 1172:       * @param __x  A %discard_block_engine random number generator engine.
        -: 1173:       *
        -: 1174:       * @returns The output stream with the state of @p __x inserted or in
        -: 1175:       * an error state.
        -: 1176:       */
        -: 1177:      template<typename _RandomNumberEngine1, size_t __p1, size_t __r1,
        -: 1178:	       typename _CharT, typename _Traits>
        -: 1179:	friend std::basic_ostream<_CharT, _Traits>&
        -: 1180:	operator<<(std::basic_ostream<_CharT, _Traits>& __os,
        -: 1181:		   const std::discard_block_engine<_RandomNumberEngine1,
        -: 1182:		   __p1, __r1>& __x);
        -: 1183:
        -: 1184:      /**
        -: 1185:       * @brief Extracts the current state of a % subtract_with_carry_engine
        -: 1186:       *        random number generator engine @p __x from the input stream
        -: 1187:       *        @p __is.
        -: 1188:       *
        -: 1189:       * @param __is An input stream.
        -: 1190:       * @param __x  A %discard_block_engine random number generator engine.
        -: 1191:       *
        -: 1192:       * @returns The input stream with the state of @p __x extracted or in
        -: 1193:       * an error state.
        -: 1194:       */
        -: 1195:      template<typename _RandomNumberEngine1, size_t __p1, size_t __r1,
        -: 1196:	       typename _CharT, typename _Traits>
        -: 1197:	friend std::basic_istream<_CharT, _Traits>&
        -: 1198:	operator>>(std::basic_istream<_CharT, _Traits>& __is,
        -: 1199:		   std::discard_block_engine<_RandomNumberEngine1,
        -: 1200:		   __p1, __r1>& __x);
        -: 1201:
        -: 1202:    private:
        -: 1203:      _RandomNumberEngine _M_b;
        -: 1204:      size_t _M_n;
        -: 1205:    };
        -: 1206:
        -: 1207:#if __cpp_impl_three_way_comparison < 201907L
        -: 1208:  /**
        -: 1209:   * @brief Compares two %discard_block_engine random number generator
        -: 1210:   *        objects of the same type for inequality.
        -: 1211:   *
        -: 1212:   * @param __lhs A %discard_block_engine random number generator object.
        -: 1213:   * @param __rhs Another %discard_block_engine random number generator
        -: 1214:   *              object.
        -: 1215:   *
        -: 1216:   * @returns true if the infinite sequences of generated values
        -: 1217:   *          would be different, false otherwise.
        -: 1218:   */
        -: 1219:  template<typename _RandomNumberEngine, size_t __p, size_t __r>
        -: 1220:    inline bool
        -: 1221:    operator!=(const std::discard_block_engine<_RandomNumberEngine, __p,
        -: 1222:	       __r>& __lhs,
        -: 1223:	       const std::discard_block_engine<_RandomNumberEngine, __p,
        -: 1224:	       __r>& __rhs)
        -: 1225:    { return !(__lhs == __rhs); }
        -: 1226:#endif
        -: 1227:
        -: 1228:  /**
        -: 1229:   * Produces random numbers by combining random numbers from some base
        -: 1230:   * engine to produce random numbers with a specified number of bits @p __w.
        -: 1231:   *
        -: 1232:   * @headerfile random
        -: 1233:   * @since C++11
        -: 1234:   */
        -: 1235:  template<typename _RandomNumberEngine, size_t __w, typename _UIntType>
        -: 1236:    class independent_bits_engine
        -: 1237:    {
        -: 1238:      static_assert(std::is_unsigned<_UIntType>::value,
        -: 1239:		    "result_type must be an unsigned integral type");
        -: 1240:      static_assert(0u < __w && __w <= std::numeric_limits<_UIntType>::digits,
        -: 1241:		    "template argument substituting __w out of bounds");
        -: 1242:
        -: 1243:      template<typename _Sseq>
        -: 1244:	using _If_seed_seq
        -: 1245:	  = __detail::_If_seed_seq_for<_Sseq, independent_bits_engine,
        -: 1246:				       _UIntType>;
        -: 1247:
        -: 1248:    public:
        -: 1249:      /** The type of the generated random value. */
        -: 1250:      typedef _UIntType result_type;
        -: 1251:
        -: 1252:      /**
        -: 1253:       * @brief Constructs a default %independent_bits_engine engine.
        -: 1254:       *
        -: 1255:       * The underlying engine is default constructed as well.
        -: 1256:       */
        -: 1257:      independent_bits_engine()
        -: 1258:      : _M_b() { }
        -: 1259:
        -: 1260:      /**
        -: 1261:       * @brief Copy constructs a %independent_bits_engine engine.
        -: 1262:       *
        -: 1263:       * Copies an existing base class random number generator.
        -: 1264:       * @param __rng An existing (base class) engine object.
        -: 1265:       */
        -: 1266:      explicit
        -: 1267:      independent_bits_engine(const _RandomNumberEngine& __rng)
        -: 1268:      : _M_b(__rng) { }
        -: 1269:
        -: 1270:      /**
        -: 1271:       * @brief Move constructs a %independent_bits_engine engine.
        -: 1272:       *
        -: 1273:       * Copies an existing base class random number generator.
        -: 1274:       * @param __rng An existing (base class) engine object.
        -: 1275:       */
        -: 1276:      explicit
        -: 1277:      independent_bits_engine(_RandomNumberEngine&& __rng)
        -: 1278:      : _M_b(std::move(__rng)) { }
        -: 1279:
        -: 1280:      /**
        -: 1281:       * @brief Seed constructs a %independent_bits_engine engine.
        -: 1282:       *
        -: 1283:       * Constructs the underlying generator engine seeded with @p __s.
        -: 1284:       * @param __s A seed value for the base class engine.
        -: 1285:       */
        -: 1286:      explicit
        -: 1287:      independent_bits_engine(result_type __s)
        -: 1288:      : _M_b(__s) { }
        -: 1289:
        -: 1290:      /**
        -: 1291:       * @brief Generator construct a %independent_bits_engine engine.
        -: 1292:       *
        -: 1293:       * @param __q A seed sequence.
        -: 1294:       */
        -: 1295:      template<typename _Sseq, typename = _If_seed_seq<_Sseq>>
        -: 1296:        explicit
        -: 1297:        independent_bits_engine(_Sseq& __q)
        -: 1298:        : _M_b(__q)
        -: 1299:        { }
        -: 1300:
        -: 1301:      /**
        -: 1302:       * @brief Reseeds the %independent_bits_engine object with the default
        -: 1303:       *        seed for the underlying base class generator engine.
        -: 1304:       */
        -: 1305:      void
        -: 1306:      seed()
        -: 1307:      { _M_b.seed(); }
        -: 1308:
        -: 1309:      /**
        -: 1310:       * @brief Reseeds the %independent_bits_engine object with the default
        -: 1311:       *        seed for the underlying base class generator engine.
        -: 1312:       */
        -: 1313:      void
        -: 1314:      seed(result_type __s)
        -: 1315:      { _M_b.seed(__s); }
        -: 1316:
        -: 1317:      /**
        -: 1318:       * @brief Reseeds the %independent_bits_engine object with the given
        -: 1319:       *        seed sequence.
        -: 1320:       * @param __q A seed generator function.
        -: 1321:       */
        -: 1322:      template<typename _Sseq>
        -: 1323:        _If_seed_seq<_Sseq>
        -: 1324:        seed(_Sseq& __q)
        -: 1325:        { _M_b.seed(__q); }
        -: 1326:
        -: 1327:      /**
        -: 1328:       * @brief Gets a const reference to the underlying generator engine
        -: 1329:       *        object.
        -: 1330:       */
        -: 1331:      const _RandomNumberEngine&
        -: 1332:      base() const noexcept
        -: 1333:      { return _M_b; }
        -: 1334:
        -: 1335:      /**
        -: 1336:       * @brief Gets the minimum value in the generated random number range.
        -: 1337:       */
        -: 1338:      static constexpr result_type
        -: 1339:      min()
        -: 1340:      { return 0U; }
        -: 1341:
        -: 1342:      /**
        -: 1343:       * @brief Gets the maximum value in the generated random number range.
        -: 1344:       */
        -: 1345:      static constexpr result_type
        -: 1346:      max()
        -: 1347:      { return __detail::_Shift<_UIntType, __w>::__value - 1; }
        -: 1348:
        -: 1349:      /**
        -: 1350:       * @brief Discard a sequence of random numbers.
        -: 1351:       */
        -: 1352:      void
        -: 1353:      discard(unsigned long long __z)
        -: 1354:      {
        -: 1355:	for (; __z != 0ULL; --__z)
        -: 1356:	  (*this)();
        -: 1357:      }
        -: 1358:
        -: 1359:      /**
        -: 1360:       * @brief Gets the next value in the generated random number sequence.
        -: 1361:       */
        -: 1362:      result_type
        -: 1363:      operator()();
        -: 1364:
        -: 1365:      /**
        -: 1366:       * @brief Compares two %independent_bits_engine random number generator
        -: 1367:       * objects of the same type for equality.
        -: 1368:       *
        -: 1369:       * @param __lhs A %independent_bits_engine random number generator
        -: 1370:       *              object.
        -: 1371:       * @param __rhs Another %independent_bits_engine random number generator
        -: 1372:       *              object.
        -: 1373:       *
        -: 1374:       * @returns true if the infinite sequences of generated values
        -: 1375:       *          would be equal, false otherwise.
        -: 1376:       */
        -: 1377:      friend bool
        -: 1378:      operator==(const independent_bits_engine& __lhs,
        -: 1379:		 const independent_bits_engine& __rhs)
        -: 1380:      { return __lhs._M_b == __rhs._M_b; }
        -: 1381:
        -: 1382:      /**
        -: 1383:       * @brief Extracts the current state of a % subtract_with_carry_engine
        -: 1384:       *        random number generator engine @p __x from the input stream
        -: 1385:       *        @p __is.
        -: 1386:       *
        -: 1387:       * @param __is An input stream.
        -: 1388:       * @param __x  A %independent_bits_engine random number generator
        -: 1389:       *             engine.
        -: 1390:       *
        -: 1391:       * @returns The input stream with the state of @p __x extracted or in
        -: 1392:       *          an error state.
        -: 1393:       */
        -: 1394:      template<typename _CharT, typename _Traits>
        -: 1395:	friend std::basic_istream<_CharT, _Traits>&
        -: 1396:	operator>>(std::basic_istream<_CharT, _Traits>& __is,
        -: 1397:		   std::independent_bits_engine<_RandomNumberEngine,
        -: 1398:		   __w, _UIntType>& __x)
        -: 1399:	{
        -: 1400:	  __is >> __x._M_b;
        -: 1401:	  return __is;
        -: 1402:	}
        -: 1403:
        -: 1404:    private:
        -: 1405:      _RandomNumberEngine _M_b;
        -: 1406:    };
        -: 1407:
        -: 1408:#if __cpp_impl_three_way_comparison < 201907L
        -: 1409:  /**
        -: 1410:   * @brief Compares two %independent_bits_engine random number generator
        -: 1411:   * objects of the same type for inequality.
        -: 1412:   *
        -: 1413:   * @param __lhs A %independent_bits_engine random number generator
        -: 1414:   *              object.
        -: 1415:   * @param __rhs Another %independent_bits_engine random number generator
        -: 1416:   *              object.
        -: 1417:   *
        -: 1418:   * @returns true if the infinite sequences of generated values
        -: 1419:   *          would be different, false otherwise.
        -: 1420:   */
        -: 1421:  template<typename _RandomNumberEngine, size_t __w, typename _UIntType>
        -: 1422:    inline bool
        -: 1423:    operator!=(const std::independent_bits_engine<_RandomNumberEngine, __w,
        -: 1424:	       _UIntType>& __lhs,
        -: 1425:	       const std::independent_bits_engine<_RandomNumberEngine, __w,
        -: 1426:	       _UIntType>& __rhs)
        -: 1427:    { return !(__lhs == __rhs); }
        -: 1428:#endif
        -: 1429:
        -: 1430:  /**
        -: 1431:   * @brief Inserts the current state of a %independent_bits_engine random
        -: 1432:   *        number generator engine @p __x into the output stream @p __os.
        -: 1433:   *
        -: 1434:   * @param __os An output stream.
        -: 1435:   * @param __x  A %independent_bits_engine random number generator engine.
        -: 1436:   *
        -: 1437:   * @returns The output stream with the state of @p __x inserted or in
        -: 1438:   *          an error state.
        -: 1439:   */
        -: 1440:  template<typename _RandomNumberEngine, size_t __w, typename _UIntType,
        -: 1441:	   typename _CharT, typename _Traits>
        -: 1442:    std::basic_ostream<_CharT, _Traits>&
        -: 1443:    operator<<(std::basic_ostream<_CharT, _Traits>& __os,
        -: 1444:	       const std::independent_bits_engine<_RandomNumberEngine,
        -: 1445:	       __w, _UIntType>& __x)
        -: 1446:    {
        -: 1447:      __os << __x.base();
        -: 1448:      return __os;
        -: 1449:    }
        -: 1450:
        -: 1451:
        -: 1452:  /**
        -: 1453:   * @brief Produces random numbers by reordering random numbers from some
        -: 1454:   * base engine.
        -: 1455:   *
        -: 1456:   * The values from the base engine are stored in a sequence of size @p __k
        -: 1457:   * and shuffled by an algorithm that depends on those values.
        -: 1458:   *
        -: 1459:   * @headerfile random
        -: 1460:   * @since C++11
        -: 1461:   */
        -: 1462:  template<typename _RandomNumberEngine, size_t __k>
        -: 1463:    class shuffle_order_engine
        -: 1464:    {
        -: 1465:      static_assert(1u <= __k, "template argument substituting "
        -: 1466:		    "__k out of bound");
        -: 1467:
        -: 1468:    public:
        -: 1469:      /** The type of the generated random value. */
        -: 1470:      typedef typename _RandomNumberEngine::result_type result_type;
        -: 1471:
        -: 1472:      template<typename _Sseq>
        -: 1473:	using _If_seed_seq
        -: 1474:	  = __detail::_If_seed_seq_for<_Sseq, shuffle_order_engine,
        -: 1475:				       result_type>;
        -: 1476:
        -: 1477:      static constexpr size_t table_size = __k;
        -: 1478:
        -: 1479:      /**
        -: 1480:       * @brief Constructs a default %shuffle_order_engine engine.
        -: 1481:       *
        -: 1482:       * The underlying engine is default constructed as well.
        -: 1483:       */
        -: 1484:      shuffle_order_engine()
        -: 1485:      : _M_b()
        -: 1486:      { _M_initialize(); }
        -: 1487:
        -: 1488:      /**
        -: 1489:       * @brief Copy constructs a %shuffle_order_engine engine.
        -: 1490:       *
        -: 1491:       * Copies an existing base class random number generator.
        -: 1492:       * @param __rng An existing (base class) engine object.
        -: 1493:       */
        -: 1494:      explicit
        -: 1495:      shuffle_order_engine(const _RandomNumberEngine& __rng)
        -: 1496:      : _M_b(__rng)
        -: 1497:      { _M_initialize(); }
        -: 1498:
        -: 1499:      /**
        -: 1500:       * @brief Move constructs a %shuffle_order_engine engine.
        -: 1501:       *
        -: 1502:       * Copies an existing base class random number generator.
        -: 1503:       * @param __rng An existing (base class) engine object.
        -: 1504:       */
        -: 1505:      explicit
        -: 1506:      shuffle_order_engine(_RandomNumberEngine&& __rng)
        -: 1507:      : _M_b(std::move(__rng))
        -: 1508:      { _M_initialize(); }
        -: 1509:
        -: 1510:      /**
        -: 1511:       * @brief Seed constructs a %shuffle_order_engine engine.
        -: 1512:       *
        -: 1513:       * Constructs the underlying generator engine seeded with @p __s.
        -: 1514:       * @param __s A seed value for the base class engine.
        -: 1515:       */
        -: 1516:      explicit
        -: 1517:      shuffle_order_engine(result_type __s)
        -: 1518:      : _M_b(__s)
        -: 1519:      { _M_initialize(); }
        -: 1520:
        -: 1521:      /**
        -: 1522:       * @brief Generator construct a %shuffle_order_engine engine.
        -: 1523:       *
        -: 1524:       * @param __q A seed sequence.
        -: 1525:       */
        -: 1526:      template<typename _Sseq, typename = _If_seed_seq<_Sseq>>
        -: 1527:        explicit
        -: 1528:        shuffle_order_engine(_Sseq& __q)
        -: 1529:        : _M_b(__q)
        -: 1530:        { _M_initialize(); }
        -: 1531:
        -: 1532:      /**
        -: 1533:       * @brief Reseeds the %shuffle_order_engine object with the default seed
        -: 1534:                for the underlying base class generator engine.
        -: 1535:       */
        -: 1536:      void
        -: 1537:      seed()
        -: 1538:      {
        -: 1539:	_M_b.seed();
        -: 1540:	_M_initialize();
        -: 1541:      }
        -: 1542:
        -: 1543:      /**
        -: 1544:       * @brief Reseeds the %shuffle_order_engine object with the default seed
        -: 1545:       *        for the underlying base class generator engine.
        -: 1546:       */
        -: 1547:      void
        -: 1548:      seed(result_type __s)
        -: 1549:      {
        -: 1550:	_M_b.seed(__s);
        -: 1551:	_M_initialize();
        -: 1552:      }
        -: 1553:
        -: 1554:      /**
        -: 1555:       * @brief Reseeds the %shuffle_order_engine object with the given seed
        -: 1556:       *        sequence.
        -: 1557:       * @param __q A seed generator function.
        -: 1558:       */
        -: 1559:      template<typename _Sseq>
        -: 1560:        _If_seed_seq<_Sseq>
        -: 1561:        seed(_Sseq& __q)
        -: 1562:        {
        -: 1563:	  _M_b.seed(__q);
        -: 1564:	  _M_initialize();
        -: 1565:	}
        -: 1566:
        -: 1567:      /**
        -: 1568:       * Gets a const reference to the underlying generator engine object.
        -: 1569:       */
        -: 1570:      const _RandomNumberEngine&
        -: 1571:      base() const noexcept
        -: 1572:      { return _M_b; }
        -: 1573:
        -: 1574:      /**
        -: 1575:       * Gets the minimum value in the generated random number range.
        -: 1576:       */
        -: 1577:      static constexpr result_type
        -: 1578:      min()
        -: 1579:      { return _RandomNumberEngine::min(); }
        -: 1580:
        -: 1581:      /**
        -: 1582:       * Gets the maximum value in the generated random number range.
        -: 1583:       */
        -: 1584:      static constexpr result_type
        -: 1585:      max()
        -: 1586:      { return _RandomNumberEngine::max(); }
        -: 1587:
        -: 1588:      /**
        -: 1589:       * Discard a sequence of random numbers.
        -: 1590:       */
        -: 1591:      void
        -: 1592:      discard(unsigned long long __z)
        -: 1593:      {
        -: 1594:	for (; __z != 0ULL; --__z)
        -: 1595:	  (*this)();
        -: 1596:      }
        -: 1597:
        -: 1598:      /**
        -: 1599:       * Gets the next value in the generated random number sequence.
        -: 1600:       */
        -: 1601:      result_type
        -: 1602:      operator()();
        -: 1603:
        -: 1604:      /**
        -: 1605:       * Compares two %shuffle_order_engine random number generator objects
        -: 1606:       * of the same type for equality.
        -: 1607:       *
        -: 1608:       * @param __lhs A %shuffle_order_engine random number generator object.
        -: 1609:       * @param __rhs Another %shuffle_order_engine random number generator
        -: 1610:       *              object.
        -: 1611:       *
        -: 1612:       * @returns true if the infinite sequences of generated values
        -: 1613:       *          would be equal, false otherwise.
        -: 1614:      */
        -: 1615:      friend bool
        -: 1616:      operator==(const shuffle_order_engine& __lhs,
        -: 1617:		 const shuffle_order_engine& __rhs)
        -: 1618:      { return (__lhs._M_b == __rhs._M_b
        -: 1619:		&& std::equal(__lhs._M_v, __lhs._M_v + __k, __rhs._M_v)
        -: 1620:		&& __lhs._M_y == __rhs._M_y); }
        -: 1621:
        -: 1622:      /**
        -: 1623:       * @brief Inserts the current state of a %shuffle_order_engine random
        -: 1624:       *        number generator engine @p __x into the output stream
        -: 1625:	@p __os.
        -: 1626:       *
        -: 1627:       * @param __os An output stream.
        -: 1628:       * @param __x  A %shuffle_order_engine random number generator engine.
        -: 1629:       *
[...]
        -: 5960:      }
        -: 5961:
        -: 5962:      /**
        -: 5963:       * @brief Generating functions.
        -: 5964:       */
        -: 5965:      template<typename _UniformRandomNumberGenerator>
        -: 5966:	result_type
        -: 5967:	operator()(_UniformRandomNumberGenerator& __urng)
        -: 5968:	{ return this->operator()(__urng, _M_param); }
        -: 5969:
        -: 5970:      template<typename _UniformRandomNumberGenerator>
        -: 5971:	result_type
        -: 5972:	operator()(_UniformRandomNumberGenerator& __urng,
        -: 5973:		   const param_type& __p);
        -: 5974:
        -: 5975:      template<typename _ForwardIterator,
        -: 5976:	       typename _UniformRandomNumberGenerator>
        -: 5977:	void
        -: 5978:	__generate(_ForwardIterator __f, _ForwardIterator __t,
        -: 5979:		   _UniformRandomNumberGenerator& __urng)
        -: 5980:	{ this->__generate(__f, __t, __urng, _M_param); }
        -: 5981:
        -: 5982:      template<typename _ForwardIterator,
        -: 5983:	       typename _UniformRandomNumberGenerator>
        -: 5984:	void
        -: 5985:	__generate(_ForwardIterator __f, _ForwardIterator __t,
        -: 5986:		   _UniformRandomNumberGenerator& __urng,
        -: 5987:		   const param_type& __p)
        -: 5988:	{ this->__generate_impl(__f, __t, __urng, __p); }
        -: 5989:
        -: 5990:      template<typename _UniformRandomNumberGenerator>
        -: 5991:	void
        -: 5992:	__generate(result_type* __f, result_type* __t,
        -: 5993:		   _UniformRandomNumberGenerator& __urng,
        -: 5994:		   const param_type& __p)
        -: 5995:	{ this->__generate_impl(__f, __t, __urng, __p); }
        -: 5996:
        -: 5997:      /**
        -: 5998:       * @brief Return true if two piecewise constant distributions have the
        -: 5999:       *        same parameters.
        -: 6000:       */
        -: 6001:      friend bool
        -: 6002:      operator==(const piecewise_constant_distribution& __d1,
        -: 6003:		 const piecewise_constant_distribution& __d2)
        -: 6004:      { return __d1._M_param == __d2._M_param; }
        -: 6005:
        -: 6006:      /**
        -: 6007:       * @brief Inserts a %piecewise_constant_distribution random
        -: 6008:       *        number distribution @p __x into the output stream @p __os.
        -: 6009:       *
        -: 6010:       * @param __os An output stream.
        -: 6011:       * @param __x  A %piecewise_constant_distribution random number
        -: 6012:       *             distribution.
        -: 6013:       *
        -: 6014:       * @returns The output stream with the state of @p __x inserted or in
        -: 6015:       * an error state.
        -: 6016:       */
        -: 6017:      template<typename _RealType1, typename _CharT, typename _Traits>
        -: 6018:	friend std::basic_ostream<_CharT, _Traits>&
        -: 6019:	operator<<(std::basic_ostream<_CharT, _Traits>& __os,
        -: 6020:		   const std::piecewise_constant_distribution<_RealType1>& __x);
        -: 6021:
        -: 6022:      /**
        -: 6023:       * @brief Extracts a %piecewise_constant_distribution random
        -: 6024:       *        number distribution @p __x from the input stream @p __is.
        -: 6025:       *
        -: 6026:       * @param __is An input stream.
        -: 6027:       * @param __x A %piecewise_constant_distribution random number
        -: 6028:       *            generator engine.
        -: 6029:       *
        -: 6030:       * @returns The input stream with @p __x extracted or in an error
        -: 6031:       *          state.
        -: 6032:       */
        -: 6033:      template<typename _RealType1, typename _CharT, typename _Traits>
        -: 6034:	friend std::basic_istream<_CharT, _Traits>&
        -: 6035:	operator>>(std::basic_istream<_CharT, _Traits>& __is,
        -: 6036:		   std::piecewise_constant_distribution<_RealType1>& __x);
        -: 6037:
        -: 6038:    private:
        -: 6039:      template<typename _ForwardIterator,
        -: 6040:	       typename _UniformRandomNumberGenerator>
        -: 6041:	void
        -: 6042:	__generate_impl(_ForwardIterator __f, _ForwardIterator __t,
        -: 6043:			_UniformRandomNumberGenerator& __urng,
        -: 6044:			const param_type& __p);
        -: 6045:
        -: 6046:      param_type _M_param;
        -: 6047:    };
        -: 6048:
        -: 6049:#if __cpp_impl_three_way_comparison < 201907L
        -: 6050:  /**
        -: 6051:    * @brief Return true if two piecewise constant distributions have 
        -: 6052:    *        different parameters.
        -: 6053:   */
        -: 6054:  template<typename _RealType>
        -: 6055:    inline bool
        -: 6056:    operator!=(const std::piecewise_constant_distribution<_RealType>& __d1,
        -: 6057:	       const std::piecewise_constant_distribution<_RealType>& __d2)
        -: 6058:    { return !(__d1 == __d2); }
        -: 6059:#endif
        -: 6060:
        -: 6061:  /**
        -: 6062:   * @brief A piecewise_linear_distribution random number distribution.
        -: 6063:   *
        -: 6064:   * This distribution produces random numbers @f$ x, b_0 \leq x < b_n @f$,
        -: 6065:   * distributed over each subinterval @f$ [b_i, b_{i+1}) @f$
        -: 6066:   * according to the probability mass function
        -: 6067:   * @f$ p(x | b_0, ..., b_n, \rho_0, ..., \rho_n) = \rho_i @f$,
        -: 6068:   * for @f$ b_i \leq x < b_{i+1} @f$.
        -: 6069:   *
        -: 6070:   * @headerfile random
        -: 6071:   * @since C++11
        -: 6072:   */
        -: 6073:  template<typename _RealType = double>
        -: 6074:    class piecewise_linear_distribution
        -: 6075:    {
        -: 6076:      static_assert(std::is_floating_point<_RealType>::value,
        -: 6077:		    "result_type must be a floating point type");
        -: 6078:
        -: 6079:    public:
        -: 6080:      /** The type of the range of the distribution. */
        -: 6081:      typedef _RealType result_type;
        -: 6082:
        -: 6083:      /** Parameter type. */
        -: 6084:      struct param_type
        -: 6085:      {
        -: 6086:	typedef piecewise_linear_distribution<_RealType> distribution_type;
        -: 6087:	friend class piecewise_linear_distribution<_RealType>;
        -: 6088:
        -: 6089:	param_type()
        -: 6090:	: _M_int(), _M_den(), _M_cp(), _M_m()
        -: 6091:	{ }
        -: 6092:
        -: 6093:	template<typename _InputIteratorB, typename _InputIteratorW>
        -: 6094:	  param_type(_InputIteratorB __bfirst,
        -: 6095:		     _InputIteratorB __bend,
        -: 6096:		     _InputIteratorW __wbegin);
        -: 6097:
        -: 6098:	template<typename _Func>
        -: 6099:	  param_type(initializer_list<_RealType> __bl, _Func __fw);
        -: 6100:
        -: 6101:	template<typename _Func>
        -: 6102:	  param_type(size_t __nw, _RealType __xmin, _RealType __xmax,
        -: 6103:		     _Func __fw);
        -: 6104:
        -: 6105:	// See: http://cpp-next.com/archive/2010/10/implicit-move-must-go/
        -: 6106:	param_type(const param_type&) = default;
        -: 6107:	param_type& operator=(const param_type&) = default;
        -: 6108:
        -: 6109:	std::vector<_RealType>
        -: 6110:	intervals() const
        -: 6111:	{
        -: 6112:	  if (_M_int.empty())
        -: 6113:	    {
        -: 6114:	      std::vector<_RealType> __tmp(2);
        -: 6115:	      __tmp[1] = _RealType(1);
        -: 6116:	      return __tmp;
        -: 6117:	    }
        -: 6118:	  else
        -: 6119:	    return _M_int;
        -: 6120:	}
        -: 6121:
        -: 6122:	std::vector<double>
        -: 6123:	densities() const
        -: 6124:	{ return _M_den.empty() ? std::vector<double>(2, 1.0) : _M_den; }
        -: 6125:
        -: 6126:	friend bool
        -: 6127:	operator==(const param_type& __p1, const param_type& __p2)
        -: 6128:	{ return __p1._M_int == __p2._M_int && __p1._M_den == __p2._M_den; }
        -: 6129:
        -: 6130:#if __cpp_impl_three_way_comparison < 201907L
        -: 6131:	friend bool
        -: 6132:	operator!=(const param_type& __p1, const param_type& __p2)
        -: 6133:	{ return !(__p1 == __p2); }
        -: 6134:#endif
        -: 6135:
        -: 6136:      private:
        -: 6137:	void
        -: 6138:	_M_initialize();
        -: 6139:
        -: 6140:	std::vector<_RealType> _M_int;
        -: 6141:	std::vector<double> _M_den;
        -: 6142:	std::vector<double> _M_cp;
        -: 6143:	std::vector<double> _M_m;
        -: 6144:      };
        -: 6145:
        -: 6146:      piecewise_linear_distribution()
        -: 6147:      : _M_param()
        -: 6148:      { }
        -: 6149:
        -: 6150:      template<typename _InputIteratorB, typename _InputIteratorW>
        -: 6151:	piecewise_linear_distribution(_InputIteratorB __bfirst,
        -: 6152:				      _InputIteratorB __bend,
        -: 6153:				      _InputIteratorW __wbegin)
        -: 6154:	: _M_param(__bfirst, __bend, __wbegin)
        -: 6155:	{ }
        -: 6156:
        -: 6157:      template<typename _Func>
        -: 6158:	piecewise_linear_distribution(initializer_list<_RealType> __bl,
        -: 6159:				      _Func __fw)
        -: 6160:	: _M_param(__bl, __fw)
        -: 6161:	{ }
        -: 6162:
        -: 6163:      template<typename _Func>
        -: 6164:	piecewise_linear_distribution(size_t __nw,
        -: 6165:				      _RealType __xmin, _RealType __xmax,
        -: 6166:				      _Func __fw)
        -: 6167:	: _M_param(__nw, __xmin, __xmax, __fw)
        -: 6168:	{ }
        -: 6169:
        -: 6170:      explicit
        -: 6171:      piecewise_linear_distribution(const param_type& __p)
        -: 6172:      : _M_param(__p)
        -: 6173:      { }
        -: 6174:
        -: 6175:      /**
        -: 6176:       * Resets the distribution state.
        -: 6177:       */
        -: 6178:      void
        -: 6179:      reset()
        -: 6180:      { }
        -: 6181:
        -: 6182:      /**
        -: 6183:       * @brief Return the intervals of the distribution.
        -: 6184:       */
        -: 6185:      std::vector<_RealType>
        -: 6186:      intervals() const
        -: 6187:      {
        -: 6188:	if (_M_param._M_int.empty())
        -: 6189:	  {
        -: 6190:	    std::vector<_RealType> __tmp(2);
        -: 6191:	    __tmp[1] = _RealType(1);
        -: 6192:	    return __tmp;
        -: 6193:	  }
        -: 6194:	else
        -: 6195:	  return _M_param._M_int;
        -: 6196:      }
        -: 6197:
        -: 6198:      /**
        -: 6199:       * @brief Return a vector of the probability densities of the
        -: 6200:       *        distribution.
        -: 6201:       */
        -: 6202:      std::vector<double>
        -: 6203:      densities() const
        -: 6204:      {
        -: 6205:	return _M_param._M_den.empty()
        -: 6206:	  ? std::vector<double>(2, 1.0) : _M_param._M_den;
        -: 6207:      }
        -: 6208:
        -: 6209:      /**
        -: 6210:       * @brief Returns the parameter set of the distribution.
        -: 6211:       */
        -: 6212:      param_type
        -: 6213:      param() const
        -: 6214:      { return _M_param; }
        -: 6215:
        -: 6216:      /**
        -: 6217:       * @brief Sets the parameter set of the distribution.
        -: 6218:       * @param __param The new parameter set of the distribution.
        -: 6219:       */
        -: 6220:      void
        -: 6221:      param(const param_type& __param)
        -: 6222:      { _M_param = __param; }
        -: 6223:
        -: 6224:      /**
        -: 6225:       * @brief Returns the greatest lower bound value of the distribution.
        -: 6226:       */
        -: 6227:      result_type
        -: 6228:      min() const
        -: 6229:      {
        -: 6230:	return _M_param._M_int.empty()
        -: 6231:	  ? result_type(0) : _M_param._M_int.front();
        -: 6232:      }
        -: 6233:
        -: 6234:      /**
        -: 6235:       * @brief Returns the least upper bound value of the distribution.
        -: 6236:       */
        -: 6237:      result_type
        -: 6238:      max() const
        -: 6239:      {
        -: 6240:	return _M_param._M_int.empty()
        -: 6241:	  ? result_type(1) : _M_param._M_int.back();
        -: 6242:      }
        -: 6243:
        -: 6244:      /**
        -: 6245:       * @brief Generating functions.
        -: 6246:       */
        -: 6247:      template<typename _UniformRandomNumberGenerator>
        -: 6248:	result_type
        -: 6249:	operator()(_UniformRandomNumberGenerator& __urng)
        -: 6250:	{ return this->operator()(__urng, _M_param); }
        -: 6251:
        -: 6252:      template<typename _UniformRandomNumberGenerator>
        -: 6253:	result_type
        -: 6254:	operator()(_UniformRandomNumberGenerator& __urng,
        -: 6255:		   const param_type& __p);
        -: 6256:
        -: 6257:      template<typename _ForwardIterator,
        -: 6258:	       typename _UniformRandomNumberGenerator>
        -: 6259:	void
        -: 6260:	__generate(_ForwardIterator __f, _ForwardIterator __t,
        -: 6261:		   _UniformRandomNumberGenerator& __urng)
        -: 6262:	{ this->__generate(__f, __t, __urng, _M_param); }
        -: 6263:
        -: 6264:      template<typename _ForwardIterator,
        -: 6265:	       typename _UniformRandomNumberGenerator>
        -: 6266:	void
        -: 6267:	__generate(_ForwardIterator __f, _ForwardIterator __t,
        -: 6268:		   _UniformRandomNumberGenerator& __urng,
        -: 6269:		   const param_type& __p)
        -: 6270:	{ this->__generate_impl(__f, __t, __urng, __p); }
        -: 6271:
        -: 6272:      template<typename _UniformRandomNumberGenerator>
        -: 6273:	void
        -: 6274:	__generate(result_type* __f, result_type* __t,
        -: 6275:		   _UniformRandomNumberGenerator& __urng,
        -: 6276:		   const param_type& __p)
        -: 6277:	{ this->__generate_impl(__f, __t, __urng, __p); }
        -: 6278:
        -: 6279:      /**
        -: 6280:       * @brief Return true if two piecewise linear distributions have the
        -: 6281:       *        same parameters.
        -: 6282:       */
        -: 6283:      friend bool
        -: 6284:      operator==(const piecewise_linear_distribution& __d1,
        -: 6285:		 const piecewise_linear_distribution& __d2)
        -: 6286:      { return __d1._M_param == __d2._M_param; }
        -: 6287:
        -: 6288:      /**
        -: 6289:       * @brief Inserts a %piecewise_linear_distribution random number
        -: 6290:       *        distribution @p __x into the output stream @p __os.
        -: 6291:       *
        -: 6292:       * @param __os An output stream.
        -: 6293:       * @param __x  A %piecewise_linear_distribution random number
        -: 6294:       *             distribution.
        -: 6295:       *
        -: 6296:       * @returns The output stream with the state of @p __x inserted or in
        -: 6297:       *          an error state.
        -: 6298:       */
        -: 6299:      template<typename _RealType1, typename _CharT, typename _Traits>
        -: 6300:	friend std::basic_ostream<_CharT, _Traits>&
        -: 6301:	operator<<(std::basic_ostream<_CharT, _Traits>& __os,
        -: 6302:		   const std::piecewise_linear_distribution<_RealType1>& __x);
        -: 6303:
        -: 6304:      /**
        -: 6305:       * @brief Extracts a %piecewise_linear_distribution random number
        -: 6306:       *        distribution @p __x from the input stream @p __is.
        -: 6307:       *
        -: 6308:       * @param __is An input stream.
        -: 6309:       * @param __x  A %piecewise_linear_distribution random number
        -: 6310:       *             generator engine.
        -: 6311:       *
        -: 6312:       * @returns The input stream with @p __x extracted or in an error
        -: 6313:       *          state.
        -: 6314:       */
        -: 6315:      template<typename _RealType1, typename _CharT, typename _Traits>
        -: 6316:	friend std::basic_istream<_CharT, _Traits>&
        -: 6317:	operator>>(std::basic_istream<_CharT, _Traits>& __is,
        -: 6318:		   std::piecewise_linear_distribution<_RealType1>& __x);
        -: 6319:
        -: 6320:    private:
        -: 6321:      template<typename _ForwardIterator,
        -: 6322:	       typename _UniformRandomNumberGenerator>
        -: 6323:	void
        -: 6324:	__generate_impl(_ForwardIterator __f, _ForwardIterator __t,
        -: 6325:			_UniformRandomNumberGenerator& __urng,
        -: 6326:			const param_type& __p);
        -: 6327:
        -: 6328:      param_type _M_param;
        -: 6329:    };
        -: 6330:
        -: 6331:#if __cpp_impl_three_way_comparison < 201907L
        -: 6332:  /**
        -: 6333:    * @brief Return true if two piecewise linear distributions have
        -: 6334:    *        different parameters.
        -: 6335:   */
        -: 6336:  template<typename _RealType>
        -: 6337:    inline bool
        -: 6338:    operator!=(const std::piecewise_linear_distribution<_RealType>& __d1,
        -: 6339:	       const std::piecewise_linear_distribution<_RealType>& __d2)
        -: 6340:    { return !(__d1 == __d2); }
        -: 6341:#endif
        -: 6342:
        -: 6343:  /// @} group random_distributions_sampling
        -: 6344:
        -: 6345:  /// @} *group random_distributions
        -: 6346:
        -: 6347:  /**
        -: 6348:   * @addtogroup random_utilities Random Number Utilities
        -: 6349:   * @ingroup random
        -: 6350:   * @{
        -: 6351:   */
        -: 6352:
        -: 6353:  /**
        -: 6354:   * @brief The seed_seq class generates sequences of seeds for random
        -: 6355:   *        number generators.
        -: 6356:   *
        -: 6357:   * @headerfile random
        -: 6358:   * @since C++11
        -: 6359:   */
        -: 6360:  class seed_seq
        -: 6361:  {
        -: 6362:  public:
        -: 6363:    /** The type of the seed vales. */
        -: 6364:    typedef uint_least32_t result_type;
        -: 6365:
        -: 6366:    /** Default constructor. */
        -: 6367:    seed_seq() noexcept
        -: 6368:    : _M_v()
        -: 6369:    { }
        -: 6370:
        -: 6371:    template<typename _IntType, typename = _Require<is_integral<_IntType>>>
        -: 6372:      seed_seq(std::initializer_list<_IntType> __il);
        -: 6373:
        -: 6374:    template<typename _InputIterator>
        -: 6375:      seed_seq(_InputIterator __begin, _InputIterator __end);
        -: 6376:
        -: 6377:    // generating functions
        -: 6378:    template<typename _RandomAccessIterator>
        -: 6379:      void
        -: 6380:      generate(_RandomAccessIterator __begin, _RandomAccessIterator __end);
        -: 6381:
        -: 6382:    // property functions
        -: 6383:    size_t size() const noexcept
        -: 6384:    { return _M_v.size(); }
        -: 6385:
        -: 6386:    template<typename _OutputIterator>
        -: 6387:      void
        -: 6388:      param(_OutputIterator __dest) const
        -: 6389:      { std::copy(_M_v.begin(), _M_v.end(), __dest); }
        -: 6390:
        -: 6391:    // no copy functions
        -: 6392:    seed_seq(const seed_seq&) = delete;
        -: 6393:    seed_seq& operator=(const seed_seq&) = delete;
        -: 6394:
        -: 6395:  private:
        -: 6396:    std::vector<result_type> _M_v;
        -: 6397:  };
        -: 6398:
        -: 6399:  /// @} group random_utilities
        -: 6400:
        -: 6401:  /// @} group random
        -: 6402:
        -: 6403:_GLIBCXX_END_NAMESPACE_VERSION
        -: 6404:} // namespace std
        -: 6405:
        -: 6406:#endif
